13:48:59.375 [JavaFX Application Thread] DEBUG GameApplication      - Logger initialized
13:48:59.591 [JavaFX Application Thread] DEBUG GameApplication      - Starting FXGL
13:48:59.591 [JavaFX Application Thread] INFO  Version              - FXGL-0.4.0
13:48:59.592 [JavaFX Application Thread] INFO  Version              - Source code and latest versions at: https://github.com/AlmasB/FXGL
13:48:59.592 [JavaFX Application Thread] INFO  Version              -              Join the FXGL chat at: https://gitter.im/AlmasB/FXGL
13:48:59.647 [FXGL Launcher Thread     ] DEBUG FXGL                 - Loading FXGL system data
13:48:59.651 [FXGL Launcher Thread     ] DEBUG IOTask               - Executing task: readDataTask(system/fxgl.bundle)
13:48:59.656 [FXGL Launcher Thread     ] DEBUG FS                   - Reading from: system\fxgl.bundle
13:48:59.664 [FXGL Launcher Thread     ] DEBUG IOTask               - Task succeeded: readDataTask(system/fxgl.bundle)
13:48:59.664 [FXGL Launcher Thread     ] DEBUG Bundle               - Logging bundle: FXGL
13:48:59.664 [FXGL Launcher Thread     ] DEBUG Bundle               - FXGL.offline.timer.version.check=2018-01-30T12:29:41.871
13:48:59.665 [FXGL Launcher Thread     ] DEBUG GameApplication      - FXGL configuration complete
13:48:59.666 [FXGL Launcher Thread     ] INFO  GameApplication      - FXGL configuration took:  0,048 sec
13:48:59.666 [FXGL Launcher Thread     ] DEBUG GameApplication      - Logging game settings
Title: SwimmingMan
Version: 2.0
Width: 800
Height: 600
Fullscreen: false
Intro: false
Menus: true
Profiling: false
Single step:false
App Mode: DEVELOPER
Menu Key: ESCAPE
Stage Style: DECORATED
Scene Factory: class com.almasb.fxgl.scene.SceneFactory
Dialog Factory: class com.almasb.fxgl.ui.FXGLDialogFactory
UI Factory: class com.almasb.fxgl.ui.FXGLUIFactory
Notification Service: class com.almasb.fxgl.gameplay.notification.XboxNotificationView
Exception Handler: class com.almasb.fxgl.app.FXGLExceptionHandler
13:48:59.670 [FXGL Launcher Thread     ] DEBUG GameApplication      - Configuring GameApplication
13:48:59.675 [FXGL Launcher Thread     ] DEBUG AppStateMachine      - Initializing application states
13:48:59.682 [FXGL Launcher Thread     ] DEBUG AssetLoader          - Loading from disk: /assets/ui/cursors/fxgl_default.png
13:48:59.699 [FXGL Launcher Thread     ] DEBUG AssetLoader          - Loading from disk: /assets/ui/cursors/fxgl_default.png
13:48:59.707 [FXGL Launcher Thread     ] DEBUG AssetLoader          - Loading from disk: /assets/sounds/core/notification.wav
13:48:59.738 [FXGL Launcher Thread     ] DEBUG AssetLoader          - Loading from disk: /assets/sounds/menu/select.wav
13:48:59.739 [FXGL Launcher Thread     ] DEBUG AssetLoader          - Loading from disk: /assets/sounds/menu/back.wav
13:48:59.742 [FXGL Launcher Thread     ] DEBUG AssetLoader          - Loading from disk: /assets/sounds/menu/press.wav
13:48:59.744 [FXGL Launcher Thread     ] DEBUG AssetLoader          - Loading from disk: /assets/ui/fonts/VarelaRound-Regular.ttf
13:48:59.906 [FXGL Launcher Thread     ] DEBUG AssetLoader          - Loading from disk: /assets/ui/fonts/lucida_console.ttf
13:48:59.919 [FXGL Launcher Thread     ] DEBUG AssetLoader          - Loading from disk: /assets/ui/css/fxgl_dark.css
13:48:59.919 [FXGL Launcher Thread     ] DEBUG AssetLoader          - Loading from disk: /assets/ui/icons/fxgl_icon.png
13:48:59.936 [FXGL Launcher Thread     ] DEBUG AssetLoader          - Loading from disk: /assets/ui/cursors/fxgl_default.png
13:48:59.954 [FXGL Launcher Thread     ] DEBUG FXGL.GameScene       - Game scene initialized: 800x600
13:48:59.957 [FXGL Launcher Thread     ] DEBUG FXGL.GameWorld       - Game world initialized
13:48:59.999 [FXGL Launcher Thread     ] DEBUG FXGL.PhysicsWorld    - Physics world initialized: appHeight=600, physics.ppm=50,0
13:49:00.017 [FXGL Launcher Thread     ] DEBUG AssetLoader          - Loading from disk: /assets/ui/cursors/fxgl_default.png
13:49:00.020 [FXGL Launcher Thread     ] DEBUG FXGL.Menu            - createMenuBodyMainMenu()
13:49:00.026 [FXGL Launcher Thread     ] DEBUG AssetLoader          - Loading from disk: /assets/properties/languages/english.properties
13:49:00.028 [FXGL Launcher Thread     ] DEBUG AssetLoader          - Loading from cache: /assets/properties/languages/english.properties
13:49:00.028 [FXGL Launcher Thread     ] DEBUG FXGL.Menu            - createOptionsMenu()
13:49:00.028 [FXGL Launcher Thread     ] DEBUG AssetLoader          - Loading from cache: /assets/properties/languages/english.properties
13:49:00.029 [FXGL Launcher Thread     ] DEBUG AssetLoader          - Loading from cache: /assets/properties/languages/english.properties
13:49:00.030 [FXGL Launcher Thread     ] DEBUG AssetLoader          - Loading from cache: /assets/properties/languages/english.properties
13:49:00.030 [FXGL Launcher Thread     ] DEBUG AssetLoader          - Loading from cache: /assets/properties/languages/english.properties
13:49:00.031 [FXGL Launcher Thread     ] DEBUG AssetLoader          - Loading from cache: /assets/properties/languages/english.properties
13:49:00.032 [FXGL Launcher Thread     ] DEBUG AssetLoader          - Loading from cache: /assets/properties/languages/english.properties
13:49:00.033 [FXGL Launcher Thread     ] DEBUG AssetLoader          - Loading from cache: /assets/properties/languages/english.properties
13:49:00.033 [FXGL Launcher Thread     ] DEBUG AssetLoader          - Loading from cache: /assets/properties/languages/english.properties
13:49:00.035 [FXGL Launcher Thread     ] DEBUG AssetLoader          - Loading from disk: /assets/ui/cursors/fxgl_default.png
13:49:00.038 [FXGL Launcher Thread     ] DEBUG FXGL.Menu            - createMenuBodyGameMenu()
13:49:00.038 [FXGL Launcher Thread     ] DEBUG AssetLoader          - Loading from cache: /assets/properties/languages/english.properties
13:49:00.038 [FXGL Launcher Thread     ] DEBUG AssetLoader          - Loading from cache: /assets/properties/languages/english.properties
13:49:00.038 [FXGL Launcher Thread     ] DEBUG FXGL.Menu            - createOptionsMenu()
13:49:00.039 [FXGL Launcher Thread     ] DEBUG AssetLoader          - Loading from cache: /assets/properties/languages/english.properties
13:49:00.039 [FXGL Launcher Thread     ] DEBUG AssetLoader          - Loading from cache: /assets/properties/languages/english.properties
13:49:00.039 [FXGL Launcher Thread     ] DEBUG AssetLoader          - Loading from cache: /assets/properties/languages/english.properties
13:49:00.039 [FXGL Launcher Thread     ] DEBUG AssetLoader          - Loading from cache: /assets/properties/languages/english.properties
13:49:00.040 [FXGL Launcher Thread     ] DEBUG AssetLoader          - Loading from cache: /assets/properties/languages/english.properties
13:49:00.040 [FXGL Launcher Thread     ] DEBUG AssetLoader          - Loading from cache: /assets/properties/languages/english.properties
13:49:00.040 [FXGL Launcher Thread     ] DEBUG AssetLoader          - Loading from cache: /assets/properties/languages/english.properties
13:49:00.045 [FXGL Launcher Thread     ] INFO  GameApplication      - Game configuration took:  0,374 sec
13:49:00.047 [JavaFX Application Thread] DEBUG MainWindow           - Target size: 800.0 x 600.0 @ 1.0
13:49:00.048 [JavaFX Application Thread] DEBUG MainWindow           - New size:    800.0 x 600.0 @ 1.0
13:49:00.048 [JavaFX Application Thread] DEBUG MainWindow           - Opening main window
13:49:00.085 [JavaFX Application Thread] DEBUG MainWindow           - Root size:  800.0x600.0
13:49:00.085 [JavaFX Application Thread] DEBUG MainWindow           - Scene size: 800.0x600.0
13:49:00.085 [JavaFX Application Thread] DEBUG MainWindow           - Stage size: 806.0x629.0
13:49:00.085 [JavaFX Application Thread] DEBUG GameApplication      - Running preInit()
13:49:00.091 [JavaFX Application Thread] WARN  AnnotationParser     - BasicGameApp has no package or contains uppercase letters. Disabling annotations processing
13:49:00.107 [JavaFX Application Thread] DEBUG Input                - Registered new binding: Screenshot - P
13:49:00.108 [JavaFX Application Thread] DEBUG Input                - Registered new binding: Dev Options - CTRL+0
13:49:00.177 [JavaFX Application Thread] DEBUG Input                - Registered new binding: Swim Up - Space
13:49:00.178 [JavaFX Application Thread] DEBUG MenuEventHandler     - generateDefaultProfile()
13:49:00.178 [JavaFX Application Thread] DEBUG MenuEventHandler     - Creating default profile
13:49:00.178 [JavaFX Application Thread] DEBUG EventBus             - Firing event: SaveEvent
13:49:00.180 [JavaFX Application Thread] DEBUG AudioPlayer          - Saving data to profile
13:49:00.180 [JavaFX Application Thread] DEBUG Bundle               - Logging bundle: audio
13:49:00.186 [JavaFX Application Thread] DEBUG Bundle               - audio.musicVolume=0.5
13:49:00.187 [JavaFX Application Thread] DEBUG Bundle               - audio.soundVolume=0.5
13:49:00.187 [JavaFX Application Thread] DEBUG Input                - Saving data to profile
13:49:00.188 [JavaFX Application Thread] DEBUG Bundle               - Logging bundle: input
13:49:00.188 [JavaFX Application Thread] DEBUG Bundle               - input.Screenshot=P
13:49:00.188 [JavaFX Application Thread] DEBUG Bundle               - input.Swim Up=Space
13:49:00.188 [JavaFX Application Thread] DEBUG Bundle               - input.Dev Options=CTRL+0
13:49:00.191 [JavaFX Application Thread] DEBUG Bundle               - Logging bundle: gameplayStats
13:49:00.191 [JavaFX Application Thread] DEBUG Bundle               - gameplayStats.playtime=0
13:49:00.192 [JavaFX Application Thread] DEBUG AchievementManager   - Saving data to profile
13:49:00.192 [JavaFX Application Thread] DEBUG Bundle               - Logging bundle: achievement
13:49:00.217 [JavaFX Application Thread] DEBUG GameApplication      - Starting main loop
13:49:00.220 [JavaFX Application Thread] DEBUG StartupState         - STARTUP
13:49:00.221 [JavaFX Application Thread] DEBUG Input                - Clearing active input actions
13:49:00.221 [JavaFX Application Thread] DEBUG AppStateMachine      - StartupState -> MainMenuState
13:49:00.251 [JavaFX Application Thread] DEBUG FXGL.SaveLoadManager - Checking profiles dir: profiles/
13:49:00.251 [JavaFX Application Thread] DEBUG FXGL.SaveLoadManager - Loading profile names
13:49:00.254 [JavaFX Application Thread] DEBUG IOTask               - Showing dialog
13:49:00.257 [JavaFX Application Thread] DEBUG AppStateMachine      - Push state: DialogSubState
13:49:00.257 [JavaFX Application Thread] DEBUG Input                - Clearing active input actions
13:49:00.257 [JavaFX Application Thread] DEBUG AppStateMachine      - MainMenuState -> DialogSubState
13:49:00.265 [FXGL Background Thread 1 ] DEBUG IOTask               - Executing task: loadDirectoryNamesTask(./profiles/, false)
13:49:00.383 [JavaFX Application Thread] DEBUG IOTask               - succeed(): Dismissing dialog
13:49:00.383 [JavaFX Application Thread] DEBUG AppStateMachine      - Pop state: DialogSubState
13:49:00.383 [JavaFX Application Thread] DEBUG Input                - Clearing active input actions
13:49:00.383 [JavaFX Application Thread] DEBUG AppStateMachine      - MainMenuState <- DialogSubState
13:49:00.383 [JavaFX Application Thread] DEBUG IOTask               - Task succeeded: loadDirectoryNamesTask(./profiles/, false)
13:49:00.385 [JavaFX Application Thread] DEBUG AppStateMachine      - Push state: DialogSubState
13:49:00.385 [JavaFX Application Thread] DEBUG Input                - Clearing active input actions
13:49:00.385 [JavaFX Application Thread] DEBUG AppStateMachine      - MainMenuState -> DialogSubState
13:49:01.195 [JavaFX Application Thread] DEBUG AppStateMachine      - Pop state: DialogSubState
13:49:01.195 [JavaFX Application Thread] DEBUG Input                - Clearing active input actions
13:49:01.195 [JavaFX Application Thread] DEBUG AppStateMachine      - MainMenuState <- DialogSubState
13:49:01.196 [JavaFX Application Thread] DEBUG FXGL.SaveLoadManager - Loading profile: 123
13:49:01.196 [JavaFX Application Thread] DEBUG IOTask               - Showing dialog
13:49:01.198 [JavaFX Application Thread] DEBUG AppStateMachine      - Push state: DialogSubState
13:49:01.198 [JavaFX Application Thread] DEBUG Input                - Clearing active input actions
13:49:01.198 [JavaFX Application Thread] DEBUG AppStateMachine      - MainMenuState -> DialogSubState
13:49:01.199 [FXGL Background Thread 1 ] DEBUG IOTask               - Executing task: readDataTask(./profiles/123/user.profile)
13:49:01.200 [FXGL Background Thread 1 ] DEBUG FS                   - Reading from: .\profiles\123\user.profile
13:49:01.209 [JavaFX Application Thread] DEBUG IOTask               - succeed(): Dismissing dialog
13:49:01.210 [JavaFX Application Thread] DEBUG AppStateMachine      - Pop state: DialogSubState
13:49:01.210 [JavaFX Application Thread] DEBUG Input                - Clearing active input actions
13:49:01.210 [JavaFX Application Thread] DEBUG AppStateMachine      - MainMenuState <- DialogSubState
13:49:01.210 [JavaFX Application Thread] DEBUG IOTask               - Task succeeded: readDataTask(./profiles/123/user.profile)
13:49:01.210 [JavaFX Application Thread] DEBUG EventBus             - Firing event: LoadEvent[type=LOAD_PROFILE]
13:49:01.210 [JavaFX Application Thread] DEBUG AudioPlayer          - Loading data from profile
13:49:01.210 [JavaFX Application Thread] DEBUG Bundle               - Logging bundle: audio
13:49:01.210 [JavaFX Application Thread] DEBUG Bundle               - audio.musicVolume=0.5
13:49:01.210 [JavaFX Application Thread] DEBUG Bundle               - audio.soundVolume=0.5
13:49:01.211 [JavaFX Application Thread] DEBUG Input                - Loading data from profile
13:49:01.211 [JavaFX Application Thread] DEBUG Bundle               - Logging bundle: input
13:49:01.211 [JavaFX Application Thread] DEBUG Bundle               - input.Screenshot=P
13:49:01.211 [JavaFX Application Thread] DEBUG Bundle               - input.Swim Up=Space
13:49:01.211 [JavaFX Application Thread] DEBUG Bundle               - input.Dev Options=CTRL+0
13:49:01.211 [JavaFX Application Thread] DEBUG Bundle               - Logging bundle: gameplayStats
13:49:01.211 [JavaFX Application Thread] DEBUG Bundle               - gameplayStats.playtime=91083329690
13:49:01.211 [JavaFX Application Thread] DEBUG AchievementManager   - Loading data from profile
13:49:01.211 [JavaFX Application Thread] DEBUG Bundle               - Logging bundle: achievement
13:49:01.212 [JavaFX Application Thread] DEBUG FXGL.SaveLoadManager - Loading last modified save file
13:49:01.212 [JavaFX Application Thread] DEBUG FXGL.SaveLoadManager - Loading save files
13:49:01.214 [JavaFX Application Thread] DEBUG IOTask               - Showing dialog
13:49:01.215 [JavaFX Application Thread] DEBUG AppStateMachine      - Push state: DialogSubState
13:49:01.215 [JavaFX Application Thread] DEBUG Input                - Clearing active input actions
13:49:01.215 [JavaFX Application Thread] DEBUG AppStateMachine      - MainMenuState -> DialogSubState
13:49:01.217 [FXGL Background Thread 1 ] DEBUG IOTask               - Executing task: loadFileNamesTask(./profiles/123/saves/, true, [FileExtension(extension=.sav)])
13:49:01.217 [FXGL Background Thread 1 ] DEBUG IOTask               - Executing task: loadFileNamesTask(./profiles/123/saves/, true, [FileExtension(extension=.sav)])
13:49:01.217 [FXGL Background Thread 1 ] DEBUG IOTask               - Executing task: loadFileNamesTask(./profiles/123/saves/, true, [FileExtension(extension=.sav)])
13:49:01.219 [FXGL Background Thread 1 ] DEBUG IOTask               - Executing task: readSaveFiles
13:49:01.220 [FXGL Background Thread 1 ] DEBUG IOTask               - Executing task: findLastSave
13:49:01.226 [JavaFX Application Thread] DEBUG IOTask               - fail(): Dismissing dialog
13:49:01.226 [JavaFX Application Thread] DEBUG AppStateMachine      - Pop state: DialogSubState
13:49:01.226 [JavaFX Application Thread] DEBUG Input                - Clearing active input actions
13:49:01.226 [JavaFX Application Thread] DEBUG AppStateMachine      - MainMenuState <- DialogSubState
13:49:01.226 [JavaFX Application Thread] WARN  IOTask               - Task failed: loadFileNamesTask(./profiles/123/saves/, true, [FileExtension(extension=.sav)]) Error: java.io.FileNotFoundException: No save files found
13:49:01.641 [JavaFX Application Thread] DEBUG FXGL.Menu            - fireNewGame()
13:49:01.641 [JavaFX Application Thread] DEBUG GameApplication      - Starting new game
13:49:01.641 [JavaFX Application Thread] DEBUG Input                - Clearing active input actions
13:49:01.641 [JavaFX Application Thread] DEBUG AppStateMachine      - MainMenuState -> LoadingState
13:49:01.646 [JavaFX Application Thread] WARN  AnnotationParser     - BasicGameApp has no package or contains uppercase letters. Disabling annotations processing
13:49:01.647 [JavaFX Application Thread] DEBUG InitAppTask          - Parsing annotations
13:49:01.648 [FXGL Background Thread 1 ] DEBUG InitAppTask          - Clearing previous game
13:49:01.648 [FXGL Background Thread 1 ] DEBUG FXGL.GameWorld       - Clearing game world
13:49:01.649 [FXGL Background Thread 1 ] DEBUG FXGL.PhysicsWorld    - Clearing physics world
13:49:01.649 [FXGL Background Thread 1 ] DEBUG FXGL.GameScene       - Clearing game scene
13:49:01.649 [FXGL Background Thread 1 ] DEBUG InitAppTask          - Initializing Assets
13:49:01.649 [FXGL Background Thread 1 ] DEBUG InitAppTask          - Initializing Game
13:49:01.650 [FXGL Background Thread 1 ] DEBUG AssetLoader          - Loading from disk: /assets/textures/SeamlessUnderwaterBackground.jpg
13:49:01.715 [FXGL Background Thread 1 ] DEBUG FXGL.GameScene       - Creating render group for layer: BACKGROUND(1000)
13:49:01.737 [FXGL Background Thread 1 ] DEBUG AssetLoader          - Loading from disk: /assets/textures/ResizedDiverGif.gif
13:49:01.750 [FXGL Background Thread 1 ] DEBUG FXGL.GameScene       - Creating render group for layer: TOP(2147483647)
13:49:01.752 [FXGL Background Thread 1 ] DEBUG InitAppTask          - Initializing Physics
13:49:01.753 [FXGL Background Thread 1 ] DEBUG InitAppTask          - Initializing UI
13:49:01.759 [FXGL Background Thread 1 ] DEBUG InitAppTask          - Initialization Complete
13:49:01.759 [FXGL Background Thread 1 ] INFO  InitAppTask          - Game initialization took: 0,111 sec
13:49:01.773 [JavaFX Application Thread] DEBUG Input                - Clearing active input actions
13:49:01.773 [JavaFX Application Thread] DEBUG AppStateMachine      - LoadingState -> PlayState
13:49:01.790 [JavaFX Application Thread] DEBUG AssetLoader          - Loading from disk: /assets/textures/BoatImage200px.png
13:49:01.793 [JavaFX Application Thread] DEBUG AssetLoader          - Loading from disk: /assets/textures/coral150px.png
13:49:01.796 [JavaFX Application Thread] DEBUG AssetLoader          - Loading from disk: /assets/textures/Shark75px.png
13:49:01.799 [JavaFX Application Thread] DEBUG AssetLoader          - Loading from disk: /assets/textures/CoinSpin50px.gif
13:49:01.801 [JavaFX Application Thread] DEBUG AssetLoader          - Loading from cache: /assets/textures/CoinSpin50px.gif
13:49:01.802 [JavaFX Application Thread] DEBUG AssetLoader          - Loading from cache: /assets/textures/CoinSpin50px.gif
13:49:03.149 [JavaFX Application Thread] DEBUG AssetLoader          - Loading from cache: /assets/textures/BoatImage200px.png
13:49:03.150 [JavaFX Application Thread] DEBUG AssetLoader          - Loading from cache: /assets/textures/coral150px.png
13:49:03.151 [JavaFX Application Thread] DEBUG AssetLoader          - Loading from cache: /assets/textures/Shark75px.png
13:49:03.152 [JavaFX Application Thread] DEBUG AssetLoader          - Loading from cache: /assets/textures/CoinSpin50px.gif
13:49:03.186 [JavaFX Application Thread] DEBUG GameApplication      - Starting new game
13:49:03.186 [JavaFX Application Thread] DEBUG Input                - Clearing active input actions
13:49:03.186 [JavaFX Application Thread] DEBUG AppStateMachine      - PlayState -> LoadingState
13:49:03.190 [FXGL Background Thread 1 ] DEBUG InitAppTask          - Clearing previous game
13:49:03.191 [FXGL Background Thread 1 ] DEBUG FXGL.GameWorld       - Clearing game world
13:49:03.194 [FXGL Background Thread 1 ] DEBUG FXGL.PhysicsWorld    - Clearing physics world
13:49:03.194 [FXGL Background Thread 1 ] DEBUG FXGL.GameScene       - Clearing game scene
13:49:03.194 [FXGL Background Thread 1 ] DEBUG InitAppTask          - Initializing Assets
13:49:03.194 [FXGL Background Thread 1 ] DEBUG InitAppTask          - Initializing Game
13:49:03.194 [FXGL Background Thread 1 ] DEBUG AssetLoader          - Loading from cache: /assets/textures/SeamlessUnderwaterBackground.jpg@800.0x600.0
13:49:03.195 [FXGL Background Thread 1 ] DEBUG FXGL.GameScene       - Creating render group for layer: BACKGROUND(1000)
13:49:03.195 [FXGL Background Thread 1 ] DEBUG AssetLoader          - Loading from cache: /assets/textures/ResizedDiverGif.gif
13:49:03.196 [FXGL Background Thread 1 ] DEBUG FXGL.GameScene       - Creating render group for layer: TOP(2147483647)
13:49:03.197 [FXGL Background Thread 1 ] DEBUG InitAppTask          - Initializing Physics
13:49:03.197 [FXGL Background Thread 1 ] DEBUG InitAppTask          - Initializing UI
13:49:03.198 [FXGL Background Thread 1 ] DEBUG InitAppTask          - Initialization Complete
13:49:03.198 [FXGL Background Thread 1 ] INFO  InitAppTask          - Game initialization took: 0,007 sec
13:49:03.229 [JavaFX Application Thread] DEBUG Input                - Clearing active input actions
13:49:03.229 [JavaFX Application Thread] DEBUG AppStateMachine      - LoadingState -> PlayState
13:49:03.245 [JavaFX Application Thread] DEBUG AssetLoader          - Loading from cache: /assets/textures/BoatImage200px.png
13:49:03.246 [JavaFX Application Thread] DEBUG AssetLoader          - Loading from cache: /assets/textures/coral150px.png
13:49:03.247 [JavaFX Application Thread] DEBUG AssetLoader          - Loading from cache: /assets/textures/Shark75px.png
13:49:03.247 [JavaFX Application Thread] DEBUG AssetLoader          - Loading from cache: /assets/textures/CoinSpin50px.gif
13:49:03.249 [JavaFX Application Thread] DEBUG AssetLoader          - Loading from cache: /assets/textures/CoinSpin50px.gif
13:49:03.249 [JavaFX Application Thread] DEBUG AssetLoader          - Loading from cache: /assets/textures/CoinSpin50px.gif
13:49:04.356 [JavaFX Application Thread] DEBUG GameApplication      - Exiting game application
13:49:04.356 [JavaFX Application Thread] DEBUG MenuEventHandler     - Creating default profile
13:49:04.356 [JavaFX Application Thread] DEBUG EventBus             - Firing event: SaveEvent
13:49:04.356 [JavaFX Application Thread] DEBUG AudioPlayer          - Saving data to profile
13:49:04.356 [JavaFX Application Thread] DEBUG Bundle               - Logging bundle: audio
13:49:04.357 [JavaFX Application Thread] DEBUG Bundle               - audio.musicVolume=0.5
13:49:04.357 [JavaFX Application Thread] DEBUG Bundle               - audio.soundVolume=0.5
13:49:04.357 [JavaFX Application Thread] DEBUG Input                - Saving data to profile
13:49:04.357 [JavaFX Application Thread] DEBUG Bundle               - Logging bundle: input
13:49:04.357 [JavaFX Application Thread] DEBUG Bundle               - input.Screenshot=P
13:49:04.357 [JavaFX Application Thread] DEBUG Bundle               - input.Swim Up=Space
13:49:04.357 [JavaFX Application Thread] DEBUG Bundle               - input.Dev Options=CTRL+0
13:49:04.357 [JavaFX Application Thread] DEBUG Bundle               - Logging bundle: gameplayStats
13:49:04.357 [JavaFX Application Thread] DEBUG Bundle               - gameplayStats.playtime=93516662926
13:49:04.357 [JavaFX Application Thread] DEBUG AchievementManager   - Saving data to profile
13:49:04.357 [JavaFX Application Thread] DEBUG Bundle               - Logging bundle: achievement
13:49:04.357 [JavaFX Application Thread] DEBUG FXGL.SaveLoadManager - Saving profile: 123
13:49:04.358 [JavaFX Application Thread] DEBUG IOTask               - Executing task: writeDataTask(./profiles/123/user.profile)
13:49:04.359 [JavaFX Application Thread] DEBUG IOTask               - Executing task: writeDataTask(./profiles/123/user.profile)
13:49:04.361 [JavaFX Application Thread] DEBUG FS                   - Writing to: .\profiles\123\user.profile
13:49:04.366 [JavaFX Application Thread] DEBUG IOTask               - Executing task: checkSavesDir(./profiles/123/saves/)
13:49:04.367 [JavaFX Application Thread] DEBUG IOTask               - Task succeeded: writeDataTask(./profiles/123/user.profile)
13:49:04.367 [JavaFX Application Thread] DEBUG GameApplication      - Shutting down background threads
13:49:04.367 [JavaFX Application Thread] DEBUG GameApplication      - Exiting FXGL
13:49:04.367 [JavaFX Application Thread] DEBUG FXGL                 - Saving FXGL system data
13:49:04.367 [JavaFX Application Thread] DEBUG IOTask               - Executing task: writeDataTask(system/fxgl.bundle)
13:49:04.369 [JavaFX Application Thread] DEBUG FS                   - Writing to: system\fxgl.bundle
13:49:04.372 [JavaFX Application Thread] DEBUG IOTask               - Task succeeded: writeDataTask(system/fxgl.bundle)
13:49:04.372 [JavaFX Application Thread] DEBUG GameApplication      - Closing logger and exiting JavaFX
