17:04:43.612 [JavaFX Application Thread] DEBUG GameApplication      - Logger initialized
17:04:43.832 [JavaFX Application Thread] DEBUG GameApplication      - Starting FXGL
17:04:43.832 [JavaFX Application Thread] INFO  Version              - FXGL-0.4.0
17:04:43.832 [JavaFX Application Thread] INFO  Version              - Source code and latest versions at: https://github.com/AlmasB/FXGL
17:04:43.832 [JavaFX Application Thread] INFO  Version              -              Join the FXGL chat at: https://gitter.im/AlmasB/FXGL
17:04:43.866 [FXGL Launcher Thread     ] DEBUG FXGL                 - Loading FXGL system data
17:04:43.869 [FXGL Launcher Thread     ] DEBUG IOTask               - Executing task: readDataTask(system/fxgl.bundle)
17:04:43.875 [FXGL Launcher Thread     ] DEBUG FS                   - Reading from: system\fxgl.bundle
17:04:43.883 [FXGL Launcher Thread     ] DEBUG IOTask               - Task succeeded: readDataTask(system/fxgl.bundle)
17:04:43.883 [FXGL Launcher Thread     ] DEBUG Bundle               - Logging bundle: FXGL
17:04:43.883 [FXGL Launcher Thread     ] DEBUG Bundle               - FXGL.offline.timer.version.check=2018-01-30T12:29:41.871
17:04:43.884 [FXGL Launcher Thread     ] DEBUG GameApplication      - FXGL configuration complete
17:04:43.885 [FXGL Launcher Thread     ] INFO  GameApplication      - FXGL configuration took:  0,049 sec
17:04:43.886 [FXGL Launcher Thread     ] DEBUG GameApplication      - Logging game settings
Title: Test
Version: 0.0
Width: 800
Height: 600
Fullscreen: false
Intro: false
Menus: false
Profiling: false
Single step:false
App Mode: DEVELOPER
Menu Key: ESCAPE
Stage Style: DECORATED
Scene Factory: class com.almasb.fxgl.scene.SceneFactory
Dialog Factory: class com.almasb.fxgl.ui.FXGLDialogFactory
UI Factory: class com.almasb.fxgl.ui.FXGLUIFactory
Notification Service: class com.almasb.fxgl.gameplay.notification.XboxNotificationView
Exception Handler: class com.almasb.fxgl.app.FXGLExceptionHandler
17:04:43.889 [FXGL Launcher Thread     ] DEBUG GameApplication      - Configuring GameApplication
17:04:43.893 [FXGL Launcher Thread     ] DEBUG AppStateMachine      - Initializing application states
17:04:43.900 [FXGL Launcher Thread     ] DEBUG AssetLoader          - Loading from disk: /assets/ui/cursors/fxgl_default.png
17:04:43.917 [FXGL Launcher Thread     ] DEBUG AssetLoader          - Loading from disk: /assets/ui/cursors/fxgl_default.png
17:04:43.924 [FXGL Launcher Thread     ] DEBUG AssetLoader          - Loading from disk: /assets/sounds/core/notification.wav
17:04:43.956 [FXGL Launcher Thread     ] DEBUG AssetLoader          - Loading from disk: /assets/sounds/menu/select.wav
17:04:43.961 [FXGL Launcher Thread     ] DEBUG AssetLoader          - Loading from disk: /assets/sounds/menu/back.wav
17:04:43.973 [FXGL Launcher Thread     ] DEBUG AssetLoader          - Loading from disk: /assets/sounds/menu/press.wav
17:04:43.975 [FXGL Launcher Thread     ] DEBUG AssetLoader          - Loading from disk: /assets/ui/fonts/VarelaRound-Regular.ttf
17:04:44.122 [FXGL Launcher Thread     ] DEBUG AssetLoader          - Loading from disk: /assets/ui/fonts/lucida_console.ttf
17:04:44.147 [FXGL Launcher Thread     ] DEBUG AssetLoader          - Loading from disk: /assets/ui/css/fxgl_dark.css
17:04:44.148 [FXGL Launcher Thread     ] DEBUG AssetLoader          - Loading from disk: /assets/ui/icons/fxgl_icon.png
17:04:44.166 [FXGL Launcher Thread     ] DEBUG AssetLoader          - Loading from disk: /assets/ui/cursors/fxgl_default.png
17:04:44.184 [FXGL Launcher Thread     ] DEBUG FXGL.GameScene       - Game scene initialized: 800x600
17:04:44.186 [FXGL Launcher Thread     ] DEBUG FXGL.GameWorld       - Game world initialized
17:04:44.225 [FXGL Launcher Thread     ] DEBUG FXGL.PhysicsWorld    - Physics world initialized: appHeight=600, physics.ppm=50,0
17:04:44.241 [FXGL Launcher Thread     ] DEBUG Input                - Registered new binding: Pause - Esc
17:04:44.264 [FXGL Launcher Thread     ] INFO  GameApplication      - Game configuration took:  0,375 sec
17:04:44.265 [JavaFX Application Thread] DEBUG MainWindow           - Target size: 800.0 x 600.0 @ 1.0
17:04:44.266 [JavaFX Application Thread] DEBUG MainWindow           - New size:    800.0 x 600.0 @ 1.0
17:04:44.266 [JavaFX Application Thread] DEBUG MainWindow           - Opening main window
17:04:44.296 [JavaFX Application Thread] DEBUG MainWindow           - Root size:  800.0x600.0
17:04:44.296 [JavaFX Application Thread] DEBUG MainWindow           - Scene size: 800.0x600.0
17:04:44.297 [JavaFX Application Thread] DEBUG MainWindow           - Stage size: 806.0x629.0
17:04:44.297 [JavaFX Application Thread] DEBUG GameApplication      - Running preInit()
17:04:44.302 [JavaFX Application Thread] WARN  AnnotationParser     - BasicGameApp has no package or contains uppercase letters. Disabling annotations processing
17:04:44.304 [JavaFX Application Thread] DEBUG Input                - Registered new binding: Screenshot - P
17:04:44.305 [JavaFX Application Thread] DEBUG Input                - Registered new binding: Dev Options - CTRL+0
17:04:44.305 [JavaFX Application Thread] DEBUG Input                - Registered new binding: Swim Up - W
17:04:44.305 [JavaFX Application Thread] DEBUG Input                - Registered new binding: Swim Down - S
17:04:44.305 [JavaFX Application Thread] DEBUG Input                - Registered new binding: Swim Forward - D
17:04:44.305 [JavaFX Application Thread] DEBUG Input                - Registered new binding: Swim Backward - A
17:04:44.335 [JavaFX Application Thread] DEBUG GameApplication      - Starting main loop
17:04:44.339 [JavaFX Application Thread] DEBUG StartupState         - STARTUP
17:04:44.340 [JavaFX Application Thread] DEBUG GameApplication      - Starting new game
17:04:44.341 [JavaFX Application Thread] DEBUG Input                - Clearing active input actions
17:04:44.341 [JavaFX Application Thread] DEBUG AppStateMachine      - StartupState -> LoadingState
17:04:44.365 [JavaFX Application Thread] WARN  AnnotationParser     - BasicGameApp has no package or contains uppercase letters. Disabling annotations processing
17:04:44.365 [JavaFX Application Thread] DEBUG InitAppTask          - Parsing annotations
17:04:44.382 [FXGL Background Thread 1 ] DEBUG InitAppTask          - Clearing previous game
17:04:44.383 [FXGL Background Thread 1 ] DEBUG FXGL.GameWorld       - Clearing game world
17:04:44.383 [FXGL Background Thread 1 ] DEBUG FXGL.PhysicsWorld    - Clearing physics world
17:04:44.384 [FXGL Background Thread 1 ] DEBUG FXGL.GameScene       - Clearing game scene
17:04:44.384 [FXGL Background Thread 1 ] DEBUG InitAppTask          - Initializing Assets
17:04:44.385 [FXGL Background Thread 1 ] DEBUG InitAppTask          - Initializing Game
17:04:44.414 [FXGL Background Thread 1 ] DEBUG AssetLoader          - Loading from disk: /assets/textures/BackgroundUnderwater.jpg
17:04:44.441 [FXGL Background Thread 1 ] DEBUG FXGL.GameScene       - Creating render group for layer: TOP(2147483647)
17:04:44.445 [FXGL Background Thread 1 ] DEBUG AssetLoader          - Loading from disk: /assets/textures/diver-1.gif
17:04:44.464 [FXGL Background Thread 1 ] DEBUG InitAppTask          - Initializing Physics
17:04:44.464 [FXGL Background Thread 1 ] DEBUG InitAppTask          - Initializing UI
17:04:44.466 [FXGL Background Thread 1 ] DEBUG InitAppTask          - Initialization Complete
17:04:44.466 [FXGL Background Thread 1 ] INFO  InitAppTask          - Game initialization took: 0,084 sec
17:04:44.477 [JavaFX Application Thread] DEBUG Input                - Clearing active input actions
17:04:44.477 [JavaFX Application Thread] DEBUG AppStateMachine      - LoadingState -> PlayState
17:04:44.544 [JavaFX Application Thread] FATAL GameApplication      - Uncaught Exception:
17:04:44.544 [JavaFX Application Thread] FATAL GameApplication      - 

Exception occurred: java.lang.ClassCastException : javafx.beans.property.SimpleIntegerProperty cannot be cast to javafx.beans.property.DoubleProperty
E: com.almasb.fxgl.gameplay.GameState.doubleProperty(GameState.kt:120)
E: com.almasb.fxgl.gameplay.GameState.increment(GameState.kt:103)
E: com.almasb.fxglgames.drop.BasicGameApp.BasicGameApp.onUpdate(BasicGameApp.java:108)
E: com.almasb.fxgl.app.PlayState.onUpdate(AppStates.kt:281)
E: com.almasb.fxgl.app.State.update(State.java:67)
E: com.almasb.fxgl.app.AppStateMachine.onUpdate(AppStateMachine.java:83)
E: com.almasb.fxgl.app.GameApplication.stepLoop(GameApplication.java:417)
E: com.almasb.fxgl.app.GameApplication$1.handle(GameApplication.java:383)
E: javafx.animation.AnimationTimer$AnimationTimerReceiver.lambda$handle$484(AnimationTimer.java:57)
E: java.security.AccessController.doPrivileged(Native Method)
E: javafx.animation.AnimationTimer$AnimationTimerReceiver.handle(AnimationTimer.java:56)
E: com.sun.scenario.animation.AbstractMasterTimer.timePulseImpl(AbstractMasterTimer.java:357)
E: com.sun.scenario.animation.AbstractMasterTimer$MainLoop.run(AbstractMasterTimer.java:267)
E: com.sun.javafx.tk.quantum.QuantumToolkit.pulse(QuantumToolkit.java:506)
E: com.sun.javafx.tk.quantum.QuantumToolkit.pulse(QuantumToolkit.java:490)
E: com.sun.javafx.tk.quantum.QuantumToolkit.lambda$runToolkit$404(QuantumToolkit.java:319)
E: com.sun.glass.ui.InvokeLaterDispatcher$Future.run(InvokeLaterDispatcher.java:95)
E: com.sun.glass.ui.win.WinApplication._runLoop(Native Method)
E: com.sun.glass.ui.win.WinApplication.lambda$null$148(WinApplication.java:191)
E: java.lang.Thread.run(Thread.java:748)

17:04:44.545 [JavaFX Application Thread] FATAL GameApplication      - Application will now exit
17:04:44.545 [JavaFX Application Thread] DEBUG GameApplication      - Stopping main loop
17:04:58.042 [JavaFX Application Thread] DEBUG GameApplication      - Exiting game application
17:04:58.043 [JavaFX Application Thread] DEBUG GameApplication      - Shutting down background threads
17:04:58.044 [JavaFX Application Thread] DEBUG GameApplication      - Exiting FXGL
17:04:58.044 [JavaFX Application Thread] DEBUG FXGL                 - Saving FXGL system data
17:04:58.045 [JavaFX Application Thread] DEBUG IOTask               - Executing task: writeDataTask(system/fxgl.bundle)
17:04:58.047 [JavaFX Application Thread] DEBUG FS                   - Writing to: system\fxgl.bundle
17:04:58.053 [JavaFX Application Thread] DEBUG IOTask               - Task succeeded: writeDataTask(system/fxgl.bundle)
17:04:58.054 [JavaFX Application Thread] DEBUG GameApplication      - Closing logger and exiting JavaFX
