13:48:14.222 [JavaFX Application Thread] DEBUG GameApplication      - Logger initialized
13:48:14.433 [JavaFX Application Thread] DEBUG GameApplication      - Starting FXGL
13:48:14.434 [JavaFX Application Thread] INFO  Version              - FXGL-0.4.0
13:48:14.434 [JavaFX Application Thread] INFO  Version              - Source code and latest versions at: https://github.com/AlmasB/FXGL
13:48:14.434 [JavaFX Application Thread] INFO  Version              -              Join the FXGL chat at: https://gitter.im/AlmasB/FXGL
13:48:14.473 [FXGL Launcher Thread     ] DEBUG FXGL                 - Loading FXGL system data
13:48:14.477 [FXGL Launcher Thread     ] DEBUG IOTask               - Executing task: readDataTask(system/fxgl.bundle)
13:48:14.484 [FXGL Launcher Thread     ] DEBUG FS                   - Reading from: system\fxgl.bundle
13:48:14.492 [FXGL Launcher Thread     ] DEBUG IOTask               - Task succeeded: readDataTask(system/fxgl.bundle)
13:48:14.492 [FXGL Launcher Thread     ] DEBUG Bundle               - Logging bundle: FXGL
13:48:14.493 [FXGL Launcher Thread     ] DEBUG Bundle               - FXGL.offline.timer.version.check=2018-01-30T12:29:41.871
13:48:14.493 [FXGL Launcher Thread     ] DEBUG GameApplication      - FXGL configuration complete
13:48:14.494 [FXGL Launcher Thread     ] INFO  GameApplication      - FXGL configuration took:  0,049 sec
13:48:14.494 [FXGL Launcher Thread     ] DEBUG GameApplication      - Logging game settings
Title: SwimmingMan
Version: 2.0
Width: 800
Height: 600
Fullscreen: false
Intro: false
Menus: true
Profiling: false
Single step:false
App Mode: DEVELOPER
Menu Key: ESCAPE
Stage Style: DECORATED
Scene Factory: class com.almasb.fxgl.scene.SceneFactory
Dialog Factory: class com.almasb.fxgl.ui.FXGLDialogFactory
UI Factory: class com.almasb.fxgl.ui.FXGLUIFactory
Notification Service: class com.almasb.fxgl.gameplay.notification.XboxNotificationView
Exception Handler: class com.almasb.fxgl.app.FXGLExceptionHandler
13:48:14.499 [FXGL Launcher Thread     ] DEBUG GameApplication      - Configuring GameApplication
13:48:14.502 [FXGL Launcher Thread     ] DEBUG AppStateMachine      - Initializing application states
13:48:14.510 [FXGL Launcher Thread     ] DEBUG AssetLoader          - Loading from disk: /assets/ui/cursors/fxgl_default.png
13:48:14.527 [FXGL Launcher Thread     ] DEBUG AssetLoader          - Loading from disk: /assets/ui/cursors/fxgl_default.png
13:48:14.536 [FXGL Launcher Thread     ] DEBUG AssetLoader          - Loading from disk: /assets/sounds/core/notification.wav
13:48:14.559 [FXGL Launcher Thread     ] DEBUG AssetLoader          - Loading from disk: /assets/sounds/menu/select.wav
13:48:14.561 [FXGL Launcher Thread     ] DEBUG AssetLoader          - Loading from disk: /assets/sounds/menu/back.wav
13:48:14.574 [FXGL Launcher Thread     ] DEBUG AssetLoader          - Loading from disk: /assets/sounds/menu/press.wav
13:48:14.576 [FXGL Launcher Thread     ] DEBUG AssetLoader          - Loading from disk: /assets/ui/fonts/VarelaRound-Regular.ttf
13:48:14.728 [FXGL Launcher Thread     ] DEBUG AssetLoader          - Loading from disk: /assets/ui/fonts/lucida_console.ttf
13:48:14.760 [FXGL Launcher Thread     ] DEBUG AssetLoader          - Loading from disk: /assets/ui/css/fxgl_dark.css
13:48:14.761 [FXGL Launcher Thread     ] DEBUG AssetLoader          - Loading from disk: /assets/ui/icons/fxgl_icon.png
13:48:14.782 [FXGL Launcher Thread     ] DEBUG AssetLoader          - Loading from disk: /assets/ui/cursors/fxgl_default.png
13:48:14.801 [FXGL Launcher Thread     ] DEBUG FXGL.GameScene       - Game scene initialized: 800x600
13:48:14.804 [FXGL Launcher Thread     ] DEBUG FXGL.GameWorld       - Game world initialized
13:48:14.849 [FXGL Launcher Thread     ] DEBUG FXGL.PhysicsWorld    - Physics world initialized: appHeight=600, physics.ppm=50,0
13:48:14.874 [FXGL Launcher Thread     ] DEBUG AssetLoader          - Loading from disk: /assets/ui/cursors/fxgl_default.png
13:48:14.876 [FXGL Launcher Thread     ] DEBUG FXGL.Menu            - createMenuBodyMainMenu()
13:48:14.884 [FXGL Launcher Thread     ] DEBUG AssetLoader          - Loading from disk: /assets/properties/languages/english.properties
13:48:14.885 [FXGL Launcher Thread     ] DEBUG AssetLoader          - Loading from cache: /assets/properties/languages/english.properties
13:48:14.886 [FXGL Launcher Thread     ] DEBUG FXGL.Menu            - createOptionsMenu()
13:48:14.886 [FXGL Launcher Thread     ] DEBUG AssetLoader          - Loading from cache: /assets/properties/languages/english.properties
13:48:14.887 [FXGL Launcher Thread     ] DEBUG AssetLoader          - Loading from cache: /assets/properties/languages/english.properties
13:48:14.887 [FXGL Launcher Thread     ] DEBUG AssetLoader          - Loading from cache: /assets/properties/languages/english.properties
13:48:14.888 [FXGL Launcher Thread     ] DEBUG AssetLoader          - Loading from cache: /assets/properties/languages/english.properties
13:48:14.888 [FXGL Launcher Thread     ] DEBUG AssetLoader          - Loading from cache: /assets/properties/languages/english.properties
13:48:14.889 [FXGL Launcher Thread     ] DEBUG AssetLoader          - Loading from cache: /assets/properties/languages/english.properties
13:48:14.890 [FXGL Launcher Thread     ] DEBUG AssetLoader          - Loading from cache: /assets/properties/languages/english.properties
13:48:14.890 [FXGL Launcher Thread     ] DEBUG AssetLoader          - Loading from cache: /assets/properties/languages/english.properties
13:48:14.891 [FXGL Launcher Thread     ] DEBUG AssetLoader          - Loading from disk: /assets/ui/cursors/fxgl_default.png
13:48:14.894 [FXGL Launcher Thread     ] DEBUG FXGL.Menu            - createMenuBodyGameMenu()
13:48:14.895 [FXGL Launcher Thread     ] DEBUG AssetLoader          - Loading from cache: /assets/properties/languages/english.properties
13:48:14.895 [FXGL Launcher Thread     ] DEBUG AssetLoader          - Loading from cache: /assets/properties/languages/english.properties
13:48:14.896 [FXGL Launcher Thread     ] DEBUG FXGL.Menu            - createOptionsMenu()
13:48:14.896 [FXGL Launcher Thread     ] DEBUG AssetLoader          - Loading from cache: /assets/properties/languages/english.properties
13:48:14.896 [FXGL Launcher Thread     ] DEBUG AssetLoader          - Loading from cache: /assets/properties/languages/english.properties
13:48:14.896 [FXGL Launcher Thread     ] DEBUG AssetLoader          - Loading from cache: /assets/properties/languages/english.properties
13:48:14.897 [FXGL Launcher Thread     ] DEBUG AssetLoader          - Loading from cache: /assets/properties/languages/english.properties
13:48:14.897 [FXGL Launcher Thread     ] DEBUG AssetLoader          - Loading from cache: /assets/properties/languages/english.properties
13:48:14.897 [FXGL Launcher Thread     ] DEBUG AssetLoader          - Loading from cache: /assets/properties/languages/english.properties
13:48:14.897 [FXGL Launcher Thread     ] DEBUG AssetLoader          - Loading from cache: /assets/properties/languages/english.properties
13:48:14.902 [FXGL Launcher Thread     ] INFO  GameApplication      - Game configuration took:  0,403 sec
13:48:14.904 [JavaFX Application Thread] DEBUG MainWindow           - Target size: 800.0 x 600.0 @ 1.0
13:48:14.904 [JavaFX Application Thread] DEBUG MainWindow           - New size:    800.0 x 600.0 @ 1.0
13:48:14.904 [JavaFX Application Thread] DEBUG MainWindow           - Opening main window
13:48:14.935 [JavaFX Application Thread] DEBUG MainWindow           - Root size:  800.0x600.0
13:48:14.936 [JavaFX Application Thread] DEBUG MainWindow           - Scene size: 800.0x600.0
13:48:14.936 [JavaFX Application Thread] DEBUG MainWindow           - Stage size: 806.0x629.0
13:48:14.936 [JavaFX Application Thread] DEBUG GameApplication      - Running preInit()
13:48:14.941 [JavaFX Application Thread] WARN  AnnotationParser     - BasicGameApp has no package or contains uppercase letters. Disabling annotations processing
13:48:14.958 [JavaFX Application Thread] DEBUG Input                - Registered new binding: Screenshot - P
13:48:14.958 [JavaFX Application Thread] DEBUG Input                - Registered new binding: Dev Options - CTRL+0
13:48:15.043 [JavaFX Application Thread] DEBUG Input                - Registered new binding: Swim Up - Space
13:48:15.044 [JavaFX Application Thread] DEBUG MenuEventHandler     - generateDefaultProfile()
13:48:15.044 [JavaFX Application Thread] DEBUG MenuEventHandler     - Creating default profile
13:48:15.045 [JavaFX Application Thread] DEBUG EventBus             - Firing event: SaveEvent
13:48:15.046 [JavaFX Application Thread] DEBUG AudioPlayer          - Saving data to profile
13:48:15.046 [JavaFX Application Thread] DEBUG Bundle               - Logging bundle: audio
13:48:15.046 [JavaFX Application Thread] DEBUG Bundle               - audio.musicVolume=0.5
13:48:15.047 [JavaFX Application Thread] DEBUG Bundle               - audio.soundVolume=0.5
13:48:15.047 [JavaFX Application Thread] DEBUG Input                - Saving data to profile
13:48:15.047 [JavaFX Application Thread] DEBUG Bundle               - Logging bundle: input
13:48:15.047 [JavaFX Application Thread] DEBUG Bundle               - input.Screenshot=P
13:48:15.047 [JavaFX Application Thread] DEBUG Bundle               - input.Swim Up=Space
13:48:15.047 [JavaFX Application Thread] DEBUG Bundle               - input.Dev Options=CTRL+0
13:48:15.049 [JavaFX Application Thread] DEBUG Bundle               - Logging bundle: gameplayStats
13:48:15.050 [JavaFX Application Thread] DEBUG Bundle               - gameplayStats.playtime=0
13:48:15.051 [JavaFX Application Thread] DEBUG AchievementManager   - Saving data to profile
13:48:15.051 [JavaFX Application Thread] DEBUG Bundle               - Logging bundle: achievement
13:48:15.076 [JavaFX Application Thread] DEBUG GameApplication      - Starting main loop
13:48:15.078 [JavaFX Application Thread] DEBUG StartupState         - STARTUP
13:48:15.078 [JavaFX Application Thread] DEBUG Input                - Clearing active input actions
13:48:15.078 [JavaFX Application Thread] DEBUG AppStateMachine      - StartupState -> MainMenuState
13:48:15.107 [JavaFX Application Thread] DEBUG FXGL.SaveLoadManager - Checking profiles dir: profiles/
13:48:15.108 [JavaFX Application Thread] DEBUG FXGL.SaveLoadManager - Loading profile names
13:48:15.111 [JavaFX Application Thread] DEBUG IOTask               - Showing dialog
13:48:15.114 [JavaFX Application Thread] DEBUG AppStateMachine      - Push state: DialogSubState
13:48:15.114 [JavaFX Application Thread] DEBUG Input                - Clearing active input actions
13:48:15.114 [JavaFX Application Thread] DEBUG AppStateMachine      - MainMenuState -> DialogSubState
13:48:15.123 [FXGL Background Thread 1 ] DEBUG IOTask               - Executing task: loadDirectoryNamesTask(./profiles/, false)
13:48:15.249 [JavaFX Application Thread] DEBUG IOTask               - succeed(): Dismissing dialog
13:48:15.249 [JavaFX Application Thread] DEBUG AppStateMachine      - Pop state: DialogSubState
13:48:15.249 [JavaFX Application Thread] DEBUG Input                - Clearing active input actions
13:48:15.249 [JavaFX Application Thread] DEBUG AppStateMachine      - MainMenuState <- DialogSubState
13:48:15.250 [JavaFX Application Thread] DEBUG IOTask               - Task succeeded: loadDirectoryNamesTask(./profiles/, false)
13:48:15.252 [JavaFX Application Thread] DEBUG AppStateMachine      - Push state: DialogSubState
13:48:15.252 [JavaFX Application Thread] DEBUG Input                - Clearing active input actions
13:48:15.252 [JavaFX Application Thread] DEBUG AppStateMachine      - MainMenuState -> DialogSubState
13:48:15.989 [JavaFX Application Thread] DEBUG AppStateMachine      - Pop state: DialogSubState
13:48:15.990 [JavaFX Application Thread] DEBUG Input                - Clearing active input actions
13:48:15.990 [JavaFX Application Thread] DEBUG AppStateMachine      - MainMenuState <- DialogSubState
13:48:15.990 [JavaFX Application Thread] DEBUG FXGL.SaveLoadManager - Loading profile: 123
13:48:15.991 [JavaFX Application Thread] DEBUG IOTask               - Showing dialog
13:48:15.992 [JavaFX Application Thread] DEBUG AppStateMachine      - Push state: DialogSubState
13:48:15.992 [JavaFX Application Thread] DEBUG Input                - Clearing active input actions
13:48:15.992 [JavaFX Application Thread] DEBUG AppStateMachine      - MainMenuState -> DialogSubState
13:48:15.994 [FXGL Background Thread 1 ] DEBUG IOTask               - Executing task: readDataTask(./profiles/123/user.profile)
13:48:15.994 [FXGL Background Thread 1 ] DEBUG FS                   - Reading from: .\profiles\123\user.profile
13:48:16.005 [JavaFX Application Thread] DEBUG IOTask               - succeed(): Dismissing dialog
13:48:16.005 [JavaFX Application Thread] DEBUG AppStateMachine      - Pop state: DialogSubState
13:48:16.005 [JavaFX Application Thread] DEBUG Input                - Clearing active input actions
13:48:16.005 [JavaFX Application Thread] DEBUG AppStateMachine      - MainMenuState <- DialogSubState
13:48:16.005 [JavaFX Application Thread] DEBUG IOTask               - Task succeeded: readDataTask(./profiles/123/user.profile)
13:48:16.006 [JavaFX Application Thread] DEBUG EventBus             - Firing event: LoadEvent[type=LOAD_PROFILE]
13:48:16.006 [JavaFX Application Thread] DEBUG AudioPlayer          - Loading data from profile
13:48:16.006 [JavaFX Application Thread] DEBUG Bundle               - Logging bundle: audio
13:48:16.006 [JavaFX Application Thread] DEBUG Bundle               - audio.musicVolume=0.5
13:48:16.006 [JavaFX Application Thread] DEBUG Bundle               - audio.soundVolume=0.5
13:48:16.006 [JavaFX Application Thread] DEBUG Input                - Loading data from profile
13:48:16.006 [JavaFX Application Thread] DEBUG Bundle               - Logging bundle: input
13:48:16.006 [JavaFX Application Thread] DEBUG Bundle               - input.Screenshot=P
13:48:16.006 [JavaFX Application Thread] DEBUG Bundle               - input.Swim Up=Space
13:48:16.006 [JavaFX Application Thread] DEBUG Bundle               - input.Dev Options=CTRL+0
13:48:16.007 [JavaFX Application Thread] DEBUG Bundle               - Logging bundle: gameplayStats
13:48:16.007 [JavaFX Application Thread] DEBUG Bundle               - gameplayStats.playtime=84349996626
13:48:16.007 [JavaFX Application Thread] DEBUG AchievementManager   - Loading data from profile
13:48:16.007 [JavaFX Application Thread] DEBUG Bundle               - Logging bundle: achievement
13:48:16.007 [JavaFX Application Thread] DEBUG FXGL.SaveLoadManager - Loading last modified save file
13:48:16.007 [JavaFX Application Thread] DEBUG FXGL.SaveLoadManager - Loading save files
13:48:16.010 [JavaFX Application Thread] DEBUG IOTask               - Showing dialog
13:48:16.010 [JavaFX Application Thread] DEBUG AppStateMachine      - Push state: DialogSubState
13:48:16.010 [JavaFX Application Thread] DEBUG Input                - Clearing active input actions
13:48:16.011 [JavaFX Application Thread] DEBUG AppStateMachine      - MainMenuState -> DialogSubState
13:48:16.012 [FXGL Background Thread 1 ] DEBUG IOTask               - Executing task: loadFileNamesTask(./profiles/123/saves/, true, [FileExtension(extension=.sav)])
13:48:16.012 [FXGL Background Thread 1 ] DEBUG IOTask               - Executing task: loadFileNamesTask(./profiles/123/saves/, true, [FileExtension(extension=.sav)])
13:48:16.012 [FXGL Background Thread 1 ] DEBUG IOTask               - Executing task: loadFileNamesTask(./profiles/123/saves/, true, [FileExtension(extension=.sav)])
13:48:16.018 [FXGL Background Thread 1 ] DEBUG IOTask               - Executing task: readSaveFiles
13:48:16.019 [FXGL Background Thread 1 ] DEBUG IOTask               - Executing task: findLastSave
13:48:16.021 [JavaFX Application Thread] DEBUG IOTask               - fail(): Dismissing dialog
13:48:16.021 [JavaFX Application Thread] DEBUG AppStateMachine      - Pop state: DialogSubState
13:48:16.022 [JavaFX Application Thread] DEBUG Input                - Clearing active input actions
13:48:16.022 [JavaFX Application Thread] DEBUG AppStateMachine      - MainMenuState <- DialogSubState
13:48:16.022 [JavaFX Application Thread] WARN  IOTask               - Task failed: loadFileNamesTask(./profiles/123/saves/, true, [FileExtension(extension=.sav)]) Error: java.io.FileNotFoundException: No save files found
13:48:16.392 [JavaFX Application Thread] DEBUG FXGL.Menu            - fireNewGame()
13:48:16.392 [JavaFX Application Thread] DEBUG GameApplication      - Starting new game
13:48:16.392 [JavaFX Application Thread] DEBUG Input                - Clearing active input actions
13:48:16.392 [JavaFX Application Thread] DEBUG AppStateMachine      - MainMenuState -> LoadingState
13:48:16.398 [JavaFX Application Thread] WARN  AnnotationParser     - BasicGameApp has no package or contains uppercase letters. Disabling annotations processing
13:48:16.398 [JavaFX Application Thread] DEBUG InitAppTask          - Parsing annotations
13:48:16.403 [FXGL Background Thread 1 ] DEBUG InitAppTask          - Clearing previous game
13:48:16.404 [FXGL Background Thread 1 ] DEBUG FXGL.GameWorld       - Clearing game world
13:48:16.407 [FXGL Background Thread 1 ] DEBUG FXGL.PhysicsWorld    - Clearing physics world
13:48:16.407 [FXGL Background Thread 1 ] DEBUG FXGL.GameScene       - Clearing game scene
13:48:16.408 [FXGL Background Thread 1 ] DEBUG InitAppTask          - Initializing Assets
13:48:16.408 [FXGL Background Thread 1 ] DEBUG InitAppTask          - Initializing Game
13:48:16.410 [FXGL Background Thread 1 ] DEBUG AssetLoader          - Loading from disk: /assets/textures/SeamlessUnderwaterBackground.jpg
13:48:16.464 [FXGL Background Thread 1 ] DEBUG FXGL.GameScene       - Creating render group for layer: BACKGROUND(1000)
13:48:16.490 [FXGL Background Thread 1 ] DEBUG AssetLoader          - Loading from disk: /assets/textures/ResizedDiverGif.gif
13:48:16.502 [FXGL Background Thread 1 ] DEBUG FXGL.GameScene       - Creating render group for layer: TOP(2147483647)
13:48:16.504 [FXGL Background Thread 1 ] DEBUG InitAppTask          - Initializing Physics
13:48:16.505 [FXGL Background Thread 1 ] DEBUG InitAppTask          - Initializing UI
13:48:16.510 [FXGL Background Thread 1 ] DEBUG InitAppTask          - Initialization Complete
13:48:16.510 [FXGL Background Thread 1 ] INFO  InitAppTask          - Game initialization took: 0,107 sec
13:48:16.522 [JavaFX Application Thread] DEBUG Input                - Clearing active input actions
13:48:16.522 [JavaFX Application Thread] DEBUG AppStateMachine      - LoadingState -> PlayState
13:48:16.539 [JavaFX Application Thread] DEBUG AssetLoader          - Loading from disk: /assets/textures/BoatImage200px.png
13:48:16.542 [JavaFX Application Thread] DEBUG AssetLoader          - Loading from disk: /assets/textures/coral150px.png
13:48:16.546 [JavaFX Application Thread] DEBUG AssetLoader          - Loading from disk: /assets/textures/Shark75px.png
13:48:16.549 [JavaFX Application Thread] DEBUG AssetLoader          - Loading from disk: /assets/textures/CoinSpin50px.gif
13:48:16.551 [JavaFX Application Thread] DEBUG AssetLoader          - Loading from cache: /assets/textures/CoinSpin50px.gif
13:48:16.552 [JavaFX Application Thread] DEBUG AssetLoader          - Loading from cache: /assets/textures/CoinSpin50px.gif
13:48:17.898 [JavaFX Application Thread] DEBUG AssetLoader          - Loading from cache: /assets/textures/BoatImage200px.png
13:48:17.899 [JavaFX Application Thread] DEBUG AssetLoader          - Loading from cache: /assets/textures/coral150px.png
13:48:17.900 [JavaFX Application Thread] DEBUG AssetLoader          - Loading from cache: /assets/textures/Shark75px.png
13:48:17.900 [JavaFX Application Thread] DEBUG AssetLoader          - Loading from cache: /assets/textures/CoinSpin50px.gif
13:48:17.901 [JavaFX Application Thread] DEBUG AssetLoader          - Loading from cache: /assets/textures/CoinSpin50px.gif
13:48:17.901 [JavaFX Application Thread] DEBUG AssetLoader          - Loading from cache: /assets/textures/CoinSpin50px.gif
13:48:17.907 [JavaFX Application Thread] DEBUG GameApplication      - Starting new game
13:48:17.907 [JavaFX Application Thread] DEBUG Input                - Clearing active input actions
13:48:17.907 [JavaFX Application Thread] DEBUG AppStateMachine      - PlayState -> LoadingState
13:48:17.912 [FXGL Background Thread 1 ] DEBUG InitAppTask          - Clearing previous game
13:48:17.912 [FXGL Background Thread 1 ] DEBUG FXGL.GameWorld       - Clearing game world
13:48:17.917 [FXGL Background Thread 1 ] DEBUG FXGL.PhysicsWorld    - Clearing physics world
13:48:17.917 [FXGL Background Thread 1 ] DEBUG FXGL.GameScene       - Clearing game scene
13:48:17.917 [FXGL Background Thread 1 ] DEBUG InitAppTask          - Initializing Assets
13:48:17.917 [FXGL Background Thread 1 ] DEBUG InitAppTask          - Initializing Game
13:48:17.917 [FXGL Background Thread 1 ] DEBUG AssetLoader          - Loading from cache: /assets/textures/SeamlessUnderwaterBackground.jpg@800.0x600.0
13:48:17.917 [FXGL Background Thread 1 ] DEBUG FXGL.GameScene       - Creating render group for layer: BACKGROUND(1000)
13:48:17.918 [FXGL Background Thread 1 ] DEBUG AssetLoader          - Loading from cache: /assets/textures/ResizedDiverGif.gif
13:48:17.918 [FXGL Background Thread 1 ] DEBUG FXGL.GameScene       - Creating render group for layer: TOP(2147483647)
13:48:17.918 [FXGL Background Thread 1 ] DEBUG InitAppTask          - Initializing Physics
13:48:17.919 [FXGL Background Thread 1 ] DEBUG InitAppTask          - Initializing UI
13:48:17.919 [FXGL Background Thread 1 ] DEBUG InitAppTask          - Initialization Complete
13:48:17.919 [FXGL Background Thread 1 ] INFO  InitAppTask          - Game initialization took: 0,007 sec
13:48:17.931 [JavaFX Application Thread] DEBUG Input                - Clearing active input actions
13:48:17.931 [JavaFX Application Thread] DEBUG AppStateMachine      - LoadingState -> PlayState
13:48:17.962 [JavaFX Application Thread] DEBUG AssetLoader          - Loading from cache: /assets/textures/BoatImage200px.png
13:48:17.963 [JavaFX Application Thread] DEBUG AssetLoader          - Loading from cache: /assets/textures/coral150px.png
13:48:17.964 [JavaFX Application Thread] DEBUG AssetLoader          - Loading from cache: /assets/textures/Shark75px.png
13:48:17.964 [JavaFX Application Thread] DEBUG AssetLoader          - Loading from cache: /assets/textures/CoinSpin50px.gif
13:48:17.965 [JavaFX Application Thread] DEBUG AssetLoader          - Loading from cache: /assets/textures/CoinSpin50px.gif
13:48:17.965 [JavaFX Application Thread] DEBUG AssetLoader          - Loading from cache: /assets/textures/CoinSpin50px.gif
13:48:17.966 [JavaFX Application Thread] DEBUG AssetLoader          - Loading from cache: /assets/textures/CoinSpin50px.gif
13:48:17.966 [JavaFX Application Thread] DEBUG AssetLoader          - Loading from cache: /assets/textures/BoatImage200px.png
13:48:17.967 [JavaFX Application Thread] DEBUG AssetLoader          - Loading from cache: /assets/textures/coral150px.png
13:48:17.967 [JavaFX Application Thread] DEBUG AssetLoader          - Loading from cache: /assets/textures/Shark75px.png
13:48:17.967 [JavaFX Application Thread] DEBUG AssetLoader          - Loading from cache: /assets/textures/CoinSpin50px.gif
13:48:19.118 [JavaFX Application Thread] DEBUG GameApplication      - Exiting game application
13:48:19.118 [JavaFX Application Thread] DEBUG MenuEventHandler     - Creating default profile
13:48:19.118 [JavaFX Application Thread] DEBUG EventBus             - Firing event: SaveEvent
13:48:19.119 [JavaFX Application Thread] DEBUG AudioPlayer          - Saving data to profile
13:48:19.119 [JavaFX Application Thread] DEBUG Bundle               - Logging bundle: audio
13:48:19.119 [JavaFX Application Thread] DEBUG Bundle               - audio.musicVolume=0.5
13:48:19.119 [JavaFX Application Thread] DEBUG Bundle               - audio.soundVolume=0.5
13:48:19.119 [JavaFX Application Thread] DEBUG Input                - Saving data to profile
13:48:19.119 [JavaFX Application Thread] DEBUG Bundle               - Logging bundle: input
13:48:19.119 [JavaFX Application Thread] DEBUG Bundle               - input.Screenshot=P
13:48:19.119 [JavaFX Application Thread] DEBUG Bundle               - input.Swim Up=Space
13:48:19.119 [JavaFX Application Thread] DEBUG Bundle               - input.Dev Options=CTRL+0
13:48:19.119 [JavaFX Application Thread] DEBUG Bundle               - Logging bundle: gameplayStats
13:48:19.119 [JavaFX Application Thread] DEBUG Bundle               - gameplayStats.playtime=86833329860
13:48:19.119 [JavaFX Application Thread] DEBUG AchievementManager   - Saving data to profile
13:48:19.119 [JavaFX Application Thread] DEBUG Bundle               - Logging bundle: achievement
13:48:19.119 [JavaFX Application Thread] DEBUG FXGL.SaveLoadManager - Saving profile: 123
13:48:19.120 [JavaFX Application Thread] DEBUG IOTask               - Executing task: writeDataTask(./profiles/123/user.profile)
13:48:19.121 [JavaFX Application Thread] DEBUG IOTask               - Executing task: writeDataTask(./profiles/123/user.profile)
13:48:19.123 [JavaFX Application Thread] DEBUG FS                   - Writing to: .\profiles\123\user.profile
13:48:19.129 [JavaFX Application Thread] DEBUG IOTask               - Executing task: checkSavesDir(./profiles/123/saves/)
13:48:19.129 [JavaFX Application Thread] DEBUG IOTask               - Task succeeded: writeDataTask(./profiles/123/user.profile)
13:48:19.129 [JavaFX Application Thread] DEBUG GameApplication      - Shutting down background threads
13:48:19.129 [JavaFX Application Thread] DEBUG GameApplication      - Exiting FXGL
13:48:19.129 [JavaFX Application Thread] DEBUG FXGL                 - Saving FXGL system data
13:48:19.130 [JavaFX Application Thread] DEBUG IOTask               - Executing task: writeDataTask(system/fxgl.bundle)
13:48:19.131 [JavaFX Application Thread] DEBUG FS                   - Writing to: system\fxgl.bundle
13:48:19.135 [JavaFX Application Thread] DEBUG IOTask               - Task succeeded: writeDataTask(system/fxgl.bundle)
13:48:19.135 [JavaFX Application Thread] DEBUG GameApplication      - Closing logger and exiting JavaFX
