17:03:50.950 [JavaFX Application Thread] DEBUG GameApplication      - Logger initialized
17:03:51.294 [JavaFX Application Thread] DEBUG GameApplication      - Starting FXGL
17:03:51.295 [JavaFX Application Thread] INFO  Version              - FXGL-0.4.0
17:03:51.295 [JavaFX Application Thread] INFO  Version              - Source code and latest versions at: https://github.com/AlmasB/FXGL
17:03:51.295 [JavaFX Application Thread] INFO  Version              -              Join the FXGL chat at: https://gitter.im/AlmasB/FXGL
17:03:51.352 [FXGL Launcher Thread     ] DEBUG FXGL                 - Loading FXGL system data
17:03:51.356 [FXGL Launcher Thread     ] DEBUG IOTask               - Executing task: readDataTask(system/fxgl.bundle)
17:03:51.362 [FXGL Launcher Thread     ] DEBUG FS                   - Reading from: system\fxgl.bundle
17:03:51.371 [FXGL Launcher Thread     ] DEBUG IOTask               - Task succeeded: readDataTask(system/fxgl.bundle)
17:03:51.371 [FXGL Launcher Thread     ] DEBUG Bundle               - Logging bundle: FXGL
17:03:51.373 [FXGL Launcher Thread     ] DEBUG Bundle               - FXGL.offline.timer.version.check=2018-01-30T12:29:41.871
17:03:51.373 [FXGL Launcher Thread     ] DEBUG GameApplication      - FXGL configuration complete
17:03:51.375 [FXGL Launcher Thread     ] INFO  GameApplication      - FXGL configuration took:  0,052 sec
17:03:51.376 [FXGL Launcher Thread     ] DEBUG GameApplication      - Logging game settings
Title: Test
Version: 0.0
Width: 800
Height: 600
Fullscreen: false
Intro: false
Menus: false
Profiling: false
Single step:false
App Mode: DEVELOPER
Menu Key: ESCAPE
Stage Style: DECORATED
Scene Factory: class com.almasb.fxgl.scene.SceneFactory
Dialog Factory: class com.almasb.fxgl.ui.FXGLDialogFactory
UI Factory: class com.almasb.fxgl.ui.FXGLUIFactory
Notification Service: class com.almasb.fxgl.gameplay.notification.XboxNotificationView
Exception Handler: class com.almasb.fxgl.app.FXGLExceptionHandler
17:03:51.381 [FXGL Launcher Thread     ] DEBUG GameApplication      - Configuring GameApplication
17:03:51.384 [FXGL Launcher Thread     ] DEBUG AppStateMachine      - Initializing application states
17:03:51.393 [FXGL Launcher Thread     ] DEBUG AssetLoader          - Loading from disk: /assets/ui/cursors/fxgl_default.png
17:03:51.411 [FXGL Launcher Thread     ] DEBUG AssetLoader          - Loading from disk: /assets/ui/cursors/fxgl_default.png
17:03:51.418 [FXGL Launcher Thread     ] DEBUG AssetLoader          - Loading from disk: /assets/sounds/core/notification.wav
17:03:51.440 [FXGL Launcher Thread     ] DEBUG AssetLoader          - Loading from disk: /assets/sounds/menu/select.wav
17:03:51.441 [FXGL Launcher Thread     ] DEBUG AssetLoader          - Loading from disk: /assets/sounds/menu/back.wav
17:03:51.443 [FXGL Launcher Thread     ] DEBUG AssetLoader          - Loading from disk: /assets/sounds/menu/press.wav
17:03:51.444 [FXGL Launcher Thread     ] DEBUG AssetLoader          - Loading from disk: /assets/ui/fonts/VarelaRound-Regular.ttf
17:03:51.585 [FXGL Launcher Thread     ] DEBUG AssetLoader          - Loading from disk: /assets/ui/fonts/lucida_console.ttf
17:03:51.605 [FXGL Launcher Thread     ] DEBUG AssetLoader          - Loading from disk: /assets/ui/css/fxgl_dark.css
17:03:51.605 [FXGL Launcher Thread     ] DEBUG AssetLoader          - Loading from disk: /assets/ui/icons/fxgl_icon.png
17:03:51.622 [FXGL Launcher Thread     ] DEBUG AssetLoader          - Loading from disk: /assets/ui/cursors/fxgl_default.png
17:03:51.640 [FXGL Launcher Thread     ] DEBUG FXGL.GameScene       - Game scene initialized: 800x600
17:03:51.643 [FXGL Launcher Thread     ] DEBUG FXGL.GameWorld       - Game world initialized
17:03:51.692 [FXGL Launcher Thread     ] DEBUG FXGL.PhysicsWorld    - Physics world initialized: appHeight=600, physics.ppm=50,0
17:03:51.709 [FXGL Launcher Thread     ] DEBUG Input                - Registered new binding: Pause - Esc
17:03:51.721 [FXGL Launcher Thread     ] INFO  GameApplication      - Game configuration took:  0,341 sec
17:03:51.723 [JavaFX Application Thread] DEBUG MainWindow           - Target size: 800.0 x 600.0 @ 1.0
17:03:51.723 [JavaFX Application Thread] DEBUG MainWindow           - New size:    800.0 x 600.0 @ 1.0
17:03:51.723 [JavaFX Application Thread] DEBUG MainWindow           - Opening main window
17:03:51.746 [JavaFX Application Thread] DEBUG MainWindow           - Root size:  800.0x600.0
17:03:51.747 [JavaFX Application Thread] DEBUG MainWindow           - Scene size: 800.0x600.0
17:03:51.747 [JavaFX Application Thread] DEBUG MainWindow           - Stage size: 806.0x629.0
17:03:51.747 [JavaFX Application Thread] DEBUG GameApplication      - Running preInit()
17:03:51.753 [JavaFX Application Thread] WARN  AnnotationParser     - BasicGameApp has no package or contains uppercase letters. Disabling annotations processing
17:03:51.755 [JavaFX Application Thread] DEBUG Input                - Registered new binding: Screenshot - P
17:03:51.756 [JavaFX Application Thread] DEBUG Input                - Registered new binding: Dev Options - CTRL+0
17:03:51.756 [JavaFX Application Thread] DEBUG Input                - Registered new binding: Swim Up - W
17:03:51.756 [JavaFX Application Thread] DEBUG Input                - Registered new binding: Swim Down - S
17:03:51.756 [JavaFX Application Thread] DEBUG Input                - Registered new binding: Swim Forward - D
17:03:51.756 [JavaFX Application Thread] DEBUG Input                - Registered new binding: Swim Backward - A
17:03:51.782 [JavaFX Application Thread] DEBUG GameApplication      - Starting main loop
17:03:51.786 [JavaFX Application Thread] DEBUG StartupState         - STARTUP
17:03:51.786 [JavaFX Application Thread] DEBUG GameApplication      - Starting new game
17:03:51.786 [JavaFX Application Thread] DEBUG Input                - Clearing active input actions
17:03:51.786 [JavaFX Application Thread] DEBUG AppStateMachine      - StartupState -> LoadingState
17:03:51.812 [JavaFX Application Thread] WARN  AnnotationParser     - BasicGameApp has no package or contains uppercase letters. Disabling annotations processing
17:03:51.814 [JavaFX Application Thread] DEBUG InitAppTask          - Parsing annotations
17:03:51.822 [FXGL Background Thread 1 ] DEBUG InitAppTask          - Clearing previous game
17:03:51.822 [FXGL Background Thread 1 ] DEBUG FXGL.GameWorld       - Clearing game world
17:03:51.823 [FXGL Background Thread 1 ] DEBUG FXGL.PhysicsWorld    - Clearing physics world
17:03:51.823 [FXGL Background Thread 1 ] DEBUG FXGL.GameScene       - Clearing game scene
17:03:51.824 [FXGL Background Thread 1 ] DEBUG InitAppTask          - Initializing Assets
17:03:51.826 [FXGL Background Thread 1 ] DEBUG InitAppTask          - Initializing Game
17:03:51.857 [FXGL Background Thread 1 ] DEBUG AssetLoader          - Loading from disk: /assets/textures/BackgroundUnderwater.jpg
17:03:51.887 [FXGL Background Thread 1 ] DEBUG FXGL.GameScene       - Creating render group for layer: TOP(2147483647)
17:03:51.890 [FXGL Background Thread 1 ] DEBUG AssetLoader          - Loading from disk: /assets/textures/diver-1.gif
17:03:51.914 [FXGL Background Thread 1 ] DEBUG InitAppTask          - Initializing Physics
17:03:51.914 [FXGL Background Thread 1 ] DEBUG InitAppTask          - Initializing UI
17:03:51.916 [FXGL Background Thread 1 ] DEBUG InitAppTask          - Initialization Complete
17:03:51.917 [FXGL Background Thread 1 ] INFO  InitAppTask          - Game initialization took: 0,095 sec
17:03:51.926 [JavaFX Application Thread] DEBUG Input                - Clearing active input actions
17:03:51.926 [JavaFX Application Thread] DEBUG AppStateMachine      - LoadingState -> PlayState
17:03:56.072 [JavaFX Application Thread] DEBUG GameApplication      - Exiting game application
17:03:56.073 [JavaFX Application Thread] DEBUG GameApplication      - Shutting down background threads
17:03:56.074 [JavaFX Application Thread] DEBUG GameApplication      - Exiting FXGL
17:03:56.074 [JavaFX Application Thread] DEBUG FXGL                 - Saving FXGL system data
17:03:56.076 [JavaFX Application Thread] DEBUG IOTask               - Executing task: writeDataTask(system/fxgl.bundle)
17:03:56.078 [JavaFX Application Thread] DEBUG FS                   - Writing to: system\fxgl.bundle
17:03:56.081 [JavaFX Application Thread] DEBUG IOTask               - Task succeeded: writeDataTask(system/fxgl.bundle)
17:03:56.082 [JavaFX Application Thread] DEBUG GameApplication      - Closing logger and exiting JavaFX
