17:04:01.141 [JavaFX Application Thread] DEBUG GameApplication      - Logger initialized
17:04:01.355 [JavaFX Application Thread] DEBUG GameApplication      - Starting FXGL
17:04:01.356 [JavaFX Application Thread] INFO  Version              - FXGL-0.4.0
17:04:01.356 [JavaFX Application Thread] INFO  Version              - Source code and latest versions at: https://github.com/AlmasB/FXGL
17:04:01.356 [JavaFX Application Thread] INFO  Version              -              Join the FXGL chat at: https://gitter.im/AlmasB/FXGL
17:04:01.405 [FXGL Launcher Thread     ] DEBUG FXGL                 - Loading FXGL system data
17:04:01.410 [FXGL Launcher Thread     ] DEBUG IOTask               - Executing task: readDataTask(system/fxgl.bundle)
17:04:01.416 [FXGL Launcher Thread     ] DEBUG FS                   - Reading from: system\fxgl.bundle
17:04:01.423 [FXGL Launcher Thread     ] DEBUG IOTask               - Task succeeded: readDataTask(system/fxgl.bundle)
17:04:01.423 [FXGL Launcher Thread     ] DEBUG Bundle               - Logging bundle: FXGL
17:04:01.424 [FXGL Launcher Thread     ] DEBUG Bundle               - FXGL.offline.timer.version.check=2018-01-30T12:29:41.871
17:04:01.424 [FXGL Launcher Thread     ] DEBUG GameApplication      - FXGL configuration complete
17:04:01.426 [FXGL Launcher Thread     ] INFO  GameApplication      - FXGL configuration took:  0,043 sec
17:04:01.426 [FXGL Launcher Thread     ] DEBUG GameApplication      - Logging game settings
Title: Test
Version: 0.0
Width: 800
Height: 600
Fullscreen: false
Intro: false
Menus: false
Profiling: false
Single step:false
App Mode: DEVELOPER
Menu Key: ESCAPE
Stage Style: DECORATED
Scene Factory: class com.almasb.fxgl.scene.SceneFactory
Dialog Factory: class com.almasb.fxgl.ui.FXGLDialogFactory
UI Factory: class com.almasb.fxgl.ui.FXGLUIFactory
Notification Service: class com.almasb.fxgl.gameplay.notification.XboxNotificationView
Exception Handler: class com.almasb.fxgl.app.FXGLExceptionHandler
17:04:01.430 [FXGL Launcher Thread     ] DEBUG GameApplication      - Configuring GameApplication
17:04:01.433 [FXGL Launcher Thread     ] DEBUG AppStateMachine      - Initializing application states
17:04:01.440 [FXGL Launcher Thread     ] DEBUG AssetLoader          - Loading from disk: /assets/ui/cursors/fxgl_default.png
17:04:01.457 [FXGL Launcher Thread     ] DEBUG AssetLoader          - Loading from disk: /assets/ui/cursors/fxgl_default.png
17:04:01.463 [FXGL Launcher Thread     ] DEBUG AssetLoader          - Loading from disk: /assets/sounds/core/notification.wav
17:04:01.487 [FXGL Launcher Thread     ] DEBUG AssetLoader          - Loading from disk: /assets/sounds/menu/select.wav
17:04:01.488 [FXGL Launcher Thread     ] DEBUG AssetLoader          - Loading from disk: /assets/sounds/menu/back.wav
17:04:01.490 [FXGL Launcher Thread     ] DEBUG AssetLoader          - Loading from disk: /assets/sounds/menu/press.wav
17:04:01.494 [FXGL Launcher Thread     ] DEBUG AssetLoader          - Loading from disk: /assets/ui/fonts/VarelaRound-Regular.ttf
17:04:01.608 [FXGL Launcher Thread     ] DEBUG AssetLoader          - Loading from disk: /assets/ui/fonts/lucida_console.ttf
17:04:01.650 [FXGL Launcher Thread     ] DEBUG AssetLoader          - Loading from disk: /assets/ui/css/fxgl_dark.css
17:04:01.651 [FXGL Launcher Thread     ] DEBUG AssetLoader          - Loading from disk: /assets/ui/icons/fxgl_icon.png
17:04:01.667 [FXGL Launcher Thread     ] DEBUG AssetLoader          - Loading from disk: /assets/ui/cursors/fxgl_default.png
17:04:01.684 [FXGL Launcher Thread     ] DEBUG FXGL.GameScene       - Game scene initialized: 800x600
17:04:01.687 [FXGL Launcher Thread     ] DEBUG FXGL.GameWorld       - Game world initialized
17:04:01.728 [FXGL Launcher Thread     ] DEBUG FXGL.PhysicsWorld    - Physics world initialized: appHeight=600, physics.ppm=50,0
17:04:01.746 [FXGL Launcher Thread     ] DEBUG Input                - Registered new binding: Pause - Esc
17:04:01.767 [FXGL Launcher Thread     ] INFO  GameApplication      - Game configuration took:  0,338 sec
17:04:01.769 [JavaFX Application Thread] DEBUG MainWindow           - Target size: 800.0 x 600.0 @ 1.0
17:04:01.769 [JavaFX Application Thread] DEBUG MainWindow           - New size:    800.0 x 600.0 @ 1.0
17:04:01.769 [JavaFX Application Thread] DEBUG MainWindow           - Opening main window
17:04:01.797 [JavaFX Application Thread] DEBUG MainWindow           - Root size:  800.0x600.0
17:04:01.797 [JavaFX Application Thread] DEBUG MainWindow           - Scene size: 800.0x600.0
17:04:01.797 [JavaFX Application Thread] DEBUG MainWindow           - Stage size: 806.0x629.0
17:04:01.797 [JavaFX Application Thread] DEBUG GameApplication      - Running preInit()
17:04:01.803 [JavaFX Application Thread] WARN  AnnotationParser     - BasicGameApp has no package or contains uppercase letters. Disabling annotations processing
17:04:01.805 [JavaFX Application Thread] DEBUG Input                - Registered new binding: Screenshot - P
17:04:01.805 [JavaFX Application Thread] DEBUG Input                - Registered new binding: Dev Options - CTRL+0
17:04:01.806 [JavaFX Application Thread] DEBUG Input                - Registered new binding: Swim Up - W
17:04:01.806 [JavaFX Application Thread] DEBUG Input                - Registered new binding: Swim Down - S
17:04:01.806 [JavaFX Application Thread] DEBUG Input                - Registered new binding: Swim Forward - D
17:04:01.806 [JavaFX Application Thread] DEBUG Input                - Registered new binding: Swim Backward - A
17:04:01.837 [JavaFX Application Thread] DEBUG GameApplication      - Starting main loop
17:04:01.840 [JavaFX Application Thread] DEBUG StartupState         - STARTUP
17:04:01.840 [JavaFX Application Thread] DEBUG GameApplication      - Starting new game
17:04:01.840 [JavaFX Application Thread] DEBUG Input                - Clearing active input actions
17:04:01.840 [JavaFX Application Thread] DEBUG AppStateMachine      - StartupState -> LoadingState
17:04:01.864 [JavaFX Application Thread] WARN  AnnotationParser     - BasicGameApp has no package or contains uppercase letters. Disabling annotations processing
17:04:01.865 [JavaFX Application Thread] DEBUG InitAppTask          - Parsing annotations
17:04:01.870 [FXGL Background Thread 1 ] DEBUG InitAppTask          - Clearing previous game
17:04:01.871 [FXGL Background Thread 1 ] DEBUG FXGL.GameWorld       - Clearing game world
17:04:01.871 [FXGL Background Thread 1 ] DEBUG FXGL.PhysicsWorld    - Clearing physics world
17:04:01.871 [FXGL Background Thread 1 ] DEBUG FXGL.GameScene       - Clearing game scene
17:04:01.872 [FXGL Background Thread 1 ] DEBUG InitAppTask          - Initializing Assets
17:04:01.872 [FXGL Background Thread 1 ] DEBUG InitAppTask          - Initializing Game
17:04:01.906 [FXGL Background Thread 1 ] DEBUG AssetLoader          - Loading from disk: /assets/textures/BackgroundUnderwater.jpg
17:04:01.934 [FXGL Background Thread 1 ] DEBUG FXGL.GameScene       - Creating render group for layer: TOP(2147483647)
17:04:01.937 [FXGL Background Thread 1 ] DEBUG AssetLoader          - Loading from disk: /assets/textures/diver-1.gif
17:04:01.957 [FXGL Background Thread 1 ] DEBUG InitAppTask          - Initializing Physics
17:04:01.958 [FXGL Background Thread 1 ] DEBUG InitAppTask          - Initializing UI
17:04:01.960 [FXGL Background Thread 1 ] DEBUG InitAppTask          - Initialization Complete
17:04:01.960 [FXGL Background Thread 1 ] INFO  InitAppTask          - Game initialization took: 0,090 sec
17:04:01.967 [JavaFX Application Thread] DEBUG Input                - Clearing active input actions
17:04:01.967 [JavaFX Application Thread] DEBUG AppStateMachine      - LoadingState -> PlayState
17:04:15.005 [JavaFX Application Thread] DEBUG GameApplication      - Exiting game application
17:04:15.006 [JavaFX Application Thread] DEBUG GameApplication      - Shutting down background threads
17:04:15.006 [JavaFX Application Thread] DEBUG GameApplication      - Exiting FXGL
17:04:15.006 [JavaFX Application Thread] DEBUG FXGL                 - Saving FXGL system data
17:04:15.007 [JavaFX Application Thread] DEBUG IOTask               - Executing task: writeDataTask(system/fxgl.bundle)
17:04:15.009 [JavaFX Application Thread] DEBUG FS                   - Writing to: system\fxgl.bundle
17:04:15.013 [JavaFX Application Thread] DEBUG IOTask               - Task succeeded: writeDataTask(system/fxgl.bundle)
17:04:15.013 [JavaFX Application Thread] DEBUG GameApplication      - Closing logger and exiting JavaFX
