17:05:25.661 [JavaFX Application Thread] DEBUG GameApplication      - Logger initialized
17:05:25.868 [JavaFX Application Thread] DEBUG GameApplication      - Starting FXGL
17:05:25.869 [JavaFX Application Thread] INFO  Version              - FXGL-0.4.0
17:05:25.869 [JavaFX Application Thread] INFO  Version              - Source code and latest versions at: https://github.com/AlmasB/FXGL
17:05:25.869 [JavaFX Application Thread] INFO  Version              -              Join the FXGL chat at: https://gitter.im/AlmasB/FXGL
17:05:25.920 [FXGL Launcher Thread     ] DEBUG FXGL                 - Loading FXGL system data
17:05:25.923 [FXGL Launcher Thread     ] DEBUG IOTask               - Executing task: readDataTask(system/fxgl.bundle)
17:05:25.930 [FXGL Launcher Thread     ] DEBUG FS                   - Reading from: system\fxgl.bundle
17:05:25.937 [FXGL Launcher Thread     ] DEBUG IOTask               - Task succeeded: readDataTask(system/fxgl.bundle)
17:05:25.937 [FXGL Launcher Thread     ] DEBUG Bundle               - Logging bundle: FXGL
17:05:25.938 [FXGL Launcher Thread     ] DEBUG Bundle               - FXGL.offline.timer.version.check=2018-01-30T12:29:41.871
17:05:25.938 [FXGL Launcher Thread     ] DEBUG GameApplication      - FXGL configuration complete
17:05:25.939 [FXGL Launcher Thread     ] INFO  GameApplication      - FXGL configuration took:  0,044 sec
17:05:25.940 [FXGL Launcher Thread     ] DEBUG GameApplication      - Logging game settings
Title: Test
Version: 0.0
Width: 800
Height: 600
Fullscreen: false
Intro: false
Menus: false
Profiling: false
Single step:false
App Mode: DEVELOPER
Menu Key: ESCAPE
Stage Style: DECORATED
Scene Factory: class com.almasb.fxgl.scene.SceneFactory
Dialog Factory: class com.almasb.fxgl.ui.FXGLDialogFactory
UI Factory: class com.almasb.fxgl.ui.FXGLUIFactory
Notification Service: class com.almasb.fxgl.gameplay.notification.XboxNotificationView
Exception Handler: class com.almasb.fxgl.app.FXGLExceptionHandler
17:05:25.946 [FXGL Launcher Thread     ] DEBUG GameApplication      - Configuring GameApplication
17:05:25.950 [FXGL Launcher Thread     ] DEBUG AppStateMachine      - Initializing application states
17:05:25.957 [FXGL Launcher Thread     ] DEBUG AssetLoader          - Loading from disk: /assets/ui/cursors/fxgl_default.png
17:05:25.974 [FXGL Launcher Thread     ] DEBUG AssetLoader          - Loading from disk: /assets/ui/cursors/fxgl_default.png
17:05:25.980 [FXGL Launcher Thread     ] DEBUG AssetLoader          - Loading from disk: /assets/sounds/core/notification.wav
17:05:26.000 [FXGL Launcher Thread     ] DEBUG AssetLoader          - Loading from disk: /assets/sounds/menu/select.wav
17:05:26.001 [FXGL Launcher Thread     ] DEBUG AssetLoader          - Loading from disk: /assets/sounds/menu/back.wav
17:05:26.011 [FXGL Launcher Thread     ] DEBUG AssetLoader          - Loading from disk: /assets/sounds/menu/press.wav
17:05:26.014 [FXGL Launcher Thread     ] DEBUG AssetLoader          - Loading from disk: /assets/ui/fonts/VarelaRound-Regular.ttf
17:05:26.089 [FXGL Launcher Thread     ] DEBUG AssetLoader          - Loading from disk: /assets/ui/fonts/lucida_console.ttf
17:05:26.142 [FXGL Launcher Thread     ] DEBUG AssetLoader          - Loading from disk: /assets/ui/css/fxgl_dark.css
17:05:26.142 [FXGL Launcher Thread     ] DEBUG AssetLoader          - Loading from disk: /assets/ui/icons/fxgl_icon.png
17:05:26.158 [FXGL Launcher Thread     ] DEBUG AssetLoader          - Loading from disk: /assets/ui/cursors/fxgl_default.png
17:05:26.175 [FXGL Launcher Thread     ] DEBUG FXGL.GameScene       - Game scene initialized: 800x600
17:05:26.178 [FXGL Launcher Thread     ] DEBUG FXGL.GameWorld       - Game world initialized
17:05:26.219 [FXGL Launcher Thread     ] DEBUG FXGL.PhysicsWorld    - Physics world initialized: appHeight=600, physics.ppm=50,0
17:05:26.237 [FXGL Launcher Thread     ] DEBUG Input                - Registered new binding: Pause - Esc
17:05:26.253 [FXGL Launcher Thread     ] INFO  GameApplication      - Game configuration took:  0,307 sec
17:05:26.262 [JavaFX Application Thread] DEBUG MainWindow           - Target size: 800.0 x 600.0 @ 1.0
17:05:26.262 [JavaFX Application Thread] DEBUG MainWindow           - New size:    800.0 x 600.0 @ 1.0
17:05:26.262 [JavaFX Application Thread] DEBUG MainWindow           - Opening main window
17:05:26.299 [JavaFX Application Thread] DEBUG MainWindow           - Root size:  800.0x600.0
17:05:26.299 [JavaFX Application Thread] DEBUG MainWindow           - Scene size: 800.0x600.0
17:05:26.299 [JavaFX Application Thread] DEBUG MainWindow           - Stage size: 806.0x629.0
17:05:26.299 [JavaFX Application Thread] DEBUG GameApplication      - Running preInit()
17:05:26.305 [JavaFX Application Thread] WARN  AnnotationParser     - BasicGameApp has no package or contains uppercase letters. Disabling annotations processing
17:05:26.307 [JavaFX Application Thread] DEBUG Input                - Registered new binding: Screenshot - P
17:05:26.307 [JavaFX Application Thread] DEBUG Input                - Registered new binding: Dev Options - CTRL+0
17:05:26.307 [JavaFX Application Thread] DEBUG Input                - Registered new binding: Swim Up - W
17:05:26.307 [JavaFX Application Thread] DEBUG Input                - Registered new binding: Swim Down - S
17:05:26.308 [JavaFX Application Thread] DEBUG Input                - Registered new binding: Swim Forward - D
17:05:26.308 [JavaFX Application Thread] DEBUG Input                - Registered new binding: Swim Backward - A
17:05:26.338 [JavaFX Application Thread] DEBUG GameApplication      - Starting main loop
17:05:26.344 [JavaFX Application Thread] DEBUG StartupState         - STARTUP
17:05:26.345 [JavaFX Application Thread] DEBUG GameApplication      - Starting new game
17:05:26.345 [JavaFX Application Thread] DEBUG Input                - Clearing active input actions
17:05:26.345 [JavaFX Application Thread] DEBUG AppStateMachine      - StartupState -> LoadingState
17:05:26.368 [JavaFX Application Thread] WARN  AnnotationParser     - BasicGameApp has no package or contains uppercase letters. Disabling annotations processing
17:05:26.368 [JavaFX Application Thread] DEBUG InitAppTask          - Parsing annotations
17:05:26.394 [FXGL Background Thread 1 ] DEBUG InitAppTask          - Clearing previous game
17:05:26.395 [FXGL Background Thread 1 ] DEBUG FXGL.GameWorld       - Clearing game world
17:05:26.395 [FXGL Background Thread 1 ] DEBUG FXGL.PhysicsWorld    - Clearing physics world
17:05:26.396 [FXGL Background Thread 1 ] DEBUG FXGL.GameScene       - Clearing game scene
17:05:26.396 [FXGL Background Thread 1 ] DEBUG InitAppTask          - Initializing Assets
17:05:26.397 [FXGL Background Thread 1 ] DEBUG InitAppTask          - Initializing Game
17:05:26.425 [FXGL Background Thread 1 ] DEBUG AssetLoader          - Loading from disk: /assets/textures/BackgroundUnderwater.jpg
17:05:26.456 [FXGL Background Thread 1 ] DEBUG FXGL.GameScene       - Creating render group for layer: TOP(2147483647)
17:05:26.459 [FXGL Background Thread 1 ] DEBUG AssetLoader          - Loading from disk: /assets/textures/diver-1.gif
17:05:26.478 [FXGL Background Thread 1 ] DEBUG InitAppTask          - Initializing Physics
17:05:26.479 [FXGL Background Thread 1 ] DEBUG InitAppTask          - Initializing UI
17:05:26.480 [FXGL Background Thread 1 ] DEBUG InitAppTask          - Initialization Complete
17:05:26.480 [FXGL Background Thread 1 ] INFO  InitAppTask          - Game initialization took: 0,086 sec
17:05:26.486 [JavaFX Application Thread] DEBUG Input                - Clearing active input actions
17:05:26.486 [JavaFX Application Thread] DEBUG AppStateMachine      - LoadingState -> PlayState
17:05:29.506 [JavaFX Application Thread] DEBUG GameApplication      - Exiting game application
17:05:29.507 [JavaFX Application Thread] DEBUG GameApplication      - Shutting down background threads
17:05:29.507 [JavaFX Application Thread] DEBUG GameApplication      - Exiting FXGL
17:05:29.507 [JavaFX Application Thread] DEBUG FXGL                 - Saving FXGL system data
17:05:29.508 [JavaFX Application Thread] DEBUG IOTask               - Executing task: writeDataTask(system/fxgl.bundle)
17:05:29.512 [JavaFX Application Thread] DEBUG FS                   - Writing to: system\fxgl.bundle
17:05:29.517 [JavaFX Application Thread] DEBUG IOTask               - Task succeeded: writeDataTask(system/fxgl.bundle)
17:05:29.518 [JavaFX Application Thread] DEBUG GameApplication      - Closing logger and exiting JavaFX
