13:48:47.911 [JavaFX Application Thread] DEBUG GameApplication      - Logger initialized
13:48:48.123 [JavaFX Application Thread] DEBUG GameApplication      - Starting FXGL
13:48:48.123 [JavaFX Application Thread] INFO  Version              - FXGL-0.4.0
13:48:48.124 [JavaFX Application Thread] INFO  Version              - Source code and latest versions at: https://github.com/AlmasB/FXGL
13:48:48.124 [JavaFX Application Thread] INFO  Version              -              Join the FXGL chat at: https://gitter.im/AlmasB/FXGL
13:48:48.196 [FXGL Launcher Thread     ] DEBUG FXGL                 - Loading FXGL system data
13:48:48.200 [FXGL Launcher Thread     ] DEBUG IOTask               - Executing task: readDataTask(system/fxgl.bundle)
13:48:48.205 [FXGL Launcher Thread     ] DEBUG FS                   - Reading from: system\fxgl.bundle
13:48:48.213 [FXGL Launcher Thread     ] DEBUG IOTask               - Task succeeded: readDataTask(system/fxgl.bundle)
13:48:48.214 [FXGL Launcher Thread     ] DEBUG Bundle               - Logging bundle: FXGL
13:48:48.214 [FXGL Launcher Thread     ] DEBUG Bundle               - FXGL.offline.timer.version.check=2018-01-30T12:29:41.871
13:48:48.215 [FXGL Launcher Thread     ] DEBUG GameApplication      - FXGL configuration complete
13:48:48.216 [FXGL Launcher Thread     ] INFO  GameApplication      - FXGL configuration took:  0,044 sec
13:48:48.216 [FXGL Launcher Thread     ] DEBUG GameApplication      - Logging game settings
Title: SwimmingMan
Version: 2.0
Width: 800
Height: 600
Fullscreen: false
Intro: false
Menus: true
Profiling: false
Single step:false
App Mode: DEVELOPER
Menu Key: ESCAPE
Stage Style: DECORATED
Scene Factory: class com.almasb.fxgl.scene.SceneFactory
Dialog Factory: class com.almasb.fxgl.ui.FXGLDialogFactory
UI Factory: class com.almasb.fxgl.ui.FXGLUIFactory
Notification Service: class com.almasb.fxgl.gameplay.notification.XboxNotificationView
Exception Handler: class com.almasb.fxgl.app.FXGLExceptionHandler
13:48:48.222 [FXGL Launcher Thread     ] DEBUG GameApplication      - Configuring GameApplication
13:48:48.225 [FXGL Launcher Thread     ] DEBUG AppStateMachine      - Initializing application states
13:48:48.233 [FXGL Launcher Thread     ] DEBUG AssetLoader          - Loading from disk: /assets/ui/cursors/fxgl_default.png
13:48:48.249 [FXGL Launcher Thread     ] DEBUG AssetLoader          - Loading from disk: /assets/ui/cursors/fxgl_default.png
13:48:48.256 [FXGL Launcher Thread     ] DEBUG AssetLoader          - Loading from disk: /assets/sounds/core/notification.wav
13:48:48.277 [FXGL Launcher Thread     ] DEBUG AssetLoader          - Loading from disk: /assets/sounds/menu/select.wav
13:48:48.278 [FXGL Launcher Thread     ] DEBUG AssetLoader          - Loading from disk: /assets/sounds/menu/back.wav
13:48:48.286 [FXGL Launcher Thread     ] DEBUG AssetLoader          - Loading from disk: /assets/sounds/menu/press.wav
13:48:48.288 [FXGL Launcher Thread     ] DEBUG AssetLoader          - Loading from disk: /assets/ui/fonts/VarelaRound-Regular.ttf
13:48:48.417 [FXGL Launcher Thread     ] DEBUG AssetLoader          - Loading from disk: /assets/ui/fonts/lucida_console.ttf
13:48:48.427 [FXGL Launcher Thread     ] DEBUG AssetLoader          - Loading from disk: /assets/ui/css/fxgl_dark.css
13:48:48.427 [FXGL Launcher Thread     ] DEBUG AssetLoader          - Loading from disk: /assets/ui/icons/fxgl_icon.png
13:48:48.443 [FXGL Launcher Thread     ] DEBUG AssetLoader          - Loading from disk: /assets/ui/cursors/fxgl_default.png
13:48:48.461 [FXGL Launcher Thread     ] DEBUG FXGL.GameScene       - Game scene initialized: 800x600
13:48:48.464 [FXGL Launcher Thread     ] DEBUG FXGL.GameWorld       - Game world initialized
13:48:48.507 [FXGL Launcher Thread     ] DEBUG FXGL.PhysicsWorld    - Physics world initialized: appHeight=600, physics.ppm=50,0
13:48:48.522 [FXGL Launcher Thread     ] DEBUG AssetLoader          - Loading from disk: /assets/ui/cursors/fxgl_default.png
13:48:48.526 [FXGL Launcher Thread     ] DEBUG FXGL.Menu            - createMenuBodyMainMenu()
13:48:48.532 [FXGL Launcher Thread     ] DEBUG AssetLoader          - Loading from disk: /assets/properties/languages/english.properties
13:48:48.533 [FXGL Launcher Thread     ] DEBUG AssetLoader          - Loading from cache: /assets/properties/languages/english.properties
13:48:48.533 [FXGL Launcher Thread     ] DEBUG FXGL.Menu            - createOptionsMenu()
13:48:48.534 [FXGL Launcher Thread     ] DEBUG AssetLoader          - Loading from cache: /assets/properties/languages/english.properties
13:48:48.534 [FXGL Launcher Thread     ] DEBUG AssetLoader          - Loading from cache: /assets/properties/languages/english.properties
13:48:48.535 [FXGL Launcher Thread     ] DEBUG AssetLoader          - Loading from cache: /assets/properties/languages/english.properties
13:48:48.535 [FXGL Launcher Thread     ] DEBUG AssetLoader          - Loading from cache: /assets/properties/languages/english.properties
13:48:48.536 [FXGL Launcher Thread     ] DEBUG AssetLoader          - Loading from cache: /assets/properties/languages/english.properties
13:48:48.537 [FXGL Launcher Thread     ] DEBUG AssetLoader          - Loading from cache: /assets/properties/languages/english.properties
13:48:48.537 [FXGL Launcher Thread     ] DEBUG AssetLoader          - Loading from cache: /assets/properties/languages/english.properties
13:48:48.538 [FXGL Launcher Thread     ] DEBUG AssetLoader          - Loading from cache: /assets/properties/languages/english.properties
13:48:48.539 [FXGL Launcher Thread     ] DEBUG AssetLoader          - Loading from disk: /assets/ui/cursors/fxgl_default.png
13:48:48.542 [FXGL Launcher Thread     ] DEBUG FXGL.Menu            - createMenuBodyGameMenu()
13:48:48.543 [FXGL Launcher Thread     ] DEBUG AssetLoader          - Loading from cache: /assets/properties/languages/english.properties
13:48:48.543 [FXGL Launcher Thread     ] DEBUG AssetLoader          - Loading from cache: /assets/properties/languages/english.properties
13:48:48.543 [FXGL Launcher Thread     ] DEBUG FXGL.Menu            - createOptionsMenu()
13:48:48.543 [FXGL Launcher Thread     ] DEBUG AssetLoader          - Loading from cache: /assets/properties/languages/english.properties
13:48:48.544 [FXGL Launcher Thread     ] DEBUG AssetLoader          - Loading from cache: /assets/properties/languages/english.properties
13:48:48.544 [FXGL Launcher Thread     ] DEBUG AssetLoader          - Loading from cache: /assets/properties/languages/english.properties
13:48:48.544 [FXGL Launcher Thread     ] DEBUG AssetLoader          - Loading from cache: /assets/properties/languages/english.properties
13:48:48.544 [FXGL Launcher Thread     ] DEBUG AssetLoader          - Loading from cache: /assets/properties/languages/english.properties
13:48:48.545 [FXGL Launcher Thread     ] DEBUG AssetLoader          - Loading from cache: /assets/properties/languages/english.properties
13:48:48.545 [FXGL Launcher Thread     ] DEBUG AssetLoader          - Loading from cache: /assets/properties/languages/english.properties
13:48:48.550 [FXGL Launcher Thread     ] INFO  GameApplication      - Game configuration took:  0,328 sec
13:48:48.551 [JavaFX Application Thread] DEBUG MainWindow           - Target size: 800.0 x 600.0 @ 1.0
13:48:48.552 [JavaFX Application Thread] DEBUG MainWindow           - New size:    800.0 x 600.0 @ 1.0
13:48:48.552 [JavaFX Application Thread] DEBUG MainWindow           - Opening main window
13:48:48.586 [JavaFX Application Thread] DEBUG MainWindow           - Root size:  800.0x600.0
13:48:48.586 [JavaFX Application Thread] DEBUG MainWindow           - Scene size: 800.0x600.0
13:48:48.586 [JavaFX Application Thread] DEBUG MainWindow           - Stage size: 806.0x629.0
13:48:48.586 [JavaFX Application Thread] DEBUG GameApplication      - Running preInit()
13:48:48.592 [JavaFX Application Thread] WARN  AnnotationParser     - BasicGameApp has no package or contains uppercase letters. Disabling annotations processing
13:48:48.609 [JavaFX Application Thread] DEBUG Input                - Registered new binding: Screenshot - P
13:48:48.609 [JavaFX Application Thread] DEBUG Input                - Registered new binding: Dev Options - CTRL+0
13:48:48.685 [JavaFX Application Thread] DEBUG Input                - Registered new binding: Swim Up - Space
13:48:48.685 [JavaFX Application Thread] DEBUG MenuEventHandler     - generateDefaultProfile()
13:48:48.685 [JavaFX Application Thread] DEBUG MenuEventHandler     - Creating default profile
13:48:48.686 [JavaFX Application Thread] DEBUG EventBus             - Firing event: SaveEvent
13:48:48.687 [JavaFX Application Thread] DEBUG AudioPlayer          - Saving data to profile
13:48:48.687 [JavaFX Application Thread] DEBUG Bundle               - Logging bundle: audio
13:48:48.687 [JavaFX Application Thread] DEBUG Bundle               - audio.musicVolume=0.5
13:48:48.687 [JavaFX Application Thread] DEBUG Bundle               - audio.soundVolume=0.5
13:48:48.688 [JavaFX Application Thread] DEBUG Input                - Saving data to profile
13:48:48.688 [JavaFX Application Thread] DEBUG Bundle               - Logging bundle: input
13:48:48.688 [JavaFX Application Thread] DEBUG Bundle               - input.Screenshot=P
13:48:48.688 [JavaFX Application Thread] DEBUG Bundle               - input.Swim Up=Space
13:48:48.688 [JavaFX Application Thread] DEBUG Bundle               - input.Dev Options=CTRL+0
13:48:48.690 [JavaFX Application Thread] DEBUG Bundle               - Logging bundle: gameplayStats
13:48:48.691 [JavaFX Application Thread] DEBUG Bundle               - gameplayStats.playtime=0
13:48:48.691 [JavaFX Application Thread] DEBUG AchievementManager   - Saving data to profile
13:48:48.691 [JavaFX Application Thread] DEBUG Bundle               - Logging bundle: achievement
13:48:48.716 [JavaFX Application Thread] DEBUG GameApplication      - Starting main loop
13:48:48.717 [JavaFX Application Thread] DEBUG StartupState         - STARTUP
13:48:48.718 [JavaFX Application Thread] DEBUG Input                - Clearing active input actions
13:48:48.718 [JavaFX Application Thread] DEBUG AppStateMachine      - StartupState -> MainMenuState
13:48:48.746 [JavaFX Application Thread] DEBUG FXGL.SaveLoadManager - Checking profiles dir: profiles/
13:48:48.746 [JavaFX Application Thread] DEBUG FXGL.SaveLoadManager - Loading profile names
13:48:48.749 [JavaFX Application Thread] DEBUG IOTask               - Showing dialog
13:48:48.752 [JavaFX Application Thread] DEBUG AppStateMachine      - Push state: DialogSubState
13:48:48.752 [JavaFX Application Thread] DEBUG Input                - Clearing active input actions
13:48:48.752 [JavaFX Application Thread] DEBUG AppStateMachine      - MainMenuState -> DialogSubState
13:48:48.759 [FXGL Background Thread 1 ] DEBUG IOTask               - Executing task: loadDirectoryNamesTask(./profiles/, false)
13:48:48.883 [JavaFX Application Thread] DEBUG IOTask               - succeed(): Dismissing dialog
13:48:48.883 [JavaFX Application Thread] DEBUG AppStateMachine      - Pop state: DialogSubState
13:48:48.883 [JavaFX Application Thread] DEBUG Input                - Clearing active input actions
13:48:48.883 [JavaFX Application Thread] DEBUG AppStateMachine      - MainMenuState <- DialogSubState
13:48:48.884 [JavaFX Application Thread] DEBUG IOTask               - Task succeeded: loadDirectoryNamesTask(./profiles/, false)
13:48:48.886 [JavaFX Application Thread] DEBUG AppStateMachine      - Push state: DialogSubState
13:48:48.886 [JavaFX Application Thread] DEBUG Input                - Clearing active input actions
13:48:48.886 [JavaFX Application Thread] DEBUG AppStateMachine      - MainMenuState -> DialogSubState
13:48:49.832 [JavaFX Application Thread] DEBUG AppStateMachine      - Pop state: DialogSubState
13:48:49.832 [JavaFX Application Thread] DEBUG Input                - Clearing active input actions
13:48:49.833 [JavaFX Application Thread] DEBUG AppStateMachine      - MainMenuState <- DialogSubState
13:48:49.833 [JavaFX Application Thread] DEBUG FXGL.SaveLoadManager - Loading profile: 123
13:48:49.834 [JavaFX Application Thread] DEBUG IOTask               - Showing dialog
13:48:49.835 [JavaFX Application Thread] DEBUG AppStateMachine      - Push state: DialogSubState
13:48:49.835 [JavaFX Application Thread] DEBUG Input                - Clearing active input actions
13:48:49.835 [JavaFX Application Thread] DEBUG AppStateMachine      - MainMenuState -> DialogSubState
13:48:49.836 [FXGL Background Thread 1 ] DEBUG IOTask               - Executing task: readDataTask(./profiles/123/user.profile)
13:48:49.837 [FXGL Background Thread 1 ] DEBUG FS                   - Reading from: .\profiles\123\user.profile
13:48:49.850 [JavaFX Application Thread] DEBUG IOTask               - succeed(): Dismissing dialog
13:48:49.850 [JavaFX Application Thread] DEBUG AppStateMachine      - Pop state: DialogSubState
13:48:49.850 [JavaFX Application Thread] DEBUG Input                - Clearing active input actions
13:48:49.850 [JavaFX Application Thread] DEBUG AppStateMachine      - MainMenuState <- DialogSubState
13:48:49.850 [JavaFX Application Thread] DEBUG IOTask               - Task succeeded: readDataTask(./profiles/123/user.profile)
13:48:49.850 [JavaFX Application Thread] DEBUG EventBus             - Firing event: LoadEvent[type=LOAD_PROFILE]
13:48:49.851 [JavaFX Application Thread] DEBUG AudioPlayer          - Loading data from profile
13:48:49.851 [JavaFX Application Thread] DEBUG Bundle               - Logging bundle: audio
13:48:49.851 [JavaFX Application Thread] DEBUG Bundle               - audio.musicVolume=0.5
13:48:49.851 [JavaFX Application Thread] DEBUG Bundle               - audio.soundVolume=0.5
13:48:49.851 [JavaFX Application Thread] DEBUG Input                - Loading data from profile
13:48:49.851 [JavaFX Application Thread] DEBUG Bundle               - Logging bundle: input
13:48:49.851 [JavaFX Application Thread] DEBUG Bundle               - input.Screenshot=P
13:48:49.851 [JavaFX Application Thread] DEBUG Bundle               - input.Swim Up=Space
13:48:49.851 [JavaFX Application Thread] DEBUG Bundle               - input.Dev Options=CTRL+0
13:48:49.851 [JavaFX Application Thread] DEBUG Bundle               - Logging bundle: gameplayStats
13:48:49.851 [JavaFX Application Thread] DEBUG Bundle               - gameplayStats.playtime=89816663074
13:48:49.852 [JavaFX Application Thread] DEBUG AchievementManager   - Loading data from profile
13:48:49.852 [JavaFX Application Thread] DEBUG Bundle               - Logging bundle: achievement
13:48:49.853 [JavaFX Application Thread] DEBUG FXGL.SaveLoadManager - Loading last modified save file
13:48:49.853 [JavaFX Application Thread] DEBUG FXGL.SaveLoadManager - Loading save files
13:48:49.856 [JavaFX Application Thread] DEBUG IOTask               - Showing dialog
13:48:49.856 [JavaFX Application Thread] DEBUG AppStateMachine      - Push state: DialogSubState
13:48:49.856 [JavaFX Application Thread] DEBUG Input                - Clearing active input actions
13:48:49.856 [JavaFX Application Thread] DEBUG AppStateMachine      - MainMenuState -> DialogSubState
13:48:49.858 [FXGL Background Thread 1 ] DEBUG IOTask               - Executing task: loadFileNamesTask(./profiles/123/saves/, true, [FileExtension(extension=.sav)])
13:48:49.858 [FXGL Background Thread 1 ] DEBUG IOTask               - Executing task: loadFileNamesTask(./profiles/123/saves/, true, [FileExtension(extension=.sav)])
13:48:49.858 [FXGL Background Thread 1 ] DEBUG IOTask               - Executing task: loadFileNamesTask(./profiles/123/saves/, true, [FileExtension(extension=.sav)])
13:48:49.860 [FXGL Background Thread 1 ] DEBUG IOTask               - Executing task: readSaveFiles
13:48:49.861 [FXGL Background Thread 1 ] DEBUG IOTask               - Executing task: findLastSave
13:48:49.868 [JavaFX Application Thread] DEBUG IOTask               - fail(): Dismissing dialog
13:48:49.868 [JavaFX Application Thread] DEBUG AppStateMachine      - Pop state: DialogSubState
13:48:49.868 [JavaFX Application Thread] DEBUG Input                - Clearing active input actions
13:48:49.869 [JavaFX Application Thread] DEBUG AppStateMachine      - MainMenuState <- DialogSubState
13:48:49.869 [JavaFX Application Thread] WARN  IOTask               - Task failed: loadFileNamesTask(./profiles/123/saves/, true, [FileExtension(extension=.sav)]) Error: java.io.FileNotFoundException: No save files found
13:48:50.326 [JavaFX Application Thread] DEBUG FXGL.Menu            - fireNewGame()
13:48:50.326 [JavaFX Application Thread] DEBUG GameApplication      - Starting new game
13:48:50.326 [JavaFX Application Thread] DEBUG Input                - Clearing active input actions
13:48:50.327 [JavaFX Application Thread] DEBUG AppStateMachine      - MainMenuState -> LoadingState
13:48:50.332 [JavaFX Application Thread] WARN  AnnotationParser     - BasicGameApp has no package or contains uppercase letters. Disabling annotations processing
13:48:50.332 [JavaFX Application Thread] DEBUG InitAppTask          - Parsing annotations
13:48:50.333 [FXGL Background Thread 1 ] DEBUG InitAppTask          - Clearing previous game
13:48:50.334 [FXGL Background Thread 1 ] DEBUG FXGL.GameWorld       - Clearing game world
13:48:50.334 [FXGL Background Thread 1 ] DEBUG FXGL.PhysicsWorld    - Clearing physics world
13:48:50.334 [FXGL Background Thread 1 ] DEBUG FXGL.GameScene       - Clearing game scene
13:48:50.335 [FXGL Background Thread 1 ] DEBUG InitAppTask          - Initializing Assets
13:48:50.335 [FXGL Background Thread 1 ] DEBUG InitAppTask          - Initializing Game
13:48:50.337 [FXGL Background Thread 1 ] DEBUG AssetLoader          - Loading from disk: /assets/textures/SeamlessUnderwaterBackground.jpg
13:48:50.398 [FXGL Background Thread 1 ] DEBUG FXGL.GameScene       - Creating render group for layer: BACKGROUND(1000)
13:48:50.422 [FXGL Background Thread 1 ] DEBUG AssetLoader          - Loading from disk: /assets/textures/ResizedDiverGif.gif
13:48:50.435 [FXGL Background Thread 1 ] DEBUG FXGL.GameScene       - Creating render group for layer: TOP(2147483647)
13:48:50.438 [FXGL Background Thread 1 ] DEBUG InitAppTask          - Initializing Physics
13:48:50.439 [FXGL Background Thread 1 ] DEBUG InitAppTask          - Initializing UI
13:48:50.444 [FXGL Background Thread 1 ] DEBUG InitAppTask          - Initialization Complete
13:48:50.445 [FXGL Background Thread 1 ] INFO  InitAppTask          - Game initialization took: 0,111 sec
13:48:50.448 [JavaFX Application Thread] DEBUG Input                - Clearing active input actions
13:48:50.448 [JavaFX Application Thread] DEBUG AppStateMachine      - LoadingState -> PlayState
13:48:50.466 [JavaFX Application Thread] DEBUG AssetLoader          - Loading from disk: /assets/textures/BoatImage200px.png
13:48:50.469 [JavaFX Application Thread] DEBUG AssetLoader          - Loading from disk: /assets/textures/coral150px.png
13:48:50.473 [JavaFX Application Thread] DEBUG AssetLoader          - Loading from disk: /assets/textures/Shark75px.png
13:48:50.476 [JavaFX Application Thread] DEBUG AssetLoader          - Loading from disk: /assets/textures/CoinSpin50px.gif
13:48:50.479 [JavaFX Application Thread] DEBUG AssetLoader          - Loading from cache: /assets/textures/CoinSpin50px.gif
13:48:50.545 [JavaFX Application Thread] DEBUG AssetLoader          - Loading from cache: /assets/textures/BoatImage200px.png
13:48:50.546 [JavaFX Application Thread] DEBUG AssetLoader          - Loading from cache: /assets/textures/coral150px.png
13:48:50.546 [JavaFX Application Thread] DEBUG AssetLoader          - Loading from cache: /assets/textures/Shark75px.png
13:48:50.547 [JavaFX Application Thread] DEBUG AssetLoader          - Loading from cache: /assets/textures/CoinSpin50px.gif
13:48:50.548 [JavaFX Application Thread] DEBUG AssetLoader          - Loading from cache: /assets/textures/CoinSpin50px.gif
13:48:50.548 [JavaFX Application Thread] DEBUG AssetLoader          - Loading from cache: /assets/textures/CoinSpin50px.gif
13:48:51.866 [JavaFX Application Thread] DEBUG GameApplication      - Exiting game application
13:48:51.867 [JavaFX Application Thread] DEBUG MenuEventHandler     - Creating default profile
13:48:51.867 [JavaFX Application Thread] DEBUG EventBus             - Firing event: SaveEvent
13:48:51.867 [JavaFX Application Thread] DEBUG AudioPlayer          - Saving data to profile
13:48:51.867 [JavaFX Application Thread] DEBUG Bundle               - Logging bundle: audio
13:48:51.867 [JavaFX Application Thread] DEBUG Bundle               - audio.musicVolume=0.5
13:48:51.867 [JavaFX Application Thread] DEBUG Bundle               - audio.soundVolume=0.5
13:48:51.867 [JavaFX Application Thread] DEBUG Input                - Saving data to profile
13:48:51.867 [JavaFX Application Thread] DEBUG Bundle               - Logging bundle: input
13:48:51.867 [JavaFX Application Thread] DEBUG Bundle               - input.Screenshot=P
13:48:51.868 [JavaFX Application Thread] DEBUG Bundle               - input.Swim Up=Space
13:48:51.868 [JavaFX Application Thread] DEBUG Bundle               - input.Dev Options=CTRL+0
13:48:51.868 [JavaFX Application Thread] DEBUG Bundle               - Logging bundle: gameplayStats
13:48:51.868 [JavaFX Application Thread] DEBUG Bundle               - gameplayStats.playtime=91083329690
13:48:51.868 [JavaFX Application Thread] DEBUG AchievementManager   - Saving data to profile
13:48:51.868 [JavaFX Application Thread] DEBUG Bundle               - Logging bundle: achievement
13:48:51.868 [JavaFX Application Thread] DEBUG FXGL.SaveLoadManager - Saving profile: 123
13:48:51.869 [JavaFX Application Thread] DEBUG IOTask               - Executing task: writeDataTask(./profiles/123/user.profile)
13:48:51.869 [JavaFX Application Thread] DEBUG IOTask               - Executing task: writeDataTask(./profiles/123/user.profile)
13:48:51.871 [JavaFX Application Thread] DEBUG FS                   - Writing to: .\profiles\123\user.profile
13:48:51.876 [JavaFX Application Thread] DEBUG IOTask               - Executing task: checkSavesDir(./profiles/123/saves/)
13:48:51.877 [JavaFX Application Thread] DEBUG IOTask               - Task succeeded: writeDataTask(./profiles/123/user.profile)
13:48:51.877 [JavaFX Application Thread] DEBUG GameApplication      - Shutting down background threads
13:48:51.877 [JavaFX Application Thread] DEBUG GameApplication      - Exiting FXGL
13:48:51.877 [JavaFX Application Thread] DEBUG FXGL                 - Saving FXGL system data
13:48:51.877 [JavaFX Application Thread] DEBUG IOTask               - Executing task: writeDataTask(system/fxgl.bundle)
13:48:51.879 [JavaFX Application Thread] DEBUG FS                   - Writing to: system\fxgl.bundle
13:48:51.882 [JavaFX Application Thread] DEBUG IOTask               - Task succeeded: writeDataTask(system/fxgl.bundle)
13:48:51.882 [JavaFX Application Thread] DEBUG GameApplication      - Closing logger and exiting JavaFX
