17:05:07.070 [JavaFX Application Thread] DEBUG GameApplication      - Logger initialized
17:05:07.263 [JavaFX Application Thread] DEBUG GameApplication      - Starting FXGL
17:05:07.264 [JavaFX Application Thread] INFO  Version              - FXGL-0.4.0
17:05:07.264 [JavaFX Application Thread] INFO  Version              - Source code and latest versions at: https://github.com/AlmasB/FXGL
17:05:07.264 [JavaFX Application Thread] INFO  Version              -              Join the FXGL chat at: https://gitter.im/AlmasB/FXGL
17:05:07.310 [FXGL Launcher Thread     ] DEBUG FXGL                 - Loading FXGL system data
17:05:07.313 [FXGL Launcher Thread     ] DEBUG IOTask               - Executing task: readDataTask(system/fxgl.bundle)
17:05:07.319 [FXGL Launcher Thread     ] DEBUG FS                   - Reading from: system\fxgl.bundle
17:05:07.327 [FXGL Launcher Thread     ] DEBUG IOTask               - Task succeeded: readDataTask(system/fxgl.bundle)
17:05:07.327 [FXGL Launcher Thread     ] DEBUG Bundle               - Logging bundle: FXGL
17:05:07.328 [FXGL Launcher Thread     ] DEBUG Bundle               - FXGL.offline.timer.version.check=2018-01-30T12:29:41.871
17:05:07.328 [FXGL Launcher Thread     ] DEBUG GameApplication      - FXGL configuration complete
17:05:07.330 [FXGL Launcher Thread     ] INFO  GameApplication      - FXGL configuration took:  0,043 sec
17:05:07.330 [FXGL Launcher Thread     ] DEBUG GameApplication      - Logging game settings
Title: Test
Version: 0.0
Width: 800
Height: 600
Fullscreen: false
Intro: false
Menus: false
Profiling: false
Single step:false
App Mode: DEVELOPER
Menu Key: ESCAPE
Stage Style: DECORATED
Scene Factory: class com.almasb.fxgl.scene.SceneFactory
Dialog Factory: class com.almasb.fxgl.ui.FXGLDialogFactory
UI Factory: class com.almasb.fxgl.ui.FXGLUIFactory
Notification Service: class com.almasb.fxgl.gameplay.notification.XboxNotificationView
Exception Handler: class com.almasb.fxgl.app.FXGLExceptionHandler
17:05:07.334 [FXGL Launcher Thread     ] DEBUG GameApplication      - Configuring GameApplication
17:05:07.337 [FXGL Launcher Thread     ] DEBUG AppStateMachine      - Initializing application states
17:05:07.345 [FXGL Launcher Thread     ] DEBUG AssetLoader          - Loading from disk: /assets/ui/cursors/fxgl_default.png
17:05:07.364 [FXGL Launcher Thread     ] DEBUG AssetLoader          - Loading from disk: /assets/ui/cursors/fxgl_default.png
17:05:07.371 [FXGL Launcher Thread     ] DEBUG AssetLoader          - Loading from disk: /assets/sounds/core/notification.wav
17:05:07.391 [FXGL Launcher Thread     ] DEBUG AssetLoader          - Loading from disk: /assets/sounds/menu/select.wav
17:05:07.394 [FXGL Launcher Thread     ] DEBUG AssetLoader          - Loading from disk: /assets/sounds/menu/back.wav
17:05:07.398 [FXGL Launcher Thread     ] DEBUG AssetLoader          - Loading from disk: /assets/sounds/menu/press.wav
17:05:07.400 [FXGL Launcher Thread     ] DEBUG AssetLoader          - Loading from disk: /assets/ui/fonts/VarelaRound-Regular.ttf
17:05:07.481 [FXGL Launcher Thread     ] DEBUG AssetLoader          - Loading from disk: /assets/ui/fonts/lucida_console.ttf
17:05:07.565 [FXGL Launcher Thread     ] DEBUG AssetLoader          - Loading from disk: /assets/ui/css/fxgl_dark.css
17:05:07.566 [FXGL Launcher Thread     ] DEBUG AssetLoader          - Loading from disk: /assets/ui/icons/fxgl_icon.png
17:05:07.582 [FXGL Launcher Thread     ] DEBUG AssetLoader          - Loading from disk: /assets/ui/cursors/fxgl_default.png
17:05:07.599 [FXGL Launcher Thread     ] DEBUG FXGL.GameScene       - Game scene initialized: 800x600
17:05:07.602 [FXGL Launcher Thread     ] DEBUG FXGL.GameWorld       - Game world initialized
17:05:07.642 [FXGL Launcher Thread     ] DEBUG FXGL.PhysicsWorld    - Physics world initialized: appHeight=600, physics.ppm=50,0
17:05:07.678 [FXGL Launcher Thread     ] DEBUG Input                - Registered new binding: Pause - Esc
17:05:07.693 [FXGL Launcher Thread     ] INFO  GameApplication      - Game configuration took:  0,359 sec
17:05:07.694 [JavaFX Application Thread] DEBUG MainWindow           - Target size: 800.0 x 600.0 @ 1.0
17:05:07.694 [JavaFX Application Thread] DEBUG MainWindow           - New size:    800.0 x 600.0 @ 1.0
17:05:07.695 [JavaFX Application Thread] DEBUG MainWindow           - Opening main window
17:05:07.729 [JavaFX Application Thread] DEBUG MainWindow           - Root size:  800.0x600.0
17:05:07.729 [JavaFX Application Thread] DEBUG MainWindow           - Scene size: 800.0x600.0
17:05:07.729 [JavaFX Application Thread] DEBUG MainWindow           - Stage size: 806.0x629.0
17:05:07.729 [JavaFX Application Thread] DEBUG GameApplication      - Running preInit()
17:05:07.736 [JavaFX Application Thread] WARN  AnnotationParser     - BasicGameApp has no package or contains uppercase letters. Disabling annotations processing
17:05:07.738 [JavaFX Application Thread] DEBUG Input                - Registered new binding: Screenshot - P
17:05:07.738 [JavaFX Application Thread] DEBUG Input                - Registered new binding: Dev Options - CTRL+0
17:05:07.738 [JavaFX Application Thread] DEBUG Input                - Registered new binding: Swim Up - W
17:05:07.739 [JavaFX Application Thread] DEBUG Input                - Registered new binding: Swim Down - S
17:05:07.739 [JavaFX Application Thread] DEBUG Input                - Registered new binding: Swim Forward - D
17:05:07.739 [JavaFX Application Thread] DEBUG Input                - Registered new binding: Swim Backward - A
17:05:07.772 [JavaFX Application Thread] DEBUG GameApplication      - Starting main loop
17:05:07.780 [JavaFX Application Thread] DEBUG StartupState         - STARTUP
17:05:07.780 [JavaFX Application Thread] DEBUG GameApplication      - Starting new game
17:05:07.780 [JavaFX Application Thread] DEBUG Input                - Clearing active input actions
17:05:07.780 [JavaFX Application Thread] DEBUG AppStateMachine      - StartupState -> LoadingState
17:05:07.803 [JavaFX Application Thread] WARN  AnnotationParser     - BasicGameApp has no package or contains uppercase letters. Disabling annotations processing
17:05:07.803 [JavaFX Application Thread] DEBUG InitAppTask          - Parsing annotations
17:05:07.811 [FXGL Background Thread 1 ] DEBUG InitAppTask          - Clearing previous game
17:05:07.812 [FXGL Background Thread 1 ] DEBUG FXGL.GameWorld       - Clearing game world
17:05:07.814 [FXGL Background Thread 1 ] DEBUG FXGL.PhysicsWorld    - Clearing physics world
17:05:07.814 [FXGL Background Thread 1 ] DEBUG FXGL.GameScene       - Clearing game scene
17:05:07.814 [FXGL Background Thread 1 ] DEBUG InitAppTask          - Initializing Assets
17:05:07.815 [FXGL Background Thread 1 ] DEBUG InitAppTask          - Initializing Game
17:05:07.852 [FXGL Background Thread 1 ] DEBUG AssetLoader          - Loading from disk: /assets/textures/BackgroundUnderwater.jpg
17:05:07.882 [FXGL Background Thread 1 ] DEBUG FXGL.GameScene       - Creating render group for layer: TOP(2147483647)
17:05:07.886 [FXGL Background Thread 1 ] DEBUG AssetLoader          - Loading from disk: /assets/textures/diver-1.gif
17:05:07.904 [FXGL Background Thread 1 ] DEBUG InitAppTask          - Initializing Physics
17:05:07.904 [FXGL Background Thread 1 ] DEBUG InitAppTask          - Initializing UI
17:05:07.906 [FXGL Background Thread 1 ] DEBUG InitAppTask          - Initialization Complete
17:05:07.906 [FXGL Background Thread 1 ] INFO  InitAppTask          - Game initialization took: 0,095 sec
17:05:07.916 [JavaFX Application Thread] DEBUG Input                - Clearing active input actions
17:05:07.916 [JavaFX Application Thread] DEBUG AppStateMachine      - LoadingState -> PlayState
17:05:07.976 [JavaFX Application Thread] FATAL GameApplication      - Uncaught Exception:
17:05:07.977 [JavaFX Application Thread] FATAL GameApplication      - 

Exception occurred: java.lang.ClassCastException : javafx.beans.property.SimpleIntegerProperty cannot be cast to javafx.beans.property.DoubleProperty
E: com.almasb.fxgl.gameplay.GameState.doubleProperty(GameState.kt:120)
E: com.almasb.fxgl.gameplay.GameState.increment(GameState.kt:103)
E: com.almasb.fxglgames.drop.BasicGameApp.BasicGameApp.onUpdate(BasicGameApp.java:108)
E: com.almasb.fxgl.app.PlayState.onUpdate(AppStates.kt:281)
E: com.almasb.fxgl.app.State.update(State.java:67)
E: com.almasb.fxgl.app.AppStateMachine.onUpdate(AppStateMachine.java:83)
E: com.almasb.fxgl.app.GameApplication.stepLoop(GameApplication.java:417)
E: com.almasb.fxgl.app.GameApplication$1.handle(GameApplication.java:383)
E: javafx.animation.AnimationTimer$AnimationTimerReceiver.lambda$handle$484(AnimationTimer.java:57)
E: java.security.AccessController.doPrivileged(Native Method)
E: javafx.animation.AnimationTimer$AnimationTimerReceiver.handle(AnimationTimer.java:56)
E: com.sun.scenario.animation.AbstractMasterTimer.timePulseImpl(AbstractMasterTimer.java:357)
E: com.sun.scenario.animation.AbstractMasterTimer$MainLoop.run(AbstractMasterTimer.java:267)
E: com.sun.javafx.tk.quantum.QuantumToolkit.pulse(QuantumToolkit.java:506)
E: com.sun.javafx.tk.quantum.QuantumToolkit.pulse(QuantumToolkit.java:490)
E: com.sun.javafx.tk.quantum.QuantumToolkit.lambda$runToolkit$404(QuantumToolkit.java:319)
E: com.sun.glass.ui.InvokeLaterDispatcher$Future.run(InvokeLaterDispatcher.java:95)
E: com.sun.glass.ui.win.WinApplication._runLoop(Native Method)
E: com.sun.glass.ui.win.WinApplication.lambda$null$148(WinApplication.java:191)
E: java.lang.Thread.run(Thread.java:748)

17:05:07.977 [JavaFX Application Thread] FATAL GameApplication      - Application will now exit
17:05:07.977 [JavaFX Application Thread] DEBUG GameApplication      - Stopping main loop
17:05:10.011 [JavaFX Application Thread] DEBUG GameApplication      - Exiting game application
17:05:10.012 [JavaFX Application Thread] DEBUG GameApplication      - Shutting down background threads
17:05:10.012 [JavaFX Application Thread] DEBUG GameApplication      - Exiting FXGL
17:05:10.013 [JavaFX Application Thread] DEBUG FXGL                 - Saving FXGL system data
17:05:10.013 [JavaFX Application Thread] DEBUG IOTask               - Executing task: writeDataTask(system/fxgl.bundle)
17:05:10.015 [JavaFX Application Thread] DEBUG FS                   - Writing to: system\fxgl.bundle
17:05:10.018 [JavaFX Application Thread] DEBUG IOTask               - Task succeeded: writeDataTask(system/fxgl.bundle)
17:05:10.018 [JavaFX Application Thread] DEBUG GameApplication      - Closing logger and exiting JavaFX
