17:03:09.844 [JavaFX Application Thread] DEBUG GameApplication      - Logger initialized
17:03:10.064 [JavaFX Application Thread] DEBUG GameApplication      - Starting FXGL
17:03:10.064 [JavaFX Application Thread] INFO  Version              - FXGL-0.4.0
17:03:10.064 [JavaFX Application Thread] INFO  Version              - Source code and latest versions at: https://github.com/AlmasB/FXGL
17:03:10.064 [JavaFX Application Thread] INFO  Version              -              Join the FXGL chat at: https://gitter.im/AlmasB/FXGL
17:03:10.113 [FXGL Launcher Thread     ] DEBUG FXGL                 - Loading FXGL system data
17:03:10.117 [FXGL Launcher Thread     ] DEBUG IOTask               - Executing task: readDataTask(system/fxgl.bundle)
17:03:10.122 [FXGL Launcher Thread     ] DEBUG FS                   - Reading from: system\fxgl.bundle
17:03:10.129 [FXGL Launcher Thread     ] DEBUG IOTask               - Task succeeded: readDataTask(system/fxgl.bundle)
17:03:10.129 [FXGL Launcher Thread     ] DEBUG Bundle               - Logging bundle: FXGL
17:03:10.130 [FXGL Launcher Thread     ] DEBUG Bundle               - FXGL.offline.timer.version.check=2018-01-30T12:29:41.871
17:03:10.130 [FXGL Launcher Thread     ] DEBUG GameApplication      - FXGL configuration complete
17:03:10.132 [FXGL Launcher Thread     ] INFO  GameApplication      - FXGL configuration took:  0,043 sec
17:03:10.132 [FXGL Launcher Thread     ] DEBUG GameApplication      - Logging game settings
Title: Test
Version: 0.0
Width: 800
Height: 600
Fullscreen: false
Intro: false
Menus: false
Profiling: false
Single step:false
App Mode: DEVELOPER
Menu Key: ESCAPE
Stage Style: DECORATED
Scene Factory: class com.almasb.fxgl.scene.SceneFactory
Dialog Factory: class com.almasb.fxgl.ui.FXGLDialogFactory
UI Factory: class com.almasb.fxgl.ui.FXGLUIFactory
Notification Service: class com.almasb.fxgl.gameplay.notification.XboxNotificationView
Exception Handler: class com.almasb.fxgl.app.FXGLExceptionHandler
17:03:10.145 [FXGL Launcher Thread     ] DEBUG GameApplication      - Configuring GameApplication
17:03:10.148 [FXGL Launcher Thread     ] DEBUG AppStateMachine      - Initializing application states
17:03:10.155 [FXGL Launcher Thread     ] DEBUG AssetLoader          - Loading from disk: /assets/ui/cursors/fxgl_default.png
17:03:10.171 [FXGL Launcher Thread     ] DEBUG AssetLoader          - Loading from disk: /assets/ui/cursors/fxgl_default.png
17:03:10.179 [FXGL Launcher Thread     ] DEBUG AssetLoader          - Loading from disk: /assets/sounds/core/notification.wav
17:03:10.200 [FXGL Launcher Thread     ] DEBUG AssetLoader          - Loading from disk: /assets/sounds/menu/select.wav
17:03:10.201 [FXGL Launcher Thread     ] DEBUG AssetLoader          - Loading from disk: /assets/sounds/menu/back.wav
17:03:10.204 [FXGL Launcher Thread     ] DEBUG AssetLoader          - Loading from disk: /assets/sounds/menu/press.wav
17:03:10.207 [FXGL Launcher Thread     ] DEBUG AssetLoader          - Loading from disk: /assets/ui/fonts/VarelaRound-Regular.ttf
17:03:10.316 [FXGL Launcher Thread     ] DEBUG AssetLoader          - Loading from disk: /assets/ui/fonts/lucida_console.ttf
17:03:10.375 [FXGL Launcher Thread     ] DEBUG AssetLoader          - Loading from disk: /assets/ui/css/fxgl_dark.css
17:03:10.376 [FXGL Launcher Thread     ] DEBUG AssetLoader          - Loading from disk: /assets/ui/icons/fxgl_icon.png
17:03:10.392 [FXGL Launcher Thread     ] DEBUG AssetLoader          - Loading from disk: /assets/ui/cursors/fxgl_default.png
17:03:10.409 [FXGL Launcher Thread     ] DEBUG FXGL.GameScene       - Game scene initialized: 800x600
17:03:10.411 [FXGL Launcher Thread     ] DEBUG FXGL.GameWorld       - Game world initialized
17:03:10.452 [FXGL Launcher Thread     ] DEBUG FXGL.PhysicsWorld    - Physics world initialized: appHeight=600, physics.ppm=50,0
17:03:10.473 [FXGL Launcher Thread     ] DEBUG Input                - Registered new binding: Pause - Esc
17:03:10.487 [FXGL Launcher Thread     ] INFO  GameApplication      - Game configuration took:  0,343 sec
17:03:10.493 [JavaFX Application Thread] DEBUG MainWindow           - Target size: 800.0 x 600.0 @ 1.0
17:03:10.493 [JavaFX Application Thread] DEBUG MainWindow           - New size:    800.0 x 600.0 @ 1.0
17:03:10.493 [JavaFX Application Thread] DEBUG MainWindow           - Opening main window
17:03:10.529 [JavaFX Application Thread] DEBUG MainWindow           - Root size:  800.0x600.0
17:03:10.529 [JavaFX Application Thread] DEBUG MainWindow           - Scene size: 800.0x600.0
17:03:10.529 [JavaFX Application Thread] DEBUG MainWindow           - Stage size: 806.0x629.0
17:03:10.529 [JavaFX Application Thread] DEBUG GameApplication      - Running preInit()
17:03:10.535 [JavaFX Application Thread] WARN  AnnotationParser     - BasicGameApp has no package or contains uppercase letters. Disabling annotations processing
17:03:10.537 [JavaFX Application Thread] DEBUG Input                - Registered new binding: Screenshot - P
17:03:10.537 [JavaFX Application Thread] DEBUG Input                - Registered new binding: Dev Options - CTRL+0
17:03:10.537 [JavaFX Application Thread] DEBUG Input                - Registered new binding: Swim Up - W
17:03:10.538 [JavaFX Application Thread] DEBUG Input                - Registered new binding: Swim Down - S
17:03:10.538 [JavaFX Application Thread] DEBUG Input                - Registered new binding: Swim Forward - D
17:03:10.538 [JavaFX Application Thread] DEBUG Input                - Registered new binding: Swim Backward - A
17:03:10.565 [JavaFX Application Thread] DEBUG GameApplication      - Starting main loop
17:03:10.570 [JavaFX Application Thread] DEBUG StartupState         - STARTUP
17:03:10.571 [JavaFX Application Thread] DEBUG GameApplication      - Starting new game
17:03:10.571 [JavaFX Application Thread] DEBUG Input                - Clearing active input actions
17:03:10.571 [JavaFX Application Thread] DEBUG AppStateMachine      - StartupState -> LoadingState
17:03:10.597 [JavaFX Application Thread] WARN  AnnotationParser     - BasicGameApp has no package or contains uppercase letters. Disabling annotations processing
17:03:10.597 [JavaFX Application Thread] DEBUG InitAppTask          - Parsing annotations
17:03:10.602 [FXGL Background Thread 1 ] DEBUG InitAppTask          - Clearing previous game
17:03:10.603 [FXGL Background Thread 1 ] DEBUG FXGL.GameWorld       - Clearing game world
17:03:10.603 [FXGL Background Thread 1 ] DEBUG FXGL.PhysicsWorld    - Clearing physics world
17:03:10.603 [FXGL Background Thread 1 ] DEBUG FXGL.GameScene       - Clearing game scene
17:03:10.604 [FXGL Background Thread 1 ] DEBUG InitAppTask          - Initializing Assets
17:03:10.605 [FXGL Background Thread 1 ] DEBUG InitAppTask          - Initializing Game
17:03:10.636 [FXGL Background Thread 1 ] DEBUG AssetLoader          - Loading from disk: /assets/textures/BackgroundUnderwater.jpg
17:03:10.665 [FXGL Background Thread 1 ] DEBUG FXGL.GameScene       - Creating render group for layer: TOP(2147483647)
17:03:10.669 [FXGL Background Thread 1 ] DEBUG AssetLoader          - Loading from disk: /assets/textures/diver-1.gif
17:03:10.689 [FXGL Background Thread 1 ] DEBUG InitAppTask          - Initializing Physics
17:03:10.690 [FXGL Background Thread 1 ] DEBUG InitAppTask          - Initializing UI
17:03:10.692 [FXGL Background Thread 1 ] DEBUG InitAppTask          - Initialization Complete
17:03:10.693 [FXGL Background Thread 1 ] INFO  InitAppTask          - Game initialization took: 0,090 sec
17:03:10.694 [JavaFX Application Thread] DEBUG Input                - Clearing active input actions
17:03:10.694 [JavaFX Application Thread] DEBUG AppStateMachine      - LoadingState -> PlayState
17:03:21.858 [JavaFX Application Thread] DEBUG GameApplication      - Exiting game application
17:03:21.859 [JavaFX Application Thread] DEBUG GameApplication      - Shutting down background threads
17:03:21.860 [JavaFX Application Thread] DEBUG GameApplication      - Exiting FXGL
17:03:21.860 [JavaFX Application Thread] DEBUG FXGL                 - Saving FXGL system data
17:03:21.861 [JavaFX Application Thread] DEBUG IOTask               - Executing task: writeDataTask(system/fxgl.bundle)
17:03:21.863 [JavaFX Application Thread] DEBUG FS                   - Writing to: system\fxgl.bundle
17:03:21.866 [JavaFX Application Thread] DEBUG IOTask               - Task succeeded: writeDataTask(system/fxgl.bundle)
17:03:21.866 [JavaFX Application Thread] DEBUG GameApplication      - Closing logger and exiting JavaFX
