13:51:20.343 [JavaFX Application Thread] DEBUG GameApplication      - Logger initialized
13:51:20.600 [JavaFX Application Thread] DEBUG GameApplication      - Starting FXGL
13:51:20.600 [JavaFX Application Thread] INFO  Version              - FXGL-0.4.0
13:51:20.600 [JavaFX Application Thread] INFO  Version              - Source code and latest versions at: https://github.com/AlmasB/FXGL
13:51:20.601 [JavaFX Application Thread] INFO  Version              -              Join the FXGL chat at: https://gitter.im/AlmasB/FXGL
13:51:20.671 [FXGL Launcher Thread     ] DEBUG FXGL                 - Loading FXGL system data
13:51:20.675 [FXGL Launcher Thread     ] DEBUG IOTask               - Executing task: readDataTask(system/fxgl.bundle)
13:51:20.681 [FXGL Launcher Thread     ] DEBUG FS                   - Reading from: system\fxgl.bundle
13:51:20.688 [FXGL Launcher Thread     ] DEBUG IOTask               - Task succeeded: readDataTask(system/fxgl.bundle)
13:51:20.689 [FXGL Launcher Thread     ] DEBUG Bundle               - Logging bundle: FXGL
13:51:20.689 [FXGL Launcher Thread     ] DEBUG Bundle               - FXGL.offline.timer.version.check=2018-01-30T12:29:41.871
13:51:20.690 [FXGL Launcher Thread     ] DEBUG GameApplication      - FXGL configuration complete
13:51:20.691 [FXGL Launcher Thread     ] INFO  GameApplication      - FXGL configuration took:  0,044 sec
13:51:20.691 [FXGL Launcher Thread     ] DEBUG GameApplication      - Logging game settings
Title: SwimmingMan
Version: 2.0
Width: 800
Height: 600
Fullscreen: false
Intro: false
Menus: true
Profiling: false
Single step:false
App Mode: DEVELOPER
Menu Key: ESCAPE
Stage Style: DECORATED
Scene Factory: class com.almasb.fxgl.scene.SceneFactory
Dialog Factory: class com.almasb.fxgl.ui.FXGLDialogFactory
UI Factory: class com.almasb.fxgl.ui.FXGLUIFactory
Notification Service: class com.almasb.fxgl.gameplay.notification.XboxNotificationView
Exception Handler: class com.almasb.fxgl.app.FXGLExceptionHandler
13:51:20.700 [FXGL Launcher Thread     ] DEBUG GameApplication      - Configuring GameApplication
13:51:20.704 [FXGL Launcher Thread     ] DEBUG AppStateMachine      - Initializing application states
13:51:20.711 [FXGL Launcher Thread     ] DEBUG AssetLoader          - Loading from disk: /assets/ui/cursors/fxgl_default.png
13:51:20.729 [FXGL Launcher Thread     ] DEBUG AssetLoader          - Loading from disk: /assets/ui/cursors/fxgl_default.png
13:51:20.735 [FXGL Launcher Thread     ] DEBUG AssetLoader          - Loading from disk: /assets/sounds/core/notification.wav
13:51:20.751 [FXGL Launcher Thread     ] DEBUG AssetLoader          - Loading from disk: /assets/sounds/menu/select.wav
13:51:20.752 [FXGL Launcher Thread     ] DEBUG AssetLoader          - Loading from disk: /assets/sounds/menu/back.wav
13:51:20.784 [FXGL Launcher Thread     ] DEBUG AssetLoader          - Loading from disk: /assets/sounds/menu/press.wav
13:51:20.786 [FXGL Launcher Thread     ] DEBUG AssetLoader          - Loading from disk: /assets/ui/fonts/VarelaRound-Regular.ttf
13:51:20.958 [FXGL Launcher Thread     ] DEBUG AssetLoader          - Loading from disk: /assets/ui/fonts/lucida_console.ttf
13:51:20.970 [FXGL Launcher Thread     ] DEBUG AssetLoader          - Loading from disk: /assets/ui/css/fxgl_dark.css
13:51:20.970 [FXGL Launcher Thread     ] DEBUG AssetLoader          - Loading from disk: /assets/ui/icons/fxgl_icon.png
13:51:20.986 [FXGL Launcher Thread     ] DEBUG AssetLoader          - Loading from disk: /assets/ui/cursors/fxgl_default.png
13:51:21.004 [FXGL Launcher Thread     ] DEBUG FXGL.GameScene       - Game scene initialized: 800x600
13:51:21.006 [FXGL Launcher Thread     ] DEBUG FXGL.GameWorld       - Game world initialized
13:51:21.046 [FXGL Launcher Thread     ] DEBUG FXGL.PhysicsWorld    - Physics world initialized: appHeight=600, physics.ppm=50,0
13:51:21.058 [FXGL Launcher Thread     ] DEBUG AssetLoader          - Loading from disk: /assets/ui/cursors/fxgl_default.png
13:51:21.060 [FXGL Launcher Thread     ] DEBUG FXGL.Menu            - createMenuBodyMainMenu()
13:51:21.068 [FXGL Launcher Thread     ] DEBUG AssetLoader          - Loading from disk: /assets/properties/languages/english.properties
13:51:21.069 [FXGL Launcher Thread     ] DEBUG AssetLoader          - Loading from cache: /assets/properties/languages/english.properties
13:51:21.070 [FXGL Launcher Thread     ] DEBUG FXGL.Menu            - createOptionsMenu()
13:51:21.070 [FXGL Launcher Thread     ] DEBUG AssetLoader          - Loading from cache: /assets/properties/languages/english.properties
13:51:21.070 [FXGL Launcher Thread     ] DEBUG AssetLoader          - Loading from cache: /assets/properties/languages/english.properties
13:51:21.071 [FXGL Launcher Thread     ] DEBUG AssetLoader          - Loading from cache: /assets/properties/languages/english.properties
13:51:21.072 [FXGL Launcher Thread     ] DEBUG AssetLoader          - Loading from cache: /assets/properties/languages/english.properties
13:51:21.072 [FXGL Launcher Thread     ] DEBUG AssetLoader          - Loading from cache: /assets/properties/languages/english.properties
13:51:21.073 [FXGL Launcher Thread     ] DEBUG AssetLoader          - Loading from cache: /assets/properties/languages/english.properties
13:51:21.074 [FXGL Launcher Thread     ] DEBUG AssetLoader          - Loading from cache: /assets/properties/languages/english.properties
13:51:21.074 [FXGL Launcher Thread     ] DEBUG AssetLoader          - Loading from cache: /assets/properties/languages/english.properties
13:51:21.076 [FXGL Launcher Thread     ] DEBUG AssetLoader          - Loading from disk: /assets/ui/cursors/fxgl_default.png
13:51:21.077 [FXGL Launcher Thread     ] DEBUG FXGL.Menu            - createMenuBodyGameMenu()
13:51:21.077 [FXGL Launcher Thread     ] DEBUG AssetLoader          - Loading from cache: /assets/properties/languages/english.properties
13:51:21.078 [FXGL Launcher Thread     ] DEBUG AssetLoader          - Loading from cache: /assets/properties/languages/english.properties
13:51:21.078 [FXGL Launcher Thread     ] DEBUG FXGL.Menu            - createOptionsMenu()
13:51:21.078 [FXGL Launcher Thread     ] DEBUG AssetLoader          - Loading from cache: /assets/properties/languages/english.properties
13:51:21.078 [FXGL Launcher Thread     ] DEBUG AssetLoader          - Loading from cache: /assets/properties/languages/english.properties
13:51:21.079 [FXGL Launcher Thread     ] DEBUG AssetLoader          - Loading from cache: /assets/properties/languages/english.properties
13:51:21.079 [FXGL Launcher Thread     ] DEBUG AssetLoader          - Loading from cache: /assets/properties/languages/english.properties
13:51:21.079 [FXGL Launcher Thread     ] DEBUG AssetLoader          - Loading from cache: /assets/properties/languages/english.properties
13:51:21.080 [FXGL Launcher Thread     ] DEBUG AssetLoader          - Loading from cache: /assets/properties/languages/english.properties
13:51:21.080 [FXGL Launcher Thread     ] DEBUG AssetLoader          - Loading from cache: /assets/properties/languages/english.properties
13:51:21.085 [FXGL Launcher Thread     ] INFO  GameApplication      - Game configuration took:  0,384 sec
13:51:21.086 [JavaFX Application Thread] DEBUG MainWindow           - Target size: 800.0 x 600.0 @ 1.0
13:51:21.087 [JavaFX Application Thread] DEBUG MainWindow           - New size:    800.0 x 600.0 @ 1.0
13:51:21.087 [JavaFX Application Thread] DEBUG MainWindow           - Opening main window
13:51:21.122 [JavaFX Application Thread] DEBUG MainWindow           - Root size:  800.0x600.0
13:51:21.123 [JavaFX Application Thread] DEBUG MainWindow           - Scene size: 800.0x600.0
13:51:21.123 [JavaFX Application Thread] DEBUG MainWindow           - Stage size: 806.0x629.0
13:51:21.123 [JavaFX Application Thread] DEBUG GameApplication      - Running preInit()
13:51:21.128 [JavaFX Application Thread] WARN  AnnotationParser     - BasicGameApp has no package or contains uppercase letters. Disabling annotations processing
13:51:21.145 [JavaFX Application Thread] DEBUG Input                - Registered new binding: Screenshot - P
13:51:21.151 [JavaFX Application Thread] DEBUG Input                - Registered new binding: Dev Options - CTRL+0
13:51:21.228 [JavaFX Application Thread] DEBUG Input                - Registered new binding: Swim Up - Space
13:51:21.229 [JavaFX Application Thread] DEBUG MenuEventHandler     - generateDefaultProfile()
13:51:21.229 [JavaFX Application Thread] DEBUG MenuEventHandler     - Creating default profile
13:51:21.231 [JavaFX Application Thread] DEBUG EventBus             - Firing event: SaveEvent
13:51:21.232 [JavaFX Application Thread] DEBUG AudioPlayer          - Saving data to profile
13:51:21.232 [JavaFX Application Thread] DEBUG Bundle               - Logging bundle: audio
13:51:21.232 [JavaFX Application Thread] DEBUG Bundle               - audio.musicVolume=0.5
13:51:21.233 [JavaFX Application Thread] DEBUG Bundle               - audio.soundVolume=0.5
13:51:21.233 [JavaFX Application Thread] DEBUG Input                - Saving data to profile
13:51:21.233 [JavaFX Application Thread] DEBUG Bundle               - Logging bundle: input
13:51:21.233 [JavaFX Application Thread] DEBUG Bundle               - input.Screenshot=P
13:51:21.233 [JavaFX Application Thread] DEBUG Bundle               - input.Swim Up=Space
13:51:21.233 [JavaFX Application Thread] DEBUG Bundle               - input.Dev Options=CTRL+0
13:51:21.236 [JavaFX Application Thread] DEBUG Bundle               - Logging bundle: gameplayStats
13:51:21.236 [JavaFX Application Thread] DEBUG Bundle               - gameplayStats.playtime=0
13:51:21.237 [JavaFX Application Thread] DEBUG AchievementManager   - Saving data to profile
13:51:21.237 [JavaFX Application Thread] DEBUG Bundle               - Logging bundle: achievement
13:51:21.260 [JavaFX Application Thread] DEBUG GameApplication      - Starting main loop
13:51:21.261 [JavaFX Application Thread] DEBUG StartupState         - STARTUP
13:51:21.261 [JavaFX Application Thread] DEBUG Input                - Clearing active input actions
13:51:21.261 [JavaFX Application Thread] DEBUG AppStateMachine      - StartupState -> MainMenuState
13:51:21.290 [JavaFX Application Thread] DEBUG FXGL.SaveLoadManager - Checking profiles dir: profiles/
13:51:21.290 [JavaFX Application Thread] DEBUG FXGL.SaveLoadManager - Loading profile names
13:51:21.293 [JavaFX Application Thread] DEBUG IOTask               - Showing dialog
13:51:21.295 [JavaFX Application Thread] DEBUG AppStateMachine      - Push state: DialogSubState
13:51:21.295 [JavaFX Application Thread] DEBUG Input                - Clearing active input actions
13:51:21.296 [JavaFX Application Thread] DEBUG AppStateMachine      - MainMenuState -> DialogSubState
13:51:21.301 [FXGL Background Thread 1 ] DEBUG IOTask               - Executing task: loadDirectoryNamesTask(./profiles/, false)
13:51:21.412 [JavaFX Application Thread] DEBUG IOTask               - succeed(): Dismissing dialog
13:51:21.412 [JavaFX Application Thread] DEBUG AppStateMachine      - Pop state: DialogSubState
13:51:21.412 [JavaFX Application Thread] DEBUG Input                - Clearing active input actions
13:51:21.412 [JavaFX Application Thread] DEBUG AppStateMachine      - MainMenuState <- DialogSubState
13:51:21.413 [JavaFX Application Thread] DEBUG IOTask               - Task succeeded: loadDirectoryNamesTask(./profiles/, false)
13:51:21.415 [JavaFX Application Thread] DEBUG AppStateMachine      - Push state: DialogSubState
13:51:21.415 [JavaFX Application Thread] DEBUG Input                - Clearing active input actions
13:51:21.415 [JavaFX Application Thread] DEBUG AppStateMachine      - MainMenuState -> DialogSubState
13:51:22.069 [JavaFX Application Thread] DEBUG AppStateMachine      - Pop state: DialogSubState
13:51:22.069 [JavaFX Application Thread] DEBUG Input                - Clearing active input actions
13:51:22.069 [JavaFX Application Thread] DEBUG AppStateMachine      - MainMenuState <- DialogSubState
13:51:22.070 [JavaFX Application Thread] DEBUG FXGL.SaveLoadManager - Loading profile: 123
13:51:22.071 [JavaFX Application Thread] DEBUG IOTask               - Showing dialog
13:51:22.072 [JavaFX Application Thread] DEBUG AppStateMachine      - Push state: DialogSubState
13:51:22.072 [JavaFX Application Thread] DEBUG Input                - Clearing active input actions
13:51:22.072 [JavaFX Application Thread] DEBUG AppStateMachine      - MainMenuState -> DialogSubState
13:51:22.074 [FXGL Background Thread 1 ] DEBUG IOTask               - Executing task: readDataTask(./profiles/123/user.profile)
13:51:22.074 [FXGL Background Thread 1 ] DEBUG FS                   - Reading from: .\profiles\123\user.profile
13:51:22.078 [JavaFX Application Thread] DEBUG IOTask               - succeed(): Dismissing dialog
13:51:22.078 [JavaFX Application Thread] DEBUG AppStateMachine      - Pop state: DialogSubState
13:51:22.079 [JavaFX Application Thread] DEBUG Input                - Clearing active input actions
13:51:22.079 [JavaFX Application Thread] DEBUG AppStateMachine      - MainMenuState <- DialogSubState
13:51:22.079 [JavaFX Application Thread] DEBUG IOTask               - Task succeeded: readDataTask(./profiles/123/user.profile)
13:51:22.079 [JavaFX Application Thread] DEBUG EventBus             - Firing event: LoadEvent[type=LOAD_PROFILE]
13:51:22.079 [JavaFX Application Thread] DEBUG AudioPlayer          - Loading data from profile
13:51:22.079 [JavaFX Application Thread] DEBUG Bundle               - Logging bundle: audio
13:51:22.079 [JavaFX Application Thread] DEBUG Bundle               - audio.musicVolume=0.5
13:51:22.079 [JavaFX Application Thread] DEBUG Bundle               - audio.soundVolume=0.5
13:51:22.079 [JavaFX Application Thread] DEBUG Input                - Loading data from profile
13:51:22.080 [JavaFX Application Thread] DEBUG Bundle               - Logging bundle: input
13:51:22.080 [JavaFX Application Thread] DEBUG Bundle               - input.Screenshot=P
13:51:22.080 [JavaFX Application Thread] DEBUG Bundle               - input.Swim Up=Space
13:51:22.080 [JavaFX Application Thread] DEBUG Bundle               - input.Dev Options=CTRL+0
13:51:22.081 [JavaFX Application Thread] DEBUG Bundle               - Logging bundle: gameplayStats
13:51:22.081 [JavaFX Application Thread] DEBUG Bundle               - gameplayStats.playtime=130116661462
13:51:22.081 [JavaFX Application Thread] DEBUG AchievementManager   - Loading data from profile
13:51:22.081 [JavaFX Application Thread] DEBUG Bundle               - Logging bundle: achievement
13:51:22.081 [JavaFX Application Thread] DEBUG FXGL.SaveLoadManager - Loading last modified save file
13:51:22.082 [JavaFX Application Thread] DEBUG FXGL.SaveLoadManager - Loading save files
13:51:22.083 [JavaFX Application Thread] DEBUG IOTask               - Showing dialog
13:51:22.084 [JavaFX Application Thread] DEBUG AppStateMachine      - Push state: DialogSubState
13:51:22.084 [JavaFX Application Thread] DEBUG Input                - Clearing active input actions
13:51:22.084 [JavaFX Application Thread] DEBUG AppStateMachine      - MainMenuState -> DialogSubState
13:51:22.086 [FXGL Background Thread 1 ] DEBUG IOTask               - Executing task: loadFileNamesTask(./profiles/123/saves/, true, [FileExtension(extension=.sav)])
13:51:22.086 [FXGL Background Thread 1 ] DEBUG IOTask               - Executing task: loadFileNamesTask(./profiles/123/saves/, true, [FileExtension(extension=.sav)])
13:51:22.086 [FXGL Background Thread 1 ] DEBUG IOTask               - Executing task: loadFileNamesTask(./profiles/123/saves/, true, [FileExtension(extension=.sav)])
13:51:22.088 [FXGL Background Thread 1 ] DEBUG IOTask               - Executing task: readSaveFiles
13:51:22.089 [FXGL Background Thread 1 ] DEBUG IOTask               - Executing task: findLastSave
13:51:22.095 [JavaFX Application Thread] DEBUG IOTask               - fail(): Dismissing dialog
13:51:22.095 [JavaFX Application Thread] DEBUG AppStateMachine      - Pop state: DialogSubState
13:51:22.095 [JavaFX Application Thread] DEBUG Input                - Clearing active input actions
13:51:22.095 [JavaFX Application Thread] DEBUG AppStateMachine      - MainMenuState <- DialogSubState
13:51:22.096 [JavaFX Application Thread] WARN  IOTask               - Task failed: loadFileNamesTask(./profiles/123/saves/, true, [FileExtension(extension=.sav)]) Error: java.io.FileNotFoundException: No save files found
13:51:22.628 [JavaFX Application Thread] DEBUG FXGL.Menu            - fireNewGame()
13:51:22.628 [JavaFX Application Thread] DEBUG GameApplication      - Starting new game
13:51:22.628 [JavaFX Application Thread] DEBUG Input                - Clearing active input actions
13:51:22.628 [JavaFX Application Thread] DEBUG AppStateMachine      - MainMenuState -> LoadingState
13:51:22.633 [JavaFX Application Thread] WARN  AnnotationParser     - BasicGameApp has no package or contains uppercase letters. Disabling annotations processing
13:51:22.633 [JavaFX Application Thread] DEBUG InitAppTask          - Parsing annotations
13:51:22.634 [FXGL Background Thread 1 ] DEBUG InitAppTask          - Clearing previous game
13:51:22.634 [FXGL Background Thread 1 ] DEBUG FXGL.GameWorld       - Clearing game world
13:51:22.635 [FXGL Background Thread 1 ] DEBUG FXGL.PhysicsWorld    - Clearing physics world
13:51:22.635 [FXGL Background Thread 1 ] DEBUG FXGL.GameScene       - Clearing game scene
13:51:22.636 [FXGL Background Thread 1 ] DEBUG InitAppTask          - Initializing Assets
13:51:22.636 [FXGL Background Thread 1 ] DEBUG InitAppTask          - Initializing Game
13:51:22.637 [FXGL Background Thread 1 ] DEBUG AssetLoader          - Loading from disk: /assets/textures/SeamlessUnderwaterBackground.jpg
13:51:22.699 [FXGL Background Thread 1 ] DEBUG FXGL.GameScene       - Creating render group for layer: BACKGROUND(1000)
13:51:22.723 [FXGL Background Thread 1 ] DEBUG AssetLoader          - Loading from disk: /assets/textures/ResizedDiverGif.gif
13:51:22.736 [FXGL Background Thread 1 ] DEBUG FXGL.GameScene       - Creating render group for layer: TOP(2147483647)
13:51:22.739 [FXGL Background Thread 1 ] DEBUG InitAppTask          - Initializing Physics
13:51:22.740 [FXGL Background Thread 1 ] DEBUG InitAppTask          - Initializing UI
13:51:22.745 [FXGL Background Thread 1 ] DEBUG InitAppTask          - Initialization Complete
13:51:22.746 [FXGL Background Thread 1 ] INFO  InitAppTask          - Game initialization took: 0,111 sec
13:51:22.755 [JavaFX Application Thread] DEBUG Input                - Clearing active input actions
13:51:22.755 [JavaFX Application Thread] DEBUG AppStateMachine      - LoadingState -> PlayState
13:51:22.774 [JavaFX Application Thread] DEBUG AssetLoader          - Loading from disk: /assets/textures/BoatImage200px.png
13:51:22.777 [JavaFX Application Thread] DEBUG AssetLoader          - Loading from disk: /assets/textures/coral150px.png
13:51:22.781 [JavaFX Application Thread] DEBUG AssetLoader          - Loading from disk: /assets/textures/Shark75px.png
13:51:22.784 [JavaFX Application Thread] DEBUG AssetLoader          - Loading from disk: /assets/textures/CoinSpin50px.gif
13:51:24.183 [JavaFX Application Thread] DEBUG GameApplication      - Starting new game
13:51:24.184 [JavaFX Application Thread] DEBUG Input                - Clearing active input actions
13:51:24.184 [JavaFX Application Thread] DEBUG AppStateMachine      - PlayState -> LoadingState
13:51:24.187 [FXGL Background Thread 1 ] DEBUG InitAppTask          - Clearing previous game
13:51:24.187 [FXGL Background Thread 1 ] DEBUG FXGL.GameWorld       - Clearing game world
13:51:24.193 [FXGL Background Thread 1 ] DEBUG FXGL.PhysicsWorld    - Clearing physics world
13:51:24.193 [FXGL Background Thread 1 ] DEBUG FXGL.GameScene       - Clearing game scene
13:51:24.194 [FXGL Background Thread 1 ] DEBUG InitAppTask          - Initializing Assets
13:51:24.194 [FXGL Background Thread 1 ] DEBUG InitAppTask          - Initializing Game
13:51:24.194 [FXGL Background Thread 1 ] DEBUG AssetLoader          - Loading from cache: /assets/textures/SeamlessUnderwaterBackground.jpg@800.0x600.0
13:51:24.194 [FXGL Background Thread 1 ] DEBUG FXGL.GameScene       - Creating render group for layer: BACKGROUND(1000)
13:51:24.195 [FXGL Background Thread 1 ] DEBUG AssetLoader          - Loading from cache: /assets/textures/ResizedDiverGif.gif
13:51:24.195 [FXGL Background Thread 1 ] DEBUG FXGL.GameScene       - Creating render group for layer: TOP(2147483647)
13:51:24.196 [FXGL Background Thread 1 ] DEBUG InitAppTask          - Initializing Physics
13:51:24.196 [FXGL Background Thread 1 ] DEBUG InitAppTask          - Initializing UI
13:51:24.197 [FXGL Background Thread 1 ] DEBUG InitAppTask          - Initialization Complete
13:51:24.198 [FXGL Background Thread 1 ] INFO  InitAppTask          - Game initialization took: 0,011 sec
13:51:24.204 [JavaFX Application Thread] DEBUG Input                - Clearing active input actions
13:51:24.204 [JavaFX Application Thread] DEBUG AppStateMachine      - LoadingState -> PlayState
13:51:24.211 [JavaFX Application Thread] DEBUG AssetLoader          - Loading from cache: /assets/textures/BoatImage200px.png
13:51:24.212 [JavaFX Application Thread] DEBUG AssetLoader          - Loading from cache: /assets/textures/coral150px.png
13:51:24.212 [JavaFX Application Thread] DEBUG AssetLoader          - Loading from cache: /assets/textures/Shark75px.png
13:51:24.213 [JavaFX Application Thread] DEBUG AssetLoader          - Loading from cache: /assets/textures/CoinSpin50px.gif
13:51:24.214 [JavaFX Application Thread] DEBUG AssetLoader          - Loading from cache: /assets/textures/CoinSpin50px.gif
13:51:25.287 [JavaFX Application Thread] DEBUG GameApplication      - Starting new game
13:51:25.287 [JavaFX Application Thread] DEBUG Input                - Clearing active input actions
13:51:25.287 [JavaFX Application Thread] DEBUG AppStateMachine      - PlayState -> LoadingState
13:51:25.290 [FXGL Background Thread 1 ] DEBUG InitAppTask          - Clearing previous game
13:51:25.290 [FXGL Background Thread 1 ] DEBUG FXGL.GameWorld       - Clearing game world
13:51:25.290 [FXGL Background Thread 1 ] DEBUG FXGL.PhysicsWorld    - Clearing physics world
13:51:25.291 [FXGL Background Thread 1 ] DEBUG FXGL.GameScene       - Clearing game scene
13:51:25.291 [FXGL Background Thread 1 ] DEBUG InitAppTask          - Initializing Assets
13:51:25.291 [FXGL Background Thread 1 ] DEBUG InitAppTask          - Initializing Game
13:51:25.291 [FXGL Background Thread 1 ] DEBUG AssetLoader          - Loading from cache: /assets/textures/SeamlessUnderwaterBackground.jpg@800.0x600.0
13:51:25.291 [FXGL Background Thread 1 ] DEBUG FXGL.GameScene       - Creating render group for layer: BACKGROUND(1000)
13:51:25.291 [FXGL Background Thread 1 ] DEBUG AssetLoader          - Loading from cache: /assets/textures/ResizedDiverGif.gif
13:51:25.292 [FXGL Background Thread 1 ] DEBUG FXGL.GameScene       - Creating render group for layer: TOP(2147483647)
13:51:25.292 [FXGL Background Thread 1 ] DEBUG InitAppTask          - Initializing Physics
13:51:25.292 [FXGL Background Thread 1 ] DEBUG InitAppTask          - Initializing UI
13:51:25.292 [FXGL Background Thread 1 ] DEBUG InitAppTask          - Initialization Complete
13:51:25.292 [FXGL Background Thread 1 ] INFO  InitAppTask          - Game initialization took: 0,003 sec
13:51:25.299 [JavaFX Application Thread] DEBUG Input                - Clearing active input actions
13:51:25.300 [JavaFX Application Thread] DEBUG AppStateMachine      - LoadingState -> PlayState
13:51:25.331 [JavaFX Application Thread] DEBUG AssetLoader          - Loading from cache: /assets/textures/BoatImage200px.png
13:51:25.332 [JavaFX Application Thread] DEBUG AssetLoader          - Loading from cache: /assets/textures/coral150px.png
13:51:25.333 [JavaFX Application Thread] DEBUG AssetLoader          - Loading from cache: /assets/textures/Shark75px.png
13:51:27.780 [JavaFX Application Thread] DEBUG AssetLoader          - Loading from cache: /assets/textures/BoatImage200px.png
13:51:27.781 [JavaFX Application Thread] DEBUG AssetLoader          - Loading from cache: /assets/textures/coral150px.png
13:51:27.782 [JavaFX Application Thread] DEBUG AssetLoader          - Loading from cache: /assets/textures/Shark75px.png
13:51:27.783 [JavaFX Application Thread] DEBUG AssetLoader          - Loading from cache: /assets/textures/CoinSpin50px.gif
13:51:27.783 [JavaFX Application Thread] DEBUG AssetLoader          - Loading from cache: /assets/textures/CoinSpin50px.gif
13:51:31.354 [JavaFX Application Thread] DEBUG GameApplication      - Exiting game application
13:51:31.355 [JavaFX Application Thread] DEBUG MenuEventHandler     - Creating default profile
13:51:31.355 [JavaFX Application Thread] DEBUG EventBus             - Firing event: SaveEvent
13:51:31.355 [JavaFX Application Thread] DEBUG AudioPlayer          - Saving data to profile
13:51:31.355 [JavaFX Application Thread] DEBUG Bundle               - Logging bundle: audio
13:51:31.355 [JavaFX Application Thread] DEBUG Bundle               - audio.musicVolume=0.5
13:51:31.355 [JavaFX Application Thread] DEBUG Bundle               - audio.soundVolume=0.5
13:51:31.355 [JavaFX Application Thread] DEBUG Input                - Saving data to profile
13:51:31.355 [JavaFX Application Thread] DEBUG Bundle               - Logging bundle: input
13:51:31.355 [JavaFX Application Thread] DEBUG Bundle               - input.Screenshot=P
13:51:31.356 [JavaFX Application Thread] DEBUG Bundle               - input.Swim Up=Space
13:51:31.356 [JavaFX Application Thread] DEBUG Bundle               - input.Dev Options=CTRL+0
13:51:31.356 [JavaFX Application Thread] DEBUG Bundle               - Logging bundle: gameplayStats
13:51:31.356 [JavaFX Application Thread] DEBUG Bundle               - gameplayStats.playtime=138583327790
13:51:31.356 [JavaFX Application Thread] DEBUG AchievementManager   - Saving data to profile
13:51:31.356 [JavaFX Application Thread] DEBUG Bundle               - Logging bundle: achievement
13:51:31.356 [JavaFX Application Thread] DEBUG FXGL.SaveLoadManager - Saving profile: 123
13:51:31.357 [JavaFX Application Thread] DEBUG IOTask               - Executing task: writeDataTask(./profiles/123/user.profile)
13:51:31.357 [JavaFX Application Thread] DEBUG IOTask               - Executing task: writeDataTask(./profiles/123/user.profile)
13:51:31.359 [JavaFX Application Thread] DEBUG FS                   - Writing to: .\profiles\123\user.profile
13:51:31.364 [JavaFX Application Thread] DEBUG IOTask               - Executing task: checkSavesDir(./profiles/123/saves/)
13:51:31.365 [JavaFX Application Thread] DEBUG IOTask               - Task succeeded: writeDataTask(./profiles/123/user.profile)
13:51:31.365 [JavaFX Application Thread] DEBUG GameApplication      - Shutting down background threads
13:51:31.365 [JavaFX Application Thread] DEBUG GameApplication      - Exiting FXGL
13:51:31.365 [JavaFX Application Thread] DEBUG FXGL                 - Saving FXGL system data
13:51:31.366 [JavaFX Application Thread] DEBUG IOTask               - Executing task: writeDataTask(system/fxgl.bundle)
13:51:31.367 [JavaFX Application Thread] DEBUG FS                   - Writing to: system\fxgl.bundle
13:51:31.369 [JavaFX Application Thread] DEBUG IOTask               - Task succeeded: writeDataTask(system/fxgl.bundle)
13:51:31.370 [JavaFX Application Thread] DEBUG GameApplication      - Closing logger and exiting JavaFX
