13:49:10.839 [JavaFX Application Thread] DEBUG GameApplication      - Logger initialized
13:49:11.069 [JavaFX Application Thread] DEBUG GameApplication      - Starting FXGL
13:49:11.070 [JavaFX Application Thread] INFO  Version              - FXGL-0.4.0
13:49:11.070 [JavaFX Application Thread] INFO  Version              - Source code and latest versions at: https://github.com/AlmasB/FXGL
13:49:11.070 [JavaFX Application Thread] INFO  Version              -              Join the FXGL chat at: https://gitter.im/AlmasB/FXGL
13:49:11.103 [FXGL Launcher Thread     ] DEBUG FXGL                 - Loading FXGL system data
13:49:11.107 [FXGL Launcher Thread     ] DEBUG IOTask               - Executing task: readDataTask(system/fxgl.bundle)
13:49:11.113 [FXGL Launcher Thread     ] DEBUG FS                   - Reading from: system\fxgl.bundle
13:49:11.120 [FXGL Launcher Thread     ] DEBUG IOTask               - Task succeeded: readDataTask(system/fxgl.bundle)
13:49:11.120 [FXGL Launcher Thread     ] DEBUG Bundle               - Logging bundle: FXGL
13:49:11.121 [FXGL Launcher Thread     ] DEBUG Bundle               - FXGL.offline.timer.version.check=2018-01-30T12:29:41.871
13:49:11.121 [FXGL Launcher Thread     ] DEBUG GameApplication      - FXGL configuration complete
13:49:11.122 [FXGL Launcher Thread     ] INFO  GameApplication      - FXGL configuration took:  0,051 sec
13:49:11.122 [FXGL Launcher Thread     ] DEBUG GameApplication      - Logging game settings
Title: SwimmingMan
Version: 2.0
Width: 800
Height: 600
Fullscreen: false
Intro: false
Menus: true
Profiling: false
Single step:false
App Mode: DEVELOPER
Menu Key: ESCAPE
Stage Style: DECORATED
Scene Factory: class com.almasb.fxgl.scene.SceneFactory
Dialog Factory: class com.almasb.fxgl.ui.FXGLDialogFactory
UI Factory: class com.almasb.fxgl.ui.FXGLUIFactory
Notification Service: class com.almasb.fxgl.gameplay.notification.XboxNotificationView
Exception Handler: class com.almasb.fxgl.app.FXGLExceptionHandler
13:49:11.133 [FXGL Launcher Thread     ] DEBUG GameApplication      - Configuring GameApplication
13:49:11.136 [FXGL Launcher Thread     ] DEBUG AppStateMachine      - Initializing application states
13:49:11.143 [FXGL Launcher Thread     ] DEBUG AssetLoader          - Loading from disk: /assets/ui/cursors/fxgl_default.png
13:49:11.161 [FXGL Launcher Thread     ] DEBUG AssetLoader          - Loading from disk: /assets/ui/cursors/fxgl_default.png
13:49:11.168 [FXGL Launcher Thread     ] DEBUG AssetLoader          - Loading from disk: /assets/sounds/core/notification.wav
13:49:11.192 [FXGL Launcher Thread     ] DEBUG AssetLoader          - Loading from disk: /assets/sounds/menu/select.wav
13:49:11.194 [FXGL Launcher Thread     ] DEBUG AssetLoader          - Loading from disk: /assets/sounds/menu/back.wav
13:49:11.204 [FXGL Launcher Thread     ] DEBUG AssetLoader          - Loading from disk: /assets/sounds/menu/press.wav
13:49:11.210 [FXGL Launcher Thread     ] DEBUG AssetLoader          - Loading from disk: /assets/ui/fonts/VarelaRound-Regular.ttf
13:49:11.296 [FXGL Launcher Thread     ] DEBUG AssetLoader          - Loading from disk: /assets/ui/fonts/lucida_console.ttf
13:49:11.326 [FXGL Launcher Thread     ] DEBUG AssetLoader          - Loading from disk: /assets/ui/css/fxgl_dark.css
13:49:11.326 [FXGL Launcher Thread     ] DEBUG AssetLoader          - Loading from disk: /assets/ui/icons/fxgl_icon.png
13:49:11.343 [FXGL Launcher Thread     ] DEBUG AssetLoader          - Loading from disk: /assets/ui/cursors/fxgl_default.png
13:49:11.360 [FXGL Launcher Thread     ] DEBUG FXGL.GameScene       - Game scene initialized: 800x600
13:49:11.363 [FXGL Launcher Thread     ] DEBUG FXGL.GameWorld       - Game world initialized
13:49:11.404 [FXGL Launcher Thread     ] DEBUG FXGL.PhysicsWorld    - Physics world initialized: appHeight=600, physics.ppm=50,0
13:49:11.418 [FXGL Launcher Thread     ] DEBUG AssetLoader          - Loading from disk: /assets/ui/cursors/fxgl_default.png
13:49:11.420 [FXGL Launcher Thread     ] DEBUG FXGL.Menu            - createMenuBodyMainMenu()
13:49:11.433 [FXGL Launcher Thread     ] DEBUG AssetLoader          - Loading from disk: /assets/properties/languages/english.properties
13:49:11.439 [FXGL Launcher Thread     ] DEBUG AssetLoader          - Loading from cache: /assets/properties/languages/english.properties
13:49:11.441 [FXGL Launcher Thread     ] DEBUG FXGL.Menu            - createOptionsMenu()
13:49:11.443 [FXGL Launcher Thread     ] DEBUG AssetLoader          - Loading from cache: /assets/properties/languages/english.properties
13:49:11.443 [FXGL Launcher Thread     ] DEBUG AssetLoader          - Loading from cache: /assets/properties/languages/english.properties
13:49:11.444 [FXGL Launcher Thread     ] DEBUG AssetLoader          - Loading from cache: /assets/properties/languages/english.properties
13:49:11.444 [FXGL Launcher Thread     ] DEBUG AssetLoader          - Loading from cache: /assets/properties/languages/english.properties
13:49:11.445 [FXGL Launcher Thread     ] DEBUG AssetLoader          - Loading from cache: /assets/properties/languages/english.properties
13:49:11.447 [FXGL Launcher Thread     ] DEBUG AssetLoader          - Loading from cache: /assets/properties/languages/english.properties
13:49:11.448 [FXGL Launcher Thread     ] DEBUG AssetLoader          - Loading from cache: /assets/properties/languages/english.properties
13:49:11.449 [FXGL Launcher Thread     ] DEBUG AssetLoader          - Loading from cache: /assets/properties/languages/english.properties
13:49:11.450 [FXGL Launcher Thread     ] DEBUG AssetLoader          - Loading from disk: /assets/ui/cursors/fxgl_default.png
13:49:11.453 [FXGL Launcher Thread     ] DEBUG FXGL.Menu            - createMenuBodyGameMenu()
13:49:11.454 [FXGL Launcher Thread     ] DEBUG AssetLoader          - Loading from cache: /assets/properties/languages/english.properties
13:49:11.454 [FXGL Launcher Thread     ] DEBUG AssetLoader          - Loading from cache: /assets/properties/languages/english.properties
13:49:11.454 [FXGL Launcher Thread     ] DEBUG FXGL.Menu            - createOptionsMenu()
13:49:11.454 [FXGL Launcher Thread     ] DEBUG AssetLoader          - Loading from cache: /assets/properties/languages/english.properties
13:49:11.455 [FXGL Launcher Thread     ] DEBUG AssetLoader          - Loading from cache: /assets/properties/languages/english.properties
13:49:11.455 [FXGL Launcher Thread     ] DEBUG AssetLoader          - Loading from cache: /assets/properties/languages/english.properties
13:49:11.455 [FXGL Launcher Thread     ] DEBUG AssetLoader          - Loading from cache: /assets/properties/languages/english.properties
13:49:11.455 [FXGL Launcher Thread     ] DEBUG AssetLoader          - Loading from cache: /assets/properties/languages/english.properties
13:49:11.456 [FXGL Launcher Thread     ] DEBUG AssetLoader          - Loading from cache: /assets/properties/languages/english.properties
13:49:11.456 [FXGL Launcher Thread     ] DEBUG AssetLoader          - Loading from cache: /assets/properties/languages/english.properties
13:49:11.461 [FXGL Launcher Thread     ] INFO  GameApplication      - Game configuration took:  0,329 sec
13:49:11.464 [JavaFX Application Thread] DEBUG MainWindow           - Target size: 800.0 x 600.0 @ 1.0
13:49:11.464 [JavaFX Application Thread] DEBUG MainWindow           - New size:    800.0 x 600.0 @ 1.0
13:49:11.464 [JavaFX Application Thread] DEBUG MainWindow           - Opening main window
13:49:11.503 [JavaFX Application Thread] DEBUG MainWindow           - Root size:  800.0x600.0
13:49:11.503 [JavaFX Application Thread] DEBUG MainWindow           - Scene size: 800.0x600.0
13:49:11.503 [JavaFX Application Thread] DEBUG MainWindow           - Stage size: 806.0x629.0
13:49:11.503 [JavaFX Application Thread] DEBUG GameApplication      - Running preInit()
13:49:11.509 [JavaFX Application Thread] WARN  AnnotationParser     - BasicGameApp has no package or contains uppercase letters. Disabling annotations processing
13:49:11.525 [JavaFX Application Thread] DEBUG Input                - Registered new binding: Screenshot - P
13:49:11.526 [JavaFX Application Thread] DEBUG Input                - Registered new binding: Dev Options - CTRL+0
13:49:11.603 [JavaFX Application Thread] DEBUG Input                - Registered new binding: Swim Up - Space
13:49:11.604 [JavaFX Application Thread] DEBUG MenuEventHandler     - generateDefaultProfile()
13:49:11.604 [JavaFX Application Thread] DEBUG MenuEventHandler     - Creating default profile
13:49:11.605 [JavaFX Application Thread] DEBUG EventBus             - Firing event: SaveEvent
13:49:11.606 [JavaFX Application Thread] DEBUG AudioPlayer          - Saving data to profile
13:49:11.606 [JavaFX Application Thread] DEBUG Bundle               - Logging bundle: audio
13:49:11.606 [JavaFX Application Thread] DEBUG Bundle               - audio.musicVolume=0.5
13:49:11.606 [JavaFX Application Thread] DEBUG Bundle               - audio.soundVolume=0.5
13:49:11.606 [JavaFX Application Thread] DEBUG Input                - Saving data to profile
13:49:11.606 [JavaFX Application Thread] DEBUG Bundle               - Logging bundle: input
13:49:11.607 [JavaFX Application Thread] DEBUG Bundle               - input.Screenshot=P
13:49:11.607 [JavaFX Application Thread] DEBUG Bundle               - input.Swim Up=Space
13:49:11.607 [JavaFX Application Thread] DEBUG Bundle               - input.Dev Options=CTRL+0
13:49:11.609 [JavaFX Application Thread] DEBUG Bundle               - Logging bundle: gameplayStats
13:49:11.609 [JavaFX Application Thread] DEBUG Bundle               - gameplayStats.playtime=0
13:49:11.610 [JavaFX Application Thread] DEBUG AchievementManager   - Saving data to profile
13:49:11.610 [JavaFX Application Thread] DEBUG Bundle               - Logging bundle: achievement
13:49:11.635 [JavaFX Application Thread] DEBUG GameApplication      - Starting main loop
13:49:11.638 [JavaFX Application Thread] DEBUG StartupState         - STARTUP
13:49:11.638 [JavaFX Application Thread] DEBUG Input                - Clearing active input actions
13:49:11.638 [JavaFX Application Thread] DEBUG AppStateMachine      - StartupState -> MainMenuState
13:49:11.667 [JavaFX Application Thread] DEBUG FXGL.SaveLoadManager - Checking profiles dir: profiles/
13:49:11.667 [JavaFX Application Thread] DEBUG FXGL.SaveLoadManager - Loading profile names
13:49:11.670 [JavaFX Application Thread] DEBUG IOTask               - Showing dialog
13:49:11.673 [JavaFX Application Thread] DEBUG AppStateMachine      - Push state: DialogSubState
13:49:11.673 [JavaFX Application Thread] DEBUG Input                - Clearing active input actions
13:49:11.673 [JavaFX Application Thread] DEBUG AppStateMachine      - MainMenuState -> DialogSubState
13:49:11.729 [FXGL Background Thread 1 ] DEBUG IOTask               - Executing task: loadDirectoryNamesTask(./profiles/, false)
13:49:11.813 [JavaFX Application Thread] DEBUG IOTask               - succeed(): Dismissing dialog
13:49:11.813 [JavaFX Application Thread] DEBUG AppStateMachine      - Pop state: DialogSubState
13:49:11.814 [JavaFX Application Thread] DEBUG Input                - Clearing active input actions
13:49:11.814 [JavaFX Application Thread] DEBUG AppStateMachine      - MainMenuState <- DialogSubState
13:49:11.814 [JavaFX Application Thread] DEBUG IOTask               - Task succeeded: loadDirectoryNamesTask(./profiles/, false)
13:49:11.816 [JavaFX Application Thread] DEBUG AppStateMachine      - Push state: DialogSubState
13:49:11.816 [JavaFX Application Thread] DEBUG Input                - Clearing active input actions
13:49:11.816 [JavaFX Application Thread] DEBUG AppStateMachine      - MainMenuState -> DialogSubState
13:49:12.616 [JavaFX Application Thread] DEBUG AppStateMachine      - Pop state: DialogSubState
13:49:12.617 [JavaFX Application Thread] DEBUG Input                - Clearing active input actions
13:49:12.617 [JavaFX Application Thread] DEBUG AppStateMachine      - MainMenuState <- DialogSubState
13:49:12.617 [JavaFX Application Thread] DEBUG FXGL.SaveLoadManager - Loading profile: 123
13:49:12.618 [JavaFX Application Thread] DEBUG IOTask               - Showing dialog
13:49:12.619 [JavaFX Application Thread] DEBUG AppStateMachine      - Push state: DialogSubState
13:49:12.619 [JavaFX Application Thread] DEBUG Input                - Clearing active input actions
13:49:12.620 [JavaFX Application Thread] DEBUG AppStateMachine      - MainMenuState -> DialogSubState
13:49:12.621 [FXGL Background Thread 1 ] DEBUG IOTask               - Executing task: readDataTask(./profiles/123/user.profile)
13:49:12.621 [FXGL Background Thread 1 ] DEBUG FS                   - Reading from: .\profiles\123\user.profile
13:49:12.625 [JavaFX Application Thread] DEBUG IOTask               - succeed(): Dismissing dialog
13:49:12.626 [JavaFX Application Thread] DEBUG AppStateMachine      - Pop state: DialogSubState
13:49:12.626 [JavaFX Application Thread] DEBUG Input                - Clearing active input actions
13:49:12.626 [JavaFX Application Thread] DEBUG AppStateMachine      - MainMenuState <- DialogSubState
13:49:12.626 [JavaFX Application Thread] DEBUG IOTask               - Task succeeded: readDataTask(./profiles/123/user.profile)
13:49:12.626 [JavaFX Application Thread] DEBUG EventBus             - Firing event: LoadEvent[type=LOAD_PROFILE]
13:49:12.626 [JavaFX Application Thread] DEBUG AudioPlayer          - Loading data from profile
13:49:12.626 [JavaFX Application Thread] DEBUG Bundle               - Logging bundle: audio
13:49:12.626 [JavaFX Application Thread] DEBUG Bundle               - audio.musicVolume=0.5
13:49:12.626 [JavaFX Application Thread] DEBUG Bundle               - audio.soundVolume=0.5
13:49:12.626 [JavaFX Application Thread] DEBUG Input                - Loading data from profile
13:49:12.627 [JavaFX Application Thread] DEBUG Bundle               - Logging bundle: input
13:49:12.627 [JavaFX Application Thread] DEBUG Bundle               - input.Screenshot=P
13:49:12.627 [JavaFX Application Thread] DEBUG Bundle               - input.Swim Up=Space
13:49:12.627 [JavaFX Application Thread] DEBUG Bundle               - input.Dev Options=CTRL+0
13:49:12.627 [JavaFX Application Thread] DEBUG Bundle               - Logging bundle: gameplayStats
13:49:12.627 [JavaFX Application Thread] DEBUG Bundle               - gameplayStats.playtime=93516662926
13:49:12.627 [JavaFX Application Thread] DEBUG AchievementManager   - Loading data from profile
13:49:12.627 [JavaFX Application Thread] DEBUG Bundle               - Logging bundle: achievement
13:49:12.628 [JavaFX Application Thread] DEBUG FXGL.SaveLoadManager - Loading last modified save file
13:49:12.628 [JavaFX Application Thread] DEBUG FXGL.SaveLoadManager - Loading save files
13:49:12.630 [JavaFX Application Thread] DEBUG IOTask               - Showing dialog
13:49:12.631 [JavaFX Application Thread] DEBUG AppStateMachine      - Push state: DialogSubState
13:49:12.631 [JavaFX Application Thread] DEBUG Input                - Clearing active input actions
13:49:12.631 [JavaFX Application Thread] DEBUG AppStateMachine      - MainMenuState -> DialogSubState
13:49:12.632 [FXGL Background Thread 1 ] DEBUG IOTask               - Executing task: loadFileNamesTask(./profiles/123/saves/, true, [FileExtension(extension=.sav)])
13:49:12.632 [FXGL Background Thread 1 ] DEBUG IOTask               - Executing task: loadFileNamesTask(./profiles/123/saves/, true, [FileExtension(extension=.sav)])
13:49:12.632 [FXGL Background Thread 1 ] DEBUG IOTask               - Executing task: loadFileNamesTask(./profiles/123/saves/, true, [FileExtension(extension=.sav)])
13:49:12.634 [FXGL Background Thread 1 ] DEBUG IOTask               - Executing task: readSaveFiles
13:49:12.636 [FXGL Background Thread 1 ] DEBUG IOTask               - Executing task: findLastSave
13:49:12.641 [JavaFX Application Thread] DEBUG IOTask               - fail(): Dismissing dialog
13:49:12.641 [JavaFX Application Thread] DEBUG AppStateMachine      - Pop state: DialogSubState
13:49:12.641 [JavaFX Application Thread] DEBUG Input                - Clearing active input actions
13:49:12.641 [JavaFX Application Thread] DEBUG AppStateMachine      - MainMenuState <- DialogSubState
13:49:12.642 [JavaFX Application Thread] WARN  IOTask               - Task failed: loadFileNamesTask(./profiles/123/saves/, true, [FileExtension(extension=.sav)]) Error: java.io.FileNotFoundException: No save files found
13:49:13.078 [JavaFX Application Thread] DEBUG FXGL.Menu            - fireNewGame()
13:49:13.079 [JavaFX Application Thread] DEBUG GameApplication      - Starting new game
13:49:13.079 [JavaFX Application Thread] DEBUG Input                - Clearing active input actions
13:49:13.079 [JavaFX Application Thread] DEBUG AppStateMachine      - MainMenuState -> LoadingState
13:49:13.084 [JavaFX Application Thread] WARN  AnnotationParser     - BasicGameApp has no package or contains uppercase letters. Disabling annotations processing
13:49:13.084 [JavaFX Application Thread] DEBUG InitAppTask          - Parsing annotations
13:49:13.085 [FXGL Background Thread 1 ] DEBUG InitAppTask          - Clearing previous game
13:49:13.085 [FXGL Background Thread 1 ] DEBUG FXGL.GameWorld       - Clearing game world
13:49:13.086 [FXGL Background Thread 1 ] DEBUG FXGL.PhysicsWorld    - Clearing physics world
13:49:13.086 [FXGL Background Thread 1 ] DEBUG FXGL.GameScene       - Clearing game scene
13:49:13.086 [FXGL Background Thread 1 ] DEBUG InitAppTask          - Initializing Assets
13:49:13.087 [FXGL Background Thread 1 ] DEBUG InitAppTask          - Initializing Game
13:49:13.088 [FXGL Background Thread 1 ] DEBUG AssetLoader          - Loading from disk: /assets/textures/SeamlessUnderwaterBackground.jpg
13:49:13.147 [FXGL Background Thread 1 ] DEBUG FXGL.GameScene       - Creating render group for layer: BACKGROUND(1000)
13:49:13.170 [FXGL Background Thread 1 ] DEBUG AssetLoader          - Loading from disk: /assets/textures/ResizedDiverGif.gif
13:49:13.183 [FXGL Background Thread 1 ] DEBUG FXGL.GameScene       - Creating render group for layer: TOP(2147483647)
13:49:13.187 [FXGL Background Thread 1 ] DEBUG InitAppTask          - Initializing Physics
13:49:13.187 [FXGL Background Thread 1 ] DEBUG InitAppTask          - Initializing UI
13:49:13.194 [FXGL Background Thread 1 ] DEBUG InitAppTask          - Initialization Complete
13:49:13.194 [FXGL Background Thread 1 ] INFO  InitAppTask          - Game initialization took: 0,109 sec
13:49:13.197 [JavaFX Application Thread] DEBUG Input                - Clearing active input actions
13:49:13.197 [JavaFX Application Thread] DEBUG AppStateMachine      - LoadingState -> PlayState
13:49:13.221 [JavaFX Application Thread] DEBUG AssetLoader          - Loading from disk: /assets/textures/BoatImage200px.png
13:49:13.224 [JavaFX Application Thread] DEBUG AssetLoader          - Loading from disk: /assets/textures/coral150px.png
13:49:13.228 [JavaFX Application Thread] DEBUG AssetLoader          - Loading from disk: /assets/textures/Shark75px.png
13:49:14.617 [JavaFX Application Thread] DEBUG GameApplication      - Starting new game
13:49:14.617 [JavaFX Application Thread] DEBUG Input                - Clearing active input actions
13:49:14.617 [JavaFX Application Thread] DEBUG AppStateMachine      - PlayState -> LoadingState
13:49:14.621 [FXGL Background Thread 1 ] DEBUG InitAppTask          - Clearing previous game
13:49:14.621 [FXGL Background Thread 1 ] DEBUG FXGL.GameWorld       - Clearing game world
13:49:14.624 [FXGL Background Thread 1 ] DEBUG FXGL.PhysicsWorld    - Clearing physics world
13:49:14.624 [FXGL Background Thread 1 ] DEBUG FXGL.GameScene       - Clearing game scene
13:49:14.625 [FXGL Background Thread 1 ] DEBUG InitAppTask          - Initializing Assets
13:49:14.625 [FXGL Background Thread 1 ] DEBUG InitAppTask          - Initializing Game
13:49:14.625 [FXGL Background Thread 1 ] DEBUG AssetLoader          - Loading from cache: /assets/textures/SeamlessUnderwaterBackground.jpg@800.0x600.0
13:49:14.625 [FXGL Background Thread 1 ] DEBUG FXGL.GameScene       - Creating render group for layer: BACKGROUND(1000)
13:49:14.625 [FXGL Background Thread 1 ] DEBUG AssetLoader          - Loading from cache: /assets/textures/ResizedDiverGif.gif
13:49:14.627 [FXGL Background Thread 1 ] DEBUG FXGL.GameScene       - Creating render group for layer: TOP(2147483647)
13:49:14.627 [FXGL Background Thread 1 ] DEBUG InitAppTask          - Initializing Physics
13:49:14.627 [FXGL Background Thread 1 ] DEBUG InitAppTask          - Initializing UI
13:49:14.628 [FXGL Background Thread 1 ] DEBUG InitAppTask          - Initialization Complete
13:49:14.629 [FXGL Background Thread 1 ] INFO  InitAppTask          - Game initialization took: 0,008 sec
13:49:14.630 [JavaFX Application Thread] DEBUG Input                - Clearing active input actions
13:49:14.630 [JavaFX Application Thread] DEBUG AppStateMachine      - LoadingState -> PlayState
13:49:14.646 [JavaFX Application Thread] DEBUG AssetLoader          - Loading from cache: /assets/textures/BoatImage200px.png
13:49:14.647 [JavaFX Application Thread] DEBUG AssetLoader          - Loading from cache: /assets/textures/coral150px.png
13:49:14.648 [JavaFX Application Thread] DEBUG AssetLoader          - Loading from cache: /assets/textures/Shark75px.png
13:49:14.649 [JavaFX Application Thread] DEBUG AssetLoader          - Loading from disk: /assets/textures/CoinSpin50px.gif
13:49:14.651 [JavaFX Application Thread] DEBUG AssetLoader          - Loading from cache: /assets/textures/CoinSpin50px.gif
13:49:15.940 [JavaFX Application Thread] DEBUG AssetLoader          - Loading from cache: /assets/textures/BoatImage200px.png
13:49:15.941 [JavaFX Application Thread] DEBUG AssetLoader          - Loading from cache: /assets/textures/coral150px.png
13:49:15.941 [JavaFX Application Thread] DEBUG AssetLoader          - Loading from cache: /assets/textures/Shark75px.png
13:49:15.993 [JavaFX Application Thread] DEBUG GameApplication      - Starting new game
13:49:15.993 [JavaFX Application Thread] DEBUG Input                - Clearing active input actions
13:49:15.993 [JavaFX Application Thread] DEBUG AppStateMachine      - PlayState -> LoadingState
13:49:15.997 [FXGL Background Thread 1 ] DEBUG InitAppTask          - Clearing previous game
13:49:15.997 [FXGL Background Thread 1 ] DEBUG FXGL.GameWorld       - Clearing game world
13:49:15.999 [FXGL Background Thread 1 ] DEBUG FXGL.PhysicsWorld    - Clearing physics world
13:49:15.999 [FXGL Background Thread 1 ] DEBUG FXGL.GameScene       - Clearing game scene
13:49:15.999 [FXGL Background Thread 1 ] DEBUG InitAppTask          - Initializing Assets
13:49:15.999 [FXGL Background Thread 1 ] DEBUG InitAppTask          - Initializing Game
13:49:16.000 [FXGL Background Thread 1 ] DEBUG AssetLoader          - Loading from cache: /assets/textures/SeamlessUnderwaterBackground.jpg@800.0x600.0
13:49:16.000 [FXGL Background Thread 1 ] DEBUG FXGL.GameScene       - Creating render group for layer: BACKGROUND(1000)
13:49:16.000 [FXGL Background Thread 1 ] DEBUG AssetLoader          - Loading from cache: /assets/textures/ResizedDiverGif.gif
13:49:16.000 [FXGL Background Thread 1 ] DEBUG FXGL.GameScene       - Creating render group for layer: TOP(2147483647)
13:49:16.001 [FXGL Background Thread 1 ] DEBUG InitAppTask          - Initializing Physics
13:49:16.001 [FXGL Background Thread 1 ] DEBUG InitAppTask          - Initializing UI
13:49:16.001 [FXGL Background Thread 1 ] DEBUG InitAppTask          - Initialization Complete
13:49:16.002 [FXGL Background Thread 1 ] INFO  InitAppTask          - Game initialization took: 0,004 sec
13:49:16.003 [JavaFX Application Thread] DEBUG Input                - Clearing active input actions
13:49:16.003 [JavaFX Application Thread] DEBUG AppStateMachine      - LoadingState -> PlayState
13:49:16.019 [JavaFX Application Thread] DEBUG AssetLoader          - Loading from cache: /assets/textures/BoatImage200px.png
13:49:16.020 [JavaFX Application Thread] DEBUG AssetLoader          - Loading from cache: /assets/textures/coral150px.png
13:49:16.021 [JavaFX Application Thread] DEBUG AssetLoader          - Loading from cache: /assets/textures/Shark75px.png
13:49:16.022 [JavaFX Application Thread] DEBUG AssetLoader          - Loading from cache: /assets/textures/CoinSpin50px.gif
13:49:16.022 [JavaFX Application Thread] DEBUG AssetLoader          - Loading from cache: /assets/textures/CoinSpin50px.gif
13:49:17.034 [JavaFX Application Thread] DEBUG GameApplication      - Exiting game application
13:49:17.035 [JavaFX Application Thread] DEBUG MenuEventHandler     - Creating default profile
13:49:17.035 [JavaFX Application Thread] DEBUG EventBus             - Firing event: SaveEvent
13:49:17.035 [JavaFX Application Thread] DEBUG AudioPlayer          - Saving data to profile
13:49:17.035 [JavaFX Application Thread] DEBUG Bundle               - Logging bundle: audio
13:49:17.035 [JavaFX Application Thread] DEBUG Bundle               - audio.musicVolume=0.5
13:49:17.035 [JavaFX Application Thread] DEBUG Bundle               - audio.soundVolume=0.5
13:49:17.035 [JavaFX Application Thread] DEBUG Input                - Saving data to profile
13:49:17.035 [JavaFX Application Thread] DEBUG Bundle               - Logging bundle: input
13:49:17.036 [JavaFX Application Thread] DEBUG Bundle               - input.Screenshot=P
13:49:17.036 [JavaFX Application Thread] DEBUG Bundle               - input.Swim Up=Space
13:49:17.036 [JavaFX Application Thread] DEBUG Bundle               - input.Dev Options=CTRL+0
13:49:17.036 [JavaFX Application Thread] DEBUG Bundle               - Logging bundle: gameplayStats
13:49:17.036 [JavaFX Application Thread] DEBUG Bundle               - gameplayStats.playtime=97183329446
13:49:17.036 [JavaFX Application Thread] DEBUG AchievementManager   - Saving data to profile
13:49:17.036 [JavaFX Application Thread] DEBUG Bundle               - Logging bundle: achievement
13:49:17.036 [JavaFX Application Thread] DEBUG FXGL.SaveLoadManager - Saving profile: 123
13:49:17.037 [JavaFX Application Thread] DEBUG IOTask               - Executing task: writeDataTask(./profiles/123/user.profile)
13:49:17.037 [JavaFX Application Thread] DEBUG IOTask               - Executing task: writeDataTask(./profiles/123/user.profile)
13:49:17.039 [JavaFX Application Thread] DEBUG FS                   - Writing to: .\profiles\123\user.profile
13:49:17.045 [JavaFX Application Thread] DEBUG IOTask               - Executing task: checkSavesDir(./profiles/123/saves/)
13:49:17.046 [JavaFX Application Thread] DEBUG IOTask               - Task succeeded: writeDataTask(./profiles/123/user.profile)
13:49:17.046 [JavaFX Application Thread] DEBUG GameApplication      - Shutting down background threads
13:49:17.046 [JavaFX Application Thread] DEBUG GameApplication      - Exiting FXGL
13:49:17.046 [JavaFX Application Thread] DEBUG FXGL                 - Saving FXGL system data
13:49:17.046 [JavaFX Application Thread] DEBUG IOTask               - Executing task: writeDataTask(system/fxgl.bundle)
13:49:17.048 [JavaFX Application Thread] DEBUG FS                   - Writing to: system\fxgl.bundle
13:49:17.050 [JavaFX Application Thread] DEBUG IOTask               - Task succeeded: writeDataTask(system/fxgl.bundle)
13:49:17.050 [JavaFX Application Thread] DEBUG GameApplication      - Closing logger and exiting JavaFX
