13:50:14.072 [JavaFX Application Thread] DEBUG GameApplication      - Logger initialized
13:50:14.301 [JavaFX Application Thread] DEBUG GameApplication      - Starting FXGL
13:50:14.301 [JavaFX Application Thread] INFO  Version              - FXGL-0.4.0
13:50:14.302 [JavaFX Application Thread] INFO  Version              - Source code and latest versions at: https://github.com/AlmasB/FXGL
13:50:14.302 [JavaFX Application Thread] INFO  Version              -              Join the FXGL chat at: https://gitter.im/AlmasB/FXGL
13:50:14.333 [FXGL Launcher Thread     ] DEBUG FXGL                 - Loading FXGL system data
13:50:14.337 [FXGL Launcher Thread     ] DEBUG IOTask               - Executing task: readDataTask(system/fxgl.bundle)
13:50:14.341 [FXGL Launcher Thread     ] DEBUG FS                   - Reading from: system\fxgl.bundle
13:50:14.348 [FXGL Launcher Thread     ] DEBUG IOTask               - Task succeeded: readDataTask(system/fxgl.bundle)
13:50:14.349 [FXGL Launcher Thread     ] DEBUG Bundle               - Logging bundle: FXGL
13:50:14.349 [FXGL Launcher Thread     ] DEBUG Bundle               - FXGL.offline.timer.version.check=2018-01-30T12:29:41.871
13:50:14.350 [FXGL Launcher Thread     ] DEBUG GameApplication      - FXGL configuration complete
13:50:14.350 [FXGL Launcher Thread     ] INFO  GameApplication      - FXGL configuration took:  0,047 sec
13:50:14.351 [FXGL Launcher Thread     ] DEBUG GameApplication      - Logging game settings
Title: SwimmingMan
Version: 2.0
Width: 800
Height: 600
Fullscreen: false
Intro: false
Menus: true
Profiling: false
Single step:false
App Mode: DEVELOPER
Menu Key: ESCAPE
Stage Style: DECORATED
Scene Factory: class com.almasb.fxgl.scene.SceneFactory
Dialog Factory: class com.almasb.fxgl.ui.FXGLDialogFactory
UI Factory: class com.almasb.fxgl.ui.FXGLUIFactory
Notification Service: class com.almasb.fxgl.gameplay.notification.XboxNotificationView
Exception Handler: class com.almasb.fxgl.app.FXGLExceptionHandler
13:50:14.367 [FXGL Launcher Thread     ] DEBUG GameApplication      - Configuring GameApplication
13:50:14.370 [FXGL Launcher Thread     ] DEBUG AppStateMachine      - Initializing application states
13:50:14.379 [FXGL Launcher Thread     ] DEBUG AssetLoader          - Loading from disk: /assets/ui/cursors/fxgl_default.png
13:50:14.397 [FXGL Launcher Thread     ] DEBUG AssetLoader          - Loading from disk: /assets/ui/cursors/fxgl_default.png
13:50:14.404 [FXGL Launcher Thread     ] DEBUG AssetLoader          - Loading from disk: /assets/sounds/core/notification.wav
13:50:14.450 [FXGL Launcher Thread     ] DEBUG AssetLoader          - Loading from disk: /assets/sounds/menu/select.wav
13:50:14.452 [FXGL Launcher Thread     ] DEBUG AssetLoader          - Loading from disk: /assets/sounds/menu/back.wav
13:50:14.467 [FXGL Launcher Thread     ] DEBUG AssetLoader          - Loading from disk: /assets/sounds/menu/press.wav
13:50:14.469 [FXGL Launcher Thread     ] DEBUG AssetLoader          - Loading from disk: /assets/ui/fonts/VarelaRound-Regular.ttf
13:50:14.639 [FXGL Launcher Thread     ] DEBUG AssetLoader          - Loading from disk: /assets/ui/fonts/lucida_console.ttf
13:50:14.656 [FXGL Launcher Thread     ] DEBUG AssetLoader          - Loading from disk: /assets/ui/css/fxgl_dark.css
13:50:14.656 [FXGL Launcher Thread     ] DEBUG AssetLoader          - Loading from disk: /assets/ui/icons/fxgl_icon.png
13:50:14.674 [FXGL Launcher Thread     ] DEBUG AssetLoader          - Loading from disk: /assets/ui/cursors/fxgl_default.png
13:50:14.691 [FXGL Launcher Thread     ] DEBUG FXGL.GameScene       - Game scene initialized: 800x600
13:50:14.694 [FXGL Launcher Thread     ] DEBUG FXGL.GameWorld       - Game world initialized
13:50:14.734 [FXGL Launcher Thread     ] DEBUG FXGL.PhysicsWorld    - Physics world initialized: appHeight=600, physics.ppm=50,0
13:50:14.746 [FXGL Launcher Thread     ] DEBUG AssetLoader          - Loading from disk: /assets/ui/cursors/fxgl_default.png
13:50:14.761 [FXGL Launcher Thread     ] DEBUG FXGL.Menu            - createMenuBodyMainMenu()
13:50:14.781 [FXGL Launcher Thread     ] DEBUG AssetLoader          - Loading from disk: /assets/properties/languages/english.properties
13:50:14.783 [FXGL Launcher Thread     ] DEBUG AssetLoader          - Loading from cache: /assets/properties/languages/english.properties
13:50:14.783 [FXGL Launcher Thread     ] DEBUG FXGL.Menu            - createOptionsMenu()
13:50:14.784 [FXGL Launcher Thread     ] DEBUG AssetLoader          - Loading from cache: /assets/properties/languages/english.properties
13:50:14.785 [FXGL Launcher Thread     ] DEBUG AssetLoader          - Loading from cache: /assets/properties/languages/english.properties
13:50:14.785 [FXGL Launcher Thread     ] DEBUG AssetLoader          - Loading from cache: /assets/properties/languages/english.properties
13:50:14.786 [FXGL Launcher Thread     ] DEBUG AssetLoader          - Loading from cache: /assets/properties/languages/english.properties
13:50:14.786 [FXGL Launcher Thread     ] DEBUG AssetLoader          - Loading from cache: /assets/properties/languages/english.properties
13:50:14.787 [FXGL Launcher Thread     ] DEBUG AssetLoader          - Loading from cache: /assets/properties/languages/english.properties
13:50:14.788 [FXGL Launcher Thread     ] DEBUG AssetLoader          - Loading from cache: /assets/properties/languages/english.properties
13:50:14.788 [FXGL Launcher Thread     ] DEBUG AssetLoader          - Loading from cache: /assets/properties/languages/english.properties
13:50:14.789 [FXGL Launcher Thread     ] DEBUG AssetLoader          - Loading from disk: /assets/ui/cursors/fxgl_default.png
13:50:14.791 [FXGL Launcher Thread     ] DEBUG FXGL.Menu            - createMenuBodyGameMenu()
13:50:14.791 [FXGL Launcher Thread     ] DEBUG AssetLoader          - Loading from cache: /assets/properties/languages/english.properties
13:50:14.792 [FXGL Launcher Thread     ] DEBUG AssetLoader          - Loading from cache: /assets/properties/languages/english.properties
13:50:14.792 [FXGL Launcher Thread     ] DEBUG FXGL.Menu            - createOptionsMenu()
13:50:14.792 [FXGL Launcher Thread     ] DEBUG AssetLoader          - Loading from cache: /assets/properties/languages/english.properties
13:50:14.792 [FXGL Launcher Thread     ] DEBUG AssetLoader          - Loading from cache: /assets/properties/languages/english.properties
13:50:14.792 [FXGL Launcher Thread     ] DEBUG AssetLoader          - Loading from cache: /assets/properties/languages/english.properties
13:50:14.793 [FXGL Launcher Thread     ] DEBUG AssetLoader          - Loading from cache: /assets/properties/languages/english.properties
13:50:14.793 [FXGL Launcher Thread     ] DEBUG AssetLoader          - Loading from cache: /assets/properties/languages/english.properties
13:50:14.793 [FXGL Launcher Thread     ] DEBUG AssetLoader          - Loading from cache: /assets/properties/languages/english.properties
13:50:14.794 [FXGL Launcher Thread     ] DEBUG AssetLoader          - Loading from cache: /assets/properties/languages/english.properties
13:50:14.799 [FXGL Launcher Thread     ] INFO  GameApplication      - Game configuration took:  0,432 sec
13:50:14.800 [JavaFX Application Thread] DEBUG MainWindow           - Target size: 800.0 x 600.0 @ 1.0
13:50:14.800 [JavaFX Application Thread] DEBUG MainWindow           - New size:    800.0 x 600.0 @ 1.0
13:50:14.801 [JavaFX Application Thread] DEBUG MainWindow           - Opening main window
13:50:14.837 [JavaFX Application Thread] DEBUG MainWindow           - Root size:  800.0x600.0
13:50:14.837 [JavaFX Application Thread] DEBUG MainWindow           - Scene size: 800.0x600.0
13:50:14.837 [JavaFX Application Thread] DEBUG MainWindow           - Stage size: 806.0x629.0
13:50:14.837 [JavaFX Application Thread] DEBUG GameApplication      - Running preInit()
13:50:14.843 [JavaFX Application Thread] WARN  AnnotationParser     - BasicGameApp has no package or contains uppercase letters. Disabling annotations processing
13:50:14.862 [JavaFX Application Thread] DEBUG Input                - Registered new binding: Screenshot - P
13:50:14.862 [JavaFX Application Thread] DEBUG Input                - Registered new binding: Dev Options - CTRL+0
13:50:15.009 [JavaFX Application Thread] DEBUG Input                - Registered new binding: Swim Up - Space
13:50:15.009 [JavaFX Application Thread] DEBUG MenuEventHandler     - generateDefaultProfile()
13:50:15.009 [JavaFX Application Thread] DEBUG MenuEventHandler     - Creating default profile
13:50:15.010 [JavaFX Application Thread] DEBUG EventBus             - Firing event: SaveEvent
13:50:15.011 [JavaFX Application Thread] DEBUG AudioPlayer          - Saving data to profile
13:50:15.011 [JavaFX Application Thread] DEBUG Bundle               - Logging bundle: audio
13:50:15.011 [JavaFX Application Thread] DEBUG Bundle               - audio.musicVolume=0.5
13:50:15.011 [JavaFX Application Thread] DEBUG Bundle               - audio.soundVolume=0.5
13:50:15.011 [JavaFX Application Thread] DEBUG Input                - Saving data to profile
13:50:15.011 [JavaFX Application Thread] DEBUG Bundle               - Logging bundle: input
13:50:15.012 [JavaFX Application Thread] DEBUG Bundle               - input.Screenshot=P
13:50:15.012 [JavaFX Application Thread] DEBUG Bundle               - input.Swim Up=Space
13:50:15.012 [JavaFX Application Thread] DEBUG Bundle               - input.Dev Options=CTRL+0
13:50:15.014 [JavaFX Application Thread] DEBUG Bundle               - Logging bundle: gameplayStats
13:50:15.014 [JavaFX Application Thread] DEBUG Bundle               - gameplayStats.playtime=0
13:50:15.015 [JavaFX Application Thread] DEBUG AchievementManager   - Saving data to profile
13:50:15.016 [JavaFX Application Thread] DEBUG Bundle               - Logging bundle: achievement
13:50:15.043 [JavaFX Application Thread] DEBUG GameApplication      - Starting main loop
13:50:15.045 [JavaFX Application Thread] DEBUG StartupState         - STARTUP
13:50:15.045 [JavaFX Application Thread] DEBUG Input                - Clearing active input actions
13:50:15.045 [JavaFX Application Thread] DEBUG AppStateMachine      - StartupState -> MainMenuState
13:50:15.076 [JavaFX Application Thread] DEBUG FXGL.SaveLoadManager - Checking profiles dir: profiles/
13:50:15.076 [JavaFX Application Thread] DEBUG FXGL.SaveLoadManager - Loading profile names
13:50:15.079 [JavaFX Application Thread] DEBUG IOTask               - Showing dialog
13:50:15.082 [JavaFX Application Thread] DEBUG AppStateMachine      - Push state: DialogSubState
13:50:15.082 [JavaFX Application Thread] DEBUG Input                - Clearing active input actions
13:50:15.082 [JavaFX Application Thread] DEBUG AppStateMachine      - MainMenuState -> DialogSubState
13:50:15.127 [FXGL Background Thread 1 ] DEBUG IOTask               - Executing task: loadDirectoryNamesTask(./profiles/, false)
13:50:15.226 [JavaFX Application Thread] DEBUG IOTask               - succeed(): Dismissing dialog
13:50:15.226 [JavaFX Application Thread] DEBUG AppStateMachine      - Pop state: DialogSubState
13:50:15.226 [JavaFX Application Thread] DEBUG Input                - Clearing active input actions
13:50:15.226 [JavaFX Application Thread] DEBUG AppStateMachine      - MainMenuState <- DialogSubState
13:50:15.227 [JavaFX Application Thread] DEBUG IOTask               - Task succeeded: loadDirectoryNamesTask(./profiles/, false)
13:50:15.229 [JavaFX Application Thread] DEBUG AppStateMachine      - Push state: DialogSubState
13:50:15.229 [JavaFX Application Thread] DEBUG Input                - Clearing active input actions
13:50:15.229 [JavaFX Application Thread] DEBUG AppStateMachine      - MainMenuState -> DialogSubState
13:50:15.855 [JavaFX Application Thread] DEBUG AppStateMachine      - Pop state: DialogSubState
13:50:15.856 [JavaFX Application Thread] DEBUG Input                - Clearing active input actions
13:50:15.856 [JavaFX Application Thread] DEBUG AppStateMachine      - MainMenuState <- DialogSubState
13:50:15.856 [JavaFX Application Thread] DEBUG FXGL.SaveLoadManager - Loading profile: 123
13:50:15.857 [JavaFX Application Thread] DEBUG IOTask               - Showing dialog
13:50:15.858 [JavaFX Application Thread] DEBUG AppStateMachine      - Push state: DialogSubState
13:50:15.858 [JavaFX Application Thread] DEBUG Input                - Clearing active input actions
13:50:15.858 [JavaFX Application Thread] DEBUG AppStateMachine      - MainMenuState -> DialogSubState
13:50:15.859 [FXGL Background Thread 1 ] DEBUG IOTask               - Executing task: readDataTask(./profiles/123/user.profile)
13:50:15.860 [FXGL Background Thread 1 ] DEBUG FS                   - Reading from: .\profiles\123\user.profile
13:50:15.871 [JavaFX Application Thread] DEBUG IOTask               - succeed(): Dismissing dialog
13:50:15.872 [JavaFX Application Thread] DEBUG AppStateMachine      - Pop state: DialogSubState
13:50:15.872 [JavaFX Application Thread] DEBUG Input                - Clearing active input actions
13:50:15.872 [JavaFX Application Thread] DEBUG AppStateMachine      - MainMenuState <- DialogSubState
13:50:15.872 [JavaFX Application Thread] DEBUG IOTask               - Task succeeded: readDataTask(./profiles/123/user.profile)
13:50:15.872 [JavaFX Application Thread] DEBUG EventBus             - Firing event: LoadEvent[type=LOAD_PROFILE]
13:50:15.872 [JavaFX Application Thread] DEBUG AudioPlayer          - Loading data from profile
13:50:15.872 [JavaFX Application Thread] DEBUG Bundle               - Logging bundle: audio
13:50:15.873 [JavaFX Application Thread] DEBUG Bundle               - audio.musicVolume=0.5
13:50:15.873 [JavaFX Application Thread] DEBUG Bundle               - audio.soundVolume=0.5
13:50:15.873 [JavaFX Application Thread] DEBUG Input                - Loading data from profile
13:50:15.873 [JavaFX Application Thread] DEBUG Bundle               - Logging bundle: input
13:50:15.873 [JavaFX Application Thread] DEBUG Bundle               - input.Screenshot=P
13:50:15.873 [JavaFX Application Thread] DEBUG Bundle               - input.Swim Up=Space
13:50:15.873 [JavaFX Application Thread] DEBUG Bundle               - input.Dev Options=CTRL+0
13:50:15.873 [JavaFX Application Thread] DEBUG Bundle               - Logging bundle: gameplayStats
13:50:15.874 [JavaFX Application Thread] DEBUG Bundle               - gameplayStats.playtime=97183329446
13:50:15.874 [JavaFX Application Thread] DEBUG AchievementManager   - Loading data from profile
13:50:15.874 [JavaFX Application Thread] DEBUG Bundle               - Logging bundle: achievement
13:50:15.874 [JavaFX Application Thread] DEBUG FXGL.SaveLoadManager - Loading last modified save file
13:50:15.874 [JavaFX Application Thread] DEBUG FXGL.SaveLoadManager - Loading save files
13:50:15.876 [JavaFX Application Thread] DEBUG IOTask               - Showing dialog
13:50:15.877 [JavaFX Application Thread] DEBUG AppStateMachine      - Push state: DialogSubState
13:50:15.877 [JavaFX Application Thread] DEBUG Input                - Clearing active input actions
13:50:15.877 [JavaFX Application Thread] DEBUG AppStateMachine      - MainMenuState -> DialogSubState
13:50:15.878 [FXGL Background Thread 1 ] DEBUG IOTask               - Executing task: loadFileNamesTask(./profiles/123/saves/, true, [FileExtension(extension=.sav)])
13:50:15.878 [FXGL Background Thread 1 ] DEBUG IOTask               - Executing task: loadFileNamesTask(./profiles/123/saves/, true, [FileExtension(extension=.sav)])
13:50:15.879 [FXGL Background Thread 1 ] DEBUG IOTask               - Executing task: loadFileNamesTask(./profiles/123/saves/, true, [FileExtension(extension=.sav)])
13:50:15.881 [FXGL Background Thread 1 ] DEBUG IOTask               - Executing task: readSaveFiles
13:50:15.882 [FXGL Background Thread 1 ] DEBUG IOTask               - Executing task: findLastSave
13:50:15.888 [JavaFX Application Thread] DEBUG IOTask               - fail(): Dismissing dialog
13:50:15.888 [JavaFX Application Thread] DEBUG AppStateMachine      - Pop state: DialogSubState
13:50:15.889 [JavaFX Application Thread] DEBUG Input                - Clearing active input actions
13:50:15.889 [JavaFX Application Thread] DEBUG AppStateMachine      - MainMenuState <- DialogSubState
13:50:15.889 [JavaFX Application Thread] WARN  IOTask               - Task failed: loadFileNamesTask(./profiles/123/saves/, true, [FileExtension(extension=.sav)]) Error: java.io.FileNotFoundException: No save files found
13:50:16.433 [JavaFX Application Thread] DEBUG FXGL.Menu            - fireNewGame()
13:50:16.433 [JavaFX Application Thread] DEBUG GameApplication      - Starting new game
13:50:16.433 [JavaFX Application Thread] DEBUG Input                - Clearing active input actions
13:50:16.433 [JavaFX Application Thread] DEBUG AppStateMachine      - MainMenuState -> LoadingState
13:50:16.438 [JavaFX Application Thread] WARN  AnnotationParser     - BasicGameApp has no package or contains uppercase letters. Disabling annotations processing
13:50:16.438 [JavaFX Application Thread] DEBUG InitAppTask          - Parsing annotations
13:50:16.439 [FXGL Background Thread 1 ] DEBUG InitAppTask          - Clearing previous game
13:50:16.439 [FXGL Background Thread 1 ] DEBUG FXGL.GameWorld       - Clearing game world
13:50:16.440 [FXGL Background Thread 1 ] DEBUG FXGL.PhysicsWorld    - Clearing physics world
13:50:16.440 [FXGL Background Thread 1 ] DEBUG FXGL.GameScene       - Clearing game scene
13:50:16.440 [FXGL Background Thread 1 ] DEBUG InitAppTask          - Initializing Assets
13:50:16.441 [FXGL Background Thread 1 ] DEBUG InitAppTask          - Initializing Game
13:50:16.442 [FXGL Background Thread 1 ] DEBUG AssetLoader          - Loading from disk: /assets/textures/SeamlessUnderwaterBackground.jpg
13:50:16.498 [FXGL Background Thread 1 ] DEBUG FXGL.GameScene       - Creating render group for layer: BACKGROUND(1000)
13:50:16.521 [FXGL Background Thread 1 ] DEBUG AssetLoader          - Loading from disk: /assets/textures/ResizedDiverGif.gif
13:50:16.536 [FXGL Background Thread 1 ] DEBUG FXGL.GameScene       - Creating render group for layer: TOP(2147483647)
13:50:16.538 [FXGL Background Thread 1 ] DEBUG InitAppTask          - Initializing Physics
13:50:16.538 [FXGL Background Thread 1 ] DEBUG InitAppTask          - Initializing UI
13:50:16.543 [FXGL Background Thread 1 ] DEBUG InitAppTask          - Initialization Complete
13:50:16.543 [FXGL Background Thread 1 ] INFO  InitAppTask          - Game initialization took: 0,103 sec
13:50:16.549 [JavaFX Application Thread] DEBUG Input                - Clearing active input actions
13:50:16.551 [JavaFX Application Thread] DEBUG AppStateMachine      - LoadingState -> PlayState
13:50:16.567 [JavaFX Application Thread] DEBUG AssetLoader          - Loading from disk: /assets/textures/BoatImage200px.png
13:50:16.570 [JavaFX Application Thread] DEBUG AssetLoader          - Loading from disk: /assets/textures/coral150px.png
13:50:16.574 [JavaFX Application Thread] DEBUG AssetLoader          - Loading from disk: /assets/textures/Shark75px.png
13:50:16.576 [JavaFX Application Thread] DEBUG AssetLoader          - Loading from disk: /assets/textures/CoinSpin50px.gif
13:50:16.579 [JavaFX Application Thread] DEBUG AssetLoader          - Loading from cache: /assets/textures/CoinSpin50px.gif
13:50:17.301 [JavaFX Application Thread] DEBUG AssetLoader          - Loading from cache: /assets/textures/BoatImage200px.png
13:50:17.302 [JavaFX Application Thread] DEBUG AssetLoader          - Loading from cache: /assets/textures/coral150px.png
13:50:17.302 [JavaFX Application Thread] DEBUG AssetLoader          - Loading from cache: /assets/textures/Shark75px.png
13:50:17.303 [JavaFX Application Thread] DEBUG AssetLoader          - Loading from cache: /assets/textures/CoinSpin50px.gif
13:50:17.304 [JavaFX Application Thread] DEBUG AssetLoader          - Loading from cache: /assets/textures/CoinSpin50px.gif
13:50:17.305 [JavaFX Application Thread] DEBUG AssetLoader          - Loading from cache: /assets/textures/CoinSpin50px.gif
13:50:17.962 [JavaFX Application Thread] DEBUG GameApplication      - Starting new game
13:50:17.963 [JavaFX Application Thread] DEBUG Input                - Clearing active input actions
13:50:17.963 [JavaFX Application Thread] DEBUG AppStateMachine      - PlayState -> LoadingState
13:50:17.967 [FXGL Background Thread 1 ] DEBUG InitAppTask          - Clearing previous game
13:50:17.967 [FXGL Background Thread 1 ] DEBUG FXGL.GameWorld       - Clearing game world
13:50:17.971 [FXGL Background Thread 1 ] DEBUG FXGL.PhysicsWorld    - Clearing physics world
13:50:17.971 [FXGL Background Thread 1 ] DEBUG FXGL.GameScene       - Clearing game scene
13:50:17.971 [FXGL Background Thread 1 ] DEBUG InitAppTask          - Initializing Assets
13:50:17.971 [FXGL Background Thread 1 ] DEBUG InitAppTask          - Initializing Game
13:50:17.971 [FXGL Background Thread 1 ] DEBUG AssetLoader          - Loading from cache: /assets/textures/SeamlessUnderwaterBackground.jpg@800.0x600.0
13:50:17.971 [FXGL Background Thread 1 ] DEBUG FXGL.GameScene       - Creating render group for layer: BACKGROUND(1000)
13:50:17.972 [FXGL Background Thread 1 ] DEBUG AssetLoader          - Loading from cache: /assets/textures/ResizedDiverGif.gif
13:50:17.973 [FXGL Background Thread 1 ] DEBUG FXGL.GameScene       - Creating render group for layer: TOP(2147483647)
13:50:17.973 [FXGL Background Thread 1 ] DEBUG InitAppTask          - Initializing Physics
13:50:17.973 [FXGL Background Thread 1 ] DEBUG InitAppTask          - Initializing UI
13:50:17.973 [FXGL Background Thread 1 ] DEBUG InitAppTask          - Initialization Complete
13:50:17.974 [FXGL Background Thread 1 ] INFO  InitAppTask          - Game initialization took: 0,007 sec
13:50:17.990 [JavaFX Application Thread] DEBUG Input                - Clearing active input actions
13:50:17.990 [JavaFX Application Thread] DEBUG AppStateMachine      - LoadingState -> PlayState
13:50:18.006 [JavaFX Application Thread] DEBUG AssetLoader          - Loading from cache: /assets/textures/BoatImage200px.png
13:50:18.006 [JavaFX Application Thread] DEBUG AssetLoader          - Loading from cache: /assets/textures/coral150px.png
13:50:18.007 [JavaFX Application Thread] DEBUG AssetLoader          - Loading from cache: /assets/textures/Shark75px.png
13:50:18.008 [JavaFX Application Thread] DEBUG AssetLoader          - Loading from cache: /assets/textures/CoinSpin50px.gif
13:50:18.008 [JavaFX Application Thread] DEBUG AssetLoader          - Loading from cache: /assets/textures/CoinSpin50px.gif
13:50:19.354 [JavaFX Application Thread] DEBUG GameApplication      - Starting new game
13:50:19.354 [JavaFX Application Thread] DEBUG Input                - Clearing active input actions
13:50:19.354 [JavaFX Application Thread] DEBUG AppStateMachine      - PlayState -> LoadingState
13:50:19.357 [FXGL Background Thread 1 ] DEBUG InitAppTask          - Clearing previous game
13:50:19.357 [FXGL Background Thread 1 ] DEBUG FXGL.GameWorld       - Clearing game world
13:50:19.358 [FXGL Background Thread 1 ] DEBUG FXGL.PhysicsWorld    - Clearing physics world
13:50:19.358 [FXGL Background Thread 1 ] DEBUG FXGL.GameScene       - Clearing game scene
13:50:19.358 [FXGL Background Thread 1 ] DEBUG InitAppTask          - Initializing Assets
13:50:19.358 [FXGL Background Thread 1 ] DEBUG InitAppTask          - Initializing Game
13:50:19.358 [FXGL Background Thread 1 ] DEBUG AssetLoader          - Loading from cache: /assets/textures/SeamlessUnderwaterBackground.jpg@800.0x600.0
13:50:19.358 [FXGL Background Thread 1 ] DEBUG FXGL.GameScene       - Creating render group for layer: BACKGROUND(1000)
13:50:19.359 [FXGL Background Thread 1 ] DEBUG AssetLoader          - Loading from cache: /assets/textures/ResizedDiverGif.gif
13:50:19.360 [FXGL Background Thread 1 ] DEBUG FXGL.GameScene       - Creating render group for layer: TOP(2147483647)
13:50:19.360 [FXGL Background Thread 1 ] DEBUG InitAppTask          - Initializing Physics
13:50:19.360 [FXGL Background Thread 1 ] DEBUG InitAppTask          - Initializing UI
13:50:19.360 [FXGL Background Thread 1 ] DEBUG InitAppTask          - Initialization Complete
13:50:19.364 [FXGL Background Thread 1 ] INFO  InitAppTask          - Game initialization took: 0,003 sec
13:50:19.366 [JavaFX Application Thread] DEBUG Input                - Clearing active input actions
13:50:19.367 [JavaFX Application Thread] DEBUG AppStateMachine      - LoadingState -> PlayState
13:50:19.382 [JavaFX Application Thread] DEBUG AssetLoader          - Loading from cache: /assets/textures/BoatImage200px.png
13:50:19.383 [JavaFX Application Thread] DEBUG AssetLoader          - Loading from cache: /assets/textures/coral150px.png
13:50:19.384 [JavaFX Application Thread] DEBUG AssetLoader          - Loading from cache: /assets/textures/Shark75px.png
13:50:20.746 [JavaFX Application Thread] DEBUG GameApplication      - Starting new game
13:50:20.746 [JavaFX Application Thread] DEBUG Input                - Clearing active input actions
13:50:20.746 [JavaFX Application Thread] DEBUG AppStateMachine      - PlayState -> LoadingState
13:50:20.749 [FXGL Background Thread 1 ] DEBUG InitAppTask          - Clearing previous game
13:50:20.750 [FXGL Background Thread 1 ] DEBUG FXGL.GameWorld       - Clearing game world
13:50:20.751 [FXGL Background Thread 1 ] DEBUG FXGL.PhysicsWorld    - Clearing physics world
13:50:20.751 [FXGL Background Thread 1 ] DEBUG FXGL.GameScene       - Clearing game scene
13:50:20.751 [FXGL Background Thread 1 ] DEBUG InitAppTask          - Initializing Assets
13:50:20.751 [FXGL Background Thread 1 ] DEBUG InitAppTask          - Initializing Game
13:50:20.751 [FXGL Background Thread 1 ] DEBUG AssetLoader          - Loading from cache: /assets/textures/SeamlessUnderwaterBackground.jpg@800.0x600.0
13:50:20.751 [FXGL Background Thread 1 ] DEBUG FXGL.GameScene       - Creating render group for layer: BACKGROUND(1000)
13:50:20.752 [FXGL Background Thread 1 ] DEBUG AssetLoader          - Loading from cache: /assets/textures/ResizedDiverGif.gif
13:50:20.753 [FXGL Background Thread 1 ] DEBUG FXGL.GameScene       - Creating render group for layer: TOP(2147483647)
13:50:20.753 [FXGL Background Thread 1 ] DEBUG InitAppTask          - Initializing Physics
13:50:20.753 [FXGL Background Thread 1 ] DEBUG InitAppTask          - Initializing UI
13:50:20.754 [FXGL Background Thread 1 ] DEBUG InitAppTask          - Initialization Complete
13:50:20.754 [FXGL Background Thread 1 ] INFO  InitAppTask          - Game initialization took: 0,005 sec
13:50:20.757 [JavaFX Application Thread] DEBUG Input                - Clearing active input actions
13:50:20.757 [JavaFX Application Thread] DEBUG AppStateMachine      - LoadingState -> PlayState
13:50:20.774 [JavaFX Application Thread] DEBUG AssetLoader          - Loading from cache: /assets/textures/BoatImage200px.png
13:50:20.774 [JavaFX Application Thread] DEBUG AssetLoader          - Loading from cache: /assets/textures/coral150px.png
13:50:20.775 [JavaFX Application Thread] DEBUG AssetLoader          - Loading from cache: /assets/textures/Shark75px.png
13:50:20.775 [JavaFX Application Thread] DEBUG AssetLoader          - Loading from cache: /assets/textures/CoinSpin50px.gif
13:50:21.798 [JavaFX Application Thread] DEBUG AssetLoader          - Loading from cache: /assets/textures/BoatImage200px.png
13:50:21.799 [JavaFX Application Thread] DEBUG AssetLoader          - Loading from cache: /assets/textures/coral150px.png
13:50:21.800 [JavaFX Application Thread] DEBUG AssetLoader          - Loading from cache: /assets/textures/Shark75px.png
13:50:22.121 [JavaFX Application Thread] DEBUG GameApplication      - Starting new game
13:50:22.121 [JavaFX Application Thread] DEBUG Input                - Clearing active input actions
13:50:22.122 [JavaFX Application Thread] DEBUG AppStateMachine      - PlayState -> LoadingState
13:50:22.124 [FXGL Background Thread 1 ] DEBUG InitAppTask          - Clearing previous game
13:50:22.124 [FXGL Background Thread 1 ] DEBUG FXGL.GameWorld       - Clearing game world
13:50:22.125 [FXGL Background Thread 1 ] DEBUG FXGL.PhysicsWorld    - Clearing physics world
13:50:22.125 [FXGL Background Thread 1 ] DEBUG FXGL.GameScene       - Clearing game scene
13:50:22.125 [FXGL Background Thread 1 ] DEBUG InitAppTask          - Initializing Assets
13:50:22.125 [FXGL Background Thread 1 ] DEBUG InitAppTask          - Initializing Game
13:50:22.125 [FXGL Background Thread 1 ] DEBUG AssetLoader          - Loading from cache: /assets/textures/SeamlessUnderwaterBackground.jpg@800.0x600.0
13:50:22.125 [FXGL Background Thread 1 ] DEBUG FXGL.GameScene       - Creating render group for layer: BACKGROUND(1000)
13:50:22.126 [FXGL Background Thread 1 ] DEBUG AssetLoader          - Loading from cache: /assets/textures/ResizedDiverGif.gif
13:50:22.126 [FXGL Background Thread 1 ] DEBUG FXGL.GameScene       - Creating render group for layer: TOP(2147483647)
13:50:22.126 [FXGL Background Thread 1 ] DEBUG InitAppTask          - Initializing Physics
13:50:22.126 [FXGL Background Thread 1 ] DEBUG InitAppTask          - Initializing UI
13:50:22.126 [FXGL Background Thread 1 ] DEBUG InitAppTask          - Initialization Complete
13:50:22.126 [FXGL Background Thread 1 ] INFO  InitAppTask          - Game initialization took: 0,002 sec
13:50:22.136 [JavaFX Application Thread] DEBUG Input                - Clearing active input actions
13:50:22.136 [JavaFX Application Thread] DEBUG AppStateMachine      - LoadingState -> PlayState
13:50:22.149 [JavaFX Application Thread] DEBUG AssetLoader          - Loading from cache: /assets/textures/BoatImage200px.png
13:50:22.150 [JavaFX Application Thread] DEBUG AssetLoader          - Loading from cache: /assets/textures/coral150px.png
13:50:22.150 [JavaFX Application Thread] DEBUG AssetLoader          - Loading from cache: /assets/textures/Shark75px.png
13:50:24.134 [JavaFX Application Thread] DEBUG AssetLoader          - Loading from cache: /assets/textures/BoatImage200px.png
13:50:24.134 [JavaFX Application Thread] DEBUG AssetLoader          - Loading from cache: /assets/textures/coral150px.png
13:50:24.135 [JavaFX Application Thread] DEBUG AssetLoader          - Loading from cache: /assets/textures/Shark75px.png
13:50:24.136 [JavaFX Application Thread] DEBUG AssetLoader          - Loading from cache: /assets/textures/CoinSpin50px.gif
13:50:27.174 [JavaFX Application Thread] DEBUG AssetLoader          - Loading from cache: /assets/textures/BoatImage200px.png
13:50:27.174 [JavaFX Application Thread] DEBUG AssetLoader          - Loading from cache: /assets/textures/coral150px.png
13:50:27.175 [JavaFX Application Thread] DEBUG AssetLoader          - Loading from cache: /assets/textures/Shark75px.png
13:50:27.175 [JavaFX Application Thread] DEBUG AssetLoader          - Loading from cache: /assets/textures/CoinSpin50px.gif
13:50:27.176 [JavaFX Application Thread] DEBUG AssetLoader          - Loading from cache: /assets/textures/CoinSpin50px.gif
13:50:27.176 [JavaFX Application Thread] DEBUG AssetLoader          - Loading from cache: /assets/textures/CoinSpin50px.gif
13:50:30.630 [JavaFX Application Thread] DEBUG AssetLoader          - Loading from cache: /assets/textures/BoatImage200px.png
13:50:30.631 [JavaFX Application Thread] DEBUG AssetLoader          - Loading from cache: /assets/textures/coral150px.png
13:50:30.631 [JavaFX Application Thread] DEBUG AssetLoader          - Loading from cache: /assets/textures/Shark75px.png
13:50:30.632 [JavaFX Application Thread] DEBUG AssetLoader          - Loading from cache: /assets/textures/CoinSpin50px.gif
13:50:33.430 [JavaFX Application Thread] DEBUG AssetLoader          - Loading from cache: /assets/textures/BoatImage200px.png
13:50:33.431 [JavaFX Application Thread] DEBUG AssetLoader          - Loading from cache: /assets/textures/coral150px.png
13:50:33.431 [JavaFX Application Thread] DEBUG AssetLoader          - Loading from cache: /assets/textures/Shark75px.png
13:50:33.432 [JavaFX Application Thread] DEBUG AssetLoader          - Loading from cache: /assets/textures/CoinSpin50px.gif
13:50:33.432 [JavaFX Application Thread] DEBUG AssetLoader          - Loading from cache: /assets/textures/CoinSpin50px.gif
13:50:33.433 [JavaFX Application Thread] DEBUG AssetLoader          - Loading from cache: /assets/textures/CoinSpin50px.gif
13:50:36.341 [JavaFX Application Thread] DEBUG AssetLoader          - Loading from cache: /assets/textures/BoatImage200px.png
13:50:36.342 [JavaFX Application Thread] DEBUG AssetLoader          - Loading from cache: /assets/textures/coral150px.png
13:50:36.342 [JavaFX Application Thread] DEBUG AssetLoader          - Loading from cache: /assets/textures/Shark75px.png
13:50:36.342 [JavaFX Application Thread] DEBUG AssetLoader          - Loading from cache: /assets/textures/CoinSpin50px.gif
13:50:36.342 [JavaFX Application Thread] DEBUG AssetLoader          - Loading from cache: /assets/textures/CoinSpin50px.gif
13:50:39.014 [JavaFX Application Thread] DEBUG AssetLoader          - Loading from cache: /assets/textures/BoatImage200px.png
13:50:39.014 [JavaFX Application Thread] DEBUG AssetLoader          - Loading from cache: /assets/textures/coral150px.png
13:50:39.015 [JavaFX Application Thread] DEBUG AssetLoader          - Loading from cache: /assets/textures/Shark75px.png
13:50:39.015 [JavaFX Application Thread] DEBUG AssetLoader          - Loading from cache: /assets/textures/CoinSpin50px.gif
13:50:39.015 [JavaFX Application Thread] DEBUG AssetLoader          - Loading from cache: /assets/textures/CoinSpin50px.gif
13:50:40.757 [JavaFX Application Thread] DEBUG AssetLoader          - Loading from cache: /assets/textures/BoatImage200px.png
13:50:40.758 [JavaFX Application Thread] DEBUG AssetLoader          - Loading from cache: /assets/textures/coral150px.png
13:50:40.758 [JavaFX Application Thread] DEBUG AssetLoader          - Loading from cache: /assets/textures/Shark75px.png
13:50:40.759 [JavaFX Application Thread] DEBUG AssetLoader          - Loading from cache: /assets/textures/CoinSpin50px.gif
13:50:40.759 [JavaFX Application Thread] DEBUG AssetLoader          - Loading from cache: /assets/textures/CoinSpin50px.gif
13:50:40.759 [JavaFX Application Thread] DEBUG AssetLoader          - Loading from cache: /assets/textures/CoinSpin50px.gif
13:50:42.009 [JavaFX Application Thread] DEBUG GameApplication      - Starting new game
13:50:42.009 [JavaFX Application Thread] DEBUG Input                - Clearing active input actions
13:50:42.009 [JavaFX Application Thread] DEBUG AppStateMachine      - PlayState -> LoadingState
13:50:42.012 [FXGL Background Thread 1 ] DEBUG InitAppTask          - Clearing previous game
13:50:42.012 [FXGL Background Thread 1 ] DEBUG FXGL.GameWorld       - Clearing game world
13:50:42.016 [FXGL Background Thread 1 ] DEBUG FXGL.PhysicsWorld    - Clearing physics world
13:50:42.016 [FXGL Background Thread 1 ] DEBUG FXGL.GameScene       - Clearing game scene
13:50:42.016 [FXGL Background Thread 1 ] DEBUG InitAppTask          - Initializing Assets
13:50:42.016 [FXGL Background Thread 1 ] DEBUG InitAppTask          - Initializing Game
13:50:42.016 [FXGL Background Thread 1 ] DEBUG AssetLoader          - Loading from cache: /assets/textures/SeamlessUnderwaterBackground.jpg@800.0x600.0
13:50:42.016 [FXGL Background Thread 1 ] DEBUG FXGL.GameScene       - Creating render group for layer: BACKGROUND(1000)
13:50:42.017 [FXGL Background Thread 1 ] DEBUG AssetLoader          - Loading from cache: /assets/textures/ResizedDiverGif.gif
13:50:42.017 [FXGL Background Thread 1 ] DEBUG FXGL.GameScene       - Creating render group for layer: TOP(2147483647)
13:50:42.017 [FXGL Background Thread 1 ] DEBUG InitAppTask          - Initializing Physics
13:50:42.018 [FXGL Background Thread 1 ] DEBUG InitAppTask          - Initializing UI
13:50:42.018 [FXGL Background Thread 1 ] DEBUG InitAppTask          - Initialization Complete
13:50:42.018 [FXGL Background Thread 1 ] INFO  InitAppTask          - Game initialization took: 0,006 sec
13:50:42.021 [JavaFX Application Thread] DEBUG Input                - Clearing active input actions
13:50:42.021 [JavaFX Application Thread] DEBUG AppStateMachine      - LoadingState -> PlayState
13:50:42.037 [JavaFX Application Thread] DEBUG AssetLoader          - Loading from cache: /assets/textures/BoatImage200px.png
13:50:42.038 [JavaFX Application Thread] DEBUG AssetLoader          - Loading from cache: /assets/textures/coral150px.png
13:50:42.038 [JavaFX Application Thread] DEBUG AssetLoader          - Loading from cache: /assets/textures/Shark75px.png
13:50:42.039 [JavaFX Application Thread] DEBUG AssetLoader          - Loading from cache: /assets/textures/CoinSpin50px.gif
13:50:43.077 [JavaFX Application Thread] DEBUG AssetLoader          - Loading from cache: /assets/textures/BoatImage200px.png
13:50:43.078 [JavaFX Application Thread] DEBUG AssetLoader          - Loading from cache: /assets/textures/coral150px.png
13:50:43.078 [JavaFX Application Thread] DEBUG AssetLoader          - Loading from cache: /assets/textures/Shark75px.png
13:50:43.078 [JavaFX Application Thread] DEBUG AssetLoader          - Loading from cache: /assets/textures/CoinSpin50px.gif
13:50:43.448 [JavaFX Application Thread] DEBUG GameApplication      - Exiting game application
13:50:43.449 [JavaFX Application Thread] DEBUG MenuEventHandler     - Creating default profile
13:50:43.449 [JavaFX Application Thread] DEBUG EventBus             - Firing event: SaveEvent
13:50:43.449 [JavaFX Application Thread] DEBUG AudioPlayer          - Saving data to profile
13:50:43.449 [JavaFX Application Thread] DEBUG Bundle               - Logging bundle: audio
13:50:43.449 [JavaFX Application Thread] DEBUG Bundle               - audio.musicVolume=0.5
13:50:43.449 [JavaFX Application Thread] DEBUG Bundle               - audio.soundVolume=0.5
13:50:43.449 [JavaFX Application Thread] DEBUG Input                - Saving data to profile
13:50:43.449 [JavaFX Application Thread] DEBUG Bundle               - Logging bundle: input
13:50:43.449 [JavaFX Application Thread] DEBUG Bundle               - input.Screenshot=P
13:50:43.449 [JavaFX Application Thread] DEBUG Bundle               - input.Swim Up=Space
13:50:43.449 [JavaFX Application Thread] DEBUG Bundle               - input.Dev Options=CTRL+0
13:50:43.449 [JavaFX Application Thread] DEBUG Bundle               - Logging bundle: gameplayStats
13:50:43.449 [JavaFX Application Thread] DEBUG Bundle               - gameplayStats.playtime=123849995046
13:50:43.449 [JavaFX Application Thread] DEBUG AchievementManager   - Saving data to profile
13:50:43.449 [JavaFX Application Thread] DEBUG Bundle               - Logging bundle: achievement
13:50:43.450 [JavaFX Application Thread] DEBUG FXGL.SaveLoadManager - Saving profile: 123
13:50:43.451 [JavaFX Application Thread] DEBUG IOTask               - Executing task: writeDataTask(./profiles/123/user.profile)
13:50:43.451 [JavaFX Application Thread] DEBUG IOTask               - Executing task: writeDataTask(./profiles/123/user.profile)
13:50:43.453 [JavaFX Application Thread] DEBUG FS                   - Writing to: .\profiles\123\user.profile
13:50:43.459 [JavaFX Application Thread] DEBUG IOTask               - Executing task: checkSavesDir(./profiles/123/saves/)
13:50:43.459 [JavaFX Application Thread] DEBUG IOTask               - Task succeeded: writeDataTask(./profiles/123/user.profile)
13:50:43.459 [JavaFX Application Thread] DEBUG GameApplication      - Shutting down background threads
13:50:43.459 [JavaFX Application Thread] DEBUG GameApplication      - Exiting FXGL
13:50:43.459 [JavaFX Application Thread] DEBUG FXGL                 - Saving FXGL system data
13:50:43.459 [JavaFX Application Thread] DEBUG IOTask               - Executing task: writeDataTask(system/fxgl.bundle)
13:50:43.461 [JavaFX Application Thread] DEBUG FS                   - Writing to: system\fxgl.bundle
13:50:43.464 [JavaFX Application Thread] DEBUG IOTask               - Task succeeded: writeDataTask(system/fxgl.bundle)
13:50:43.464 [JavaFX Application Thread] DEBUG GameApplication      - Closing logger and exiting JavaFX
