13:45:33.003 [JavaFX Application Thread] DEBUG GameApplication      - Logger initialized
13:45:33.204 [JavaFX Application Thread] DEBUG GameApplication      - Starting FXGL
13:45:33.204 [JavaFX Application Thread] INFO  Version              - FXGL-0.4.0
13:45:33.204 [JavaFX Application Thread] INFO  Version              - Source code and latest versions at: https://github.com/AlmasB/FXGL
13:45:33.205 [JavaFX Application Thread] INFO  Version              -              Join the FXGL chat at: https://gitter.im/AlmasB/FXGL
13:45:33.250 [FXGL Launcher Thread     ] DEBUG FXGL                 - Loading FXGL system data
13:45:33.253 [FXGL Launcher Thread     ] DEBUG IOTask               - Executing task: readDataTask(system/fxgl.bundle)
13:45:33.258 [FXGL Launcher Thread     ] DEBUG FS                   - Reading from: system\fxgl.bundle
13:45:33.265 [FXGL Launcher Thread     ] DEBUG IOTask               - Task succeeded: readDataTask(system/fxgl.bundle)
13:45:33.265 [FXGL Launcher Thread     ] DEBUG Bundle               - Logging bundle: FXGL
13:45:33.265 [FXGL Launcher Thread     ] DEBUG Bundle               - FXGL.offline.timer.version.check=2018-01-30T12:29:41.871
13:45:33.266 [FXGL Launcher Thread     ] DEBUG GameApplication      - FXGL configuration complete
13:45:33.267 [FXGL Launcher Thread     ] INFO  GameApplication      - FXGL configuration took:  0,042 sec
13:45:33.267 [FXGL Launcher Thread     ] DEBUG GameApplication      - Logging game settings
Title: SwimmingMan
Version: 2.0
Width: 800
Height: 600
Fullscreen: false
Intro: false
Menus: true
Profiling: false
Single step:false
App Mode: DEVELOPER
Menu Key: ESCAPE
Stage Style: DECORATED
Scene Factory: class com.almasb.fxgl.scene.SceneFactory
Dialog Factory: class com.almasb.fxgl.ui.FXGLDialogFactory
UI Factory: class com.almasb.fxgl.ui.FXGLUIFactory
Notification Service: class com.almasb.fxgl.gameplay.notification.XboxNotificationView
Exception Handler: class com.almasb.fxgl.app.FXGLExceptionHandler
13:45:33.276 [FXGL Launcher Thread     ] DEBUG GameApplication      - Configuring GameApplication
13:45:33.282 [FXGL Launcher Thread     ] DEBUG AppStateMachine      - Initializing application states
13:45:33.289 [FXGL Launcher Thread     ] DEBUG AssetLoader          - Loading from disk: /assets/ui/cursors/fxgl_default.png
13:45:33.307 [FXGL Launcher Thread     ] DEBUG AssetLoader          - Loading from disk: /assets/ui/cursors/fxgl_default.png
13:45:33.314 [FXGL Launcher Thread     ] DEBUG AssetLoader          - Loading from disk: /assets/sounds/core/notification.wav
13:45:33.338 [FXGL Launcher Thread     ] DEBUG AssetLoader          - Loading from disk: /assets/sounds/menu/select.wav
13:45:33.353 [FXGL Launcher Thread     ] DEBUG AssetLoader          - Loading from disk: /assets/sounds/menu/back.wav
13:45:33.355 [FXGL Launcher Thread     ] DEBUG AssetLoader          - Loading from disk: /assets/sounds/menu/press.wav
13:45:33.357 [FXGL Launcher Thread     ] DEBUG AssetLoader          - Loading from disk: /assets/ui/fonts/VarelaRound-Regular.ttf
13:45:33.487 [FXGL Launcher Thread     ] DEBUG AssetLoader          - Loading from disk: /assets/ui/fonts/lucida_console.ttf
13:45:33.498 [FXGL Launcher Thread     ] DEBUG AssetLoader          - Loading from disk: /assets/ui/css/fxgl_dark.css
13:45:33.498 [FXGL Launcher Thread     ] DEBUG AssetLoader          - Loading from disk: /assets/ui/icons/fxgl_icon.png
13:45:33.520 [FXGL Launcher Thread     ] DEBUG AssetLoader          - Loading from disk: /assets/ui/cursors/fxgl_default.png
13:45:33.537 [FXGL Launcher Thread     ] DEBUG FXGL.GameScene       - Game scene initialized: 800x600
13:45:33.540 [FXGL Launcher Thread     ] DEBUG FXGL.GameWorld       - Game world initialized
13:45:33.582 [FXGL Launcher Thread     ] DEBUG FXGL.PhysicsWorld    - Physics world initialized: appHeight=600, physics.ppm=50,0
13:45:33.600 [FXGL Launcher Thread     ] DEBUG AssetLoader          - Loading from disk: /assets/ui/cursors/fxgl_default.png
13:45:33.604 [FXGL Launcher Thread     ] DEBUG FXGL.Menu            - createMenuBodyMainMenu()
13:45:33.610 [FXGL Launcher Thread     ] DEBUG AssetLoader          - Loading from disk: /assets/properties/languages/english.properties
13:45:33.611 [FXGL Launcher Thread     ] DEBUG AssetLoader          - Loading from cache: /assets/properties/languages/english.properties
13:45:33.611 [FXGL Launcher Thread     ] DEBUG FXGL.Menu            - createOptionsMenu()
13:45:33.612 [FXGL Launcher Thread     ] DEBUG AssetLoader          - Loading from cache: /assets/properties/languages/english.properties
13:45:33.612 [FXGL Launcher Thread     ] DEBUG AssetLoader          - Loading from cache: /assets/properties/languages/english.properties
13:45:33.613 [FXGL Launcher Thread     ] DEBUG AssetLoader          - Loading from cache: /assets/properties/languages/english.properties
13:45:33.613 [FXGL Launcher Thread     ] DEBUG AssetLoader          - Loading from cache: /assets/properties/languages/english.properties
13:45:33.614 [FXGL Launcher Thread     ] DEBUG AssetLoader          - Loading from cache: /assets/properties/languages/english.properties
13:45:33.614 [FXGL Launcher Thread     ] DEBUG AssetLoader          - Loading from cache: /assets/properties/languages/english.properties
13:45:33.615 [FXGL Launcher Thread     ] DEBUG AssetLoader          - Loading from cache: /assets/properties/languages/english.properties
13:45:33.616 [FXGL Launcher Thread     ] DEBUG AssetLoader          - Loading from cache: /assets/properties/languages/english.properties
13:45:33.617 [FXGL Launcher Thread     ] DEBUG AssetLoader          - Loading from disk: /assets/ui/cursors/fxgl_default.png
13:45:33.619 [FXGL Launcher Thread     ] DEBUG FXGL.Menu            - createMenuBodyGameMenu()
13:45:33.619 [FXGL Launcher Thread     ] DEBUG AssetLoader          - Loading from cache: /assets/properties/languages/english.properties
13:45:33.620 [FXGL Launcher Thread     ] DEBUG AssetLoader          - Loading from cache: /assets/properties/languages/english.properties
13:45:33.620 [FXGL Launcher Thread     ] DEBUG FXGL.Menu            - createOptionsMenu()
13:45:33.620 [FXGL Launcher Thread     ] DEBUG AssetLoader          - Loading from cache: /assets/properties/languages/english.properties
13:45:33.620 [FXGL Launcher Thread     ] DEBUG AssetLoader          - Loading from cache: /assets/properties/languages/english.properties
13:45:33.620 [FXGL Launcher Thread     ] DEBUG AssetLoader          - Loading from cache: /assets/properties/languages/english.properties
13:45:33.621 [FXGL Launcher Thread     ] DEBUG AssetLoader          - Loading from cache: /assets/properties/languages/english.properties
13:45:33.621 [FXGL Launcher Thread     ] DEBUG AssetLoader          - Loading from cache: /assets/properties/languages/english.properties
13:45:33.621 [FXGL Launcher Thread     ] DEBUG AssetLoader          - Loading from cache: /assets/properties/languages/english.properties
13:45:33.622 [FXGL Launcher Thread     ] DEBUG AssetLoader          - Loading from cache: /assets/properties/languages/english.properties
13:45:33.626 [FXGL Launcher Thread     ] INFO  GameApplication      - Game configuration took:  0,350 sec
13:45:33.629 [JavaFX Application Thread] DEBUG MainWindow           - Target size: 800.0 x 600.0 @ 1.0
13:45:33.629 [JavaFX Application Thread] DEBUG MainWindow           - New size:    800.0 x 600.0 @ 1.0
13:45:33.629 [JavaFX Application Thread] DEBUG MainWindow           - Opening main window
13:45:33.666 [JavaFX Application Thread] DEBUG MainWindow           - Root size:  800.0x600.0
13:45:33.666 [JavaFX Application Thread] DEBUG MainWindow           - Scene size: 800.0x600.0
13:45:33.666 [JavaFX Application Thread] DEBUG MainWindow           - Stage size: 806.0x629.0
13:45:33.666 [JavaFX Application Thread] DEBUG GameApplication      - Running preInit()
13:45:33.672 [JavaFX Application Thread] WARN  AnnotationParser     - BasicGameApp has no package or contains uppercase letters. Disabling annotations processing
13:45:33.691 [JavaFX Application Thread] DEBUG Input                - Registered new binding: Screenshot - P
13:45:33.692 [JavaFX Application Thread] DEBUG Input                - Registered new binding: Dev Options - CTRL+0
13:45:33.768 [JavaFX Application Thread] DEBUG Input                - Registered new binding: Swim Up - Space
13:45:33.769 [JavaFX Application Thread] DEBUG MenuEventHandler     - generateDefaultProfile()
13:45:33.769 [JavaFX Application Thread] DEBUG MenuEventHandler     - Creating default profile
13:45:33.770 [JavaFX Application Thread] DEBUG EventBus             - Firing event: SaveEvent
13:45:33.771 [JavaFX Application Thread] DEBUG AudioPlayer          - Saving data to profile
13:45:33.771 [JavaFX Application Thread] DEBUG Bundle               - Logging bundle: audio
13:45:33.772 [JavaFX Application Thread] DEBUG Bundle               - audio.musicVolume=0.5
13:45:33.772 [JavaFX Application Thread] DEBUG Bundle               - audio.soundVolume=0.5
13:45:33.772 [JavaFX Application Thread] DEBUG Input                - Saving data to profile
13:45:33.772 [JavaFX Application Thread] DEBUG Bundle               - Logging bundle: input
13:45:33.772 [JavaFX Application Thread] DEBUG Bundle               - input.Screenshot=P
13:45:33.772 [JavaFX Application Thread] DEBUG Bundle               - input.Swim Up=Space
13:45:33.772 [JavaFX Application Thread] DEBUG Bundle               - input.Dev Options=CTRL+0
13:45:33.775 [JavaFX Application Thread] DEBUG Bundle               - Logging bundle: gameplayStats
13:45:33.775 [JavaFX Application Thread] DEBUG Bundle               - gameplayStats.playtime=0
13:45:33.776 [JavaFX Application Thread] DEBUG AchievementManager   - Saving data to profile
13:45:33.776 [JavaFX Application Thread] DEBUG Bundle               - Logging bundle: achievement
13:45:33.804 [JavaFX Application Thread] DEBUG GameApplication      - Starting main loop
13:45:33.807 [JavaFX Application Thread] DEBUG StartupState         - STARTUP
13:45:33.807 [JavaFX Application Thread] DEBUG Input                - Clearing active input actions
13:45:33.807 [JavaFX Application Thread] DEBUG AppStateMachine      - StartupState -> MainMenuState
13:45:33.837 [JavaFX Application Thread] DEBUG FXGL.SaveLoadManager - Checking profiles dir: profiles/
13:45:33.837 [JavaFX Application Thread] DEBUG FXGL.SaveLoadManager - Loading profile names
13:45:33.840 [JavaFX Application Thread] DEBUG IOTask               - Showing dialog
13:45:33.843 [JavaFX Application Thread] DEBUG AppStateMachine      - Push state: DialogSubState
13:45:33.843 [JavaFX Application Thread] DEBUG Input                - Clearing active input actions
13:45:33.843 [JavaFX Application Thread] DEBUG AppStateMachine      - MainMenuState -> DialogSubState
13:45:33.853 [FXGL Background Thread 1 ] DEBUG IOTask               - Executing task: loadDirectoryNamesTask(./profiles/, false)
13:45:33.998 [JavaFX Application Thread] DEBUG IOTask               - succeed(): Dismissing dialog
13:45:33.998 [JavaFX Application Thread] DEBUG AppStateMachine      - Pop state: DialogSubState
13:45:33.998 [JavaFX Application Thread] DEBUG Input                - Clearing active input actions
13:45:33.998 [JavaFX Application Thread] DEBUG AppStateMachine      - MainMenuState <- DialogSubState
13:45:33.999 [JavaFX Application Thread] DEBUG IOTask               - Task succeeded: loadDirectoryNamesTask(./profiles/, false)
13:45:34.000 [JavaFX Application Thread] DEBUG AppStateMachine      - Push state: DialogSubState
13:45:34.001 [JavaFX Application Thread] DEBUG Input                - Clearing active input actions
13:45:34.001 [JavaFX Application Thread] DEBUG AppStateMachine      - MainMenuState -> DialogSubState
13:45:36.262 [JavaFX Application Thread] DEBUG AppStateMachine      - Pop state: DialogSubState
13:45:36.263 [JavaFX Application Thread] DEBUG Input                - Clearing active input actions
13:45:36.263 [JavaFX Application Thread] DEBUG AppStateMachine      - MainMenuState <- DialogSubState
13:45:36.264 [JavaFX Application Thread] DEBUG FXGL.SaveLoadManager - Loading profile: 123
13:45:36.264 [JavaFX Application Thread] DEBUG IOTask               - Showing dialog
13:45:36.266 [JavaFX Application Thread] DEBUG AppStateMachine      - Push state: DialogSubState
13:45:36.266 [JavaFX Application Thread] DEBUG Input                - Clearing active input actions
13:45:36.266 [JavaFX Application Thread] DEBUG AppStateMachine      - MainMenuState -> DialogSubState
13:45:36.267 [FXGL Background Thread 1 ] DEBUG IOTask               - Executing task: readDataTask(./profiles/123/user.profile)
13:45:36.268 [FXGL Background Thread 1 ] DEBUG FS                   - Reading from: .\profiles\123\user.profile
13:45:36.278 [JavaFX Application Thread] DEBUG IOTask               - succeed(): Dismissing dialog
13:45:36.278 [JavaFX Application Thread] DEBUG AppStateMachine      - Pop state: DialogSubState
13:45:36.278 [JavaFX Application Thread] DEBUG Input                - Clearing active input actions
13:45:36.279 [JavaFX Application Thread] DEBUG AppStateMachine      - MainMenuState <- DialogSubState
13:45:36.279 [JavaFX Application Thread] DEBUG IOTask               - Task succeeded: readDataTask(./profiles/123/user.profile)
13:45:36.279 [JavaFX Application Thread] DEBUG EventBus             - Firing event: LoadEvent[type=LOAD_PROFILE]
13:45:36.279 [JavaFX Application Thread] DEBUG AudioPlayer          - Loading data from profile
13:45:36.279 [JavaFX Application Thread] DEBUG Bundle               - Logging bundle: audio
13:45:36.279 [JavaFX Application Thread] DEBUG Bundle               - audio.musicVolume=0.5
13:45:36.279 [JavaFX Application Thread] DEBUG Bundle               - audio.soundVolume=0.5
13:45:36.280 [JavaFX Application Thread] DEBUG Input                - Loading data from profile
13:45:36.280 [JavaFX Application Thread] DEBUG Bundle               - Logging bundle: input
13:45:36.280 [JavaFX Application Thread] DEBUG Bundle               - input.Screenshot=P
13:45:36.280 [JavaFX Application Thread] DEBUG Bundle               - input.Swim Up=Space
13:45:36.280 [JavaFX Application Thread] DEBUG Bundle               - input.Dev Options=CTRL+0
13:45:36.280 [JavaFX Application Thread] DEBUG Bundle               - Logging bundle: gameplayStats
13:45:36.280 [JavaFX Application Thread] DEBUG Bundle               - gameplayStats.playtime=75949996962
13:45:36.280 [JavaFX Application Thread] DEBUG AchievementManager   - Loading data from profile
13:45:36.280 [JavaFX Application Thread] DEBUG Bundle               - Logging bundle: achievement
13:45:36.281 [JavaFX Application Thread] DEBUG FXGL.SaveLoadManager - Loading last modified save file
13:45:36.281 [JavaFX Application Thread] DEBUG FXGL.SaveLoadManager - Loading save files
13:45:36.283 [JavaFX Application Thread] DEBUG IOTask               - Showing dialog
13:45:36.283 [JavaFX Application Thread] DEBUG AppStateMachine      - Push state: DialogSubState
13:45:36.284 [JavaFX Application Thread] DEBUG Input                - Clearing active input actions
13:45:36.284 [JavaFX Application Thread] DEBUG AppStateMachine      - MainMenuState -> DialogSubState
13:45:36.285 [FXGL Background Thread 1 ] DEBUG IOTask               - Executing task: loadFileNamesTask(./profiles/123/saves/, true, [FileExtension(extension=.sav)])
13:45:36.285 [FXGL Background Thread 1 ] DEBUG IOTask               - Executing task: loadFileNamesTask(./profiles/123/saves/, true, [FileExtension(extension=.sav)])
13:45:36.285 [FXGL Background Thread 1 ] DEBUG IOTask               - Executing task: loadFileNamesTask(./profiles/123/saves/, true, [FileExtension(extension=.sav)])
13:45:36.288 [FXGL Background Thread 1 ] DEBUG IOTask               - Executing task: readSaveFiles
13:45:36.289 [FXGL Background Thread 1 ] DEBUG IOTask               - Executing task: findLastSave
13:45:36.295 [JavaFX Application Thread] DEBUG IOTask               - fail(): Dismissing dialog
13:45:36.295 [JavaFX Application Thread] DEBUG AppStateMachine      - Pop state: DialogSubState
13:45:36.295 [JavaFX Application Thread] DEBUG Input                - Clearing active input actions
13:45:36.295 [JavaFX Application Thread] DEBUG AppStateMachine      - MainMenuState <- DialogSubState
13:45:36.295 [JavaFX Application Thread] WARN  IOTask               - Task failed: loadFileNamesTask(./profiles/123/saves/, true, [FileExtension(extension=.sav)]) Error: java.io.FileNotFoundException: No save files found
13:45:36.893 [JavaFX Application Thread] DEBUG FXGL.Menu            - fireNewGame()
13:45:36.893 [JavaFX Application Thread] DEBUG GameApplication      - Starting new game
13:45:36.893 [JavaFX Application Thread] DEBUG Input                - Clearing active input actions
13:45:36.893 [JavaFX Application Thread] DEBUG AppStateMachine      - MainMenuState -> LoadingState
13:45:36.899 [JavaFX Application Thread] WARN  AnnotationParser     - BasicGameApp has no package or contains uppercase letters. Disabling annotations processing
13:45:36.899 [JavaFX Application Thread] DEBUG InitAppTask          - Parsing annotations
13:45:36.901 [FXGL Background Thread 1 ] DEBUG InitAppTask          - Clearing previous game
13:45:36.901 [FXGL Background Thread 1 ] DEBUG FXGL.GameWorld       - Clearing game world
13:45:36.901 [FXGL Background Thread 1 ] DEBUG FXGL.PhysicsWorld    - Clearing physics world
13:45:36.902 [FXGL Background Thread 1 ] DEBUG FXGL.GameScene       - Clearing game scene
13:45:36.902 [FXGL Background Thread 1 ] DEBUG InitAppTask          - Initializing Assets
13:45:36.902 [FXGL Background Thread 1 ] DEBUG InitAppTask          - Initializing Game
13:45:36.904 [FXGL Background Thread 1 ] DEBUG AssetLoader          - Loading from disk: /assets/textures/SeamlessUnderwaterBackground.jpg
13:45:36.962 [FXGL Background Thread 1 ] DEBUG FXGL.GameScene       - Creating render group for layer: BACKGROUND(1000)
13:45:36.985 [FXGL Background Thread 1 ] DEBUG AssetLoader          - Loading from disk: /assets/textures/ResizedDiverGif.gif
13:45:36.998 [FXGL Background Thread 1 ] DEBUG FXGL.GameScene       - Creating render group for layer: TOP(2147483647)
13:45:37.001 [FXGL Background Thread 1 ] DEBUG InitAppTask          - Initializing Physics
13:45:37.001 [FXGL Background Thread 1 ] DEBUG InitAppTask          - Initializing UI
13:45:37.007 [FXGL Background Thread 1 ] DEBUG InitAppTask          - Initialization Complete
13:45:37.007 [FXGL Background Thread 1 ] INFO  InitAppTask          - Game initialization took: 0,107 sec
13:45:37.018 [JavaFX Application Thread] DEBUG Input                - Clearing active input actions
13:45:37.018 [JavaFX Application Thread] DEBUG AppStateMachine      - LoadingState -> PlayState
13:45:37.036 [JavaFX Application Thread] DEBUG AssetLoader          - Loading from disk: /assets/textures/BoatImage200px.png
13:45:37.038 [JavaFX Application Thread] DEBUG AssetLoader          - Loading from disk: /assets/textures/coral150px.png
13:45:37.042 [JavaFX Application Thread] DEBUG AssetLoader          - Loading from disk: /assets/textures/Shark75px.png
13:45:37.045 [JavaFX Application Thread] DEBUG AssetLoader          - Loading from disk: /assets/textures/CoinSpin50px.gif
13:45:37.047 [JavaFX Application Thread] DEBUG AssetLoader          - Loading from cache: /assets/textures/CoinSpin50px.gif
13:45:37.048 [JavaFX Application Thread] DEBUG AssetLoader          - Loading from cache: /assets/textures/CoinSpin50px.gif
13:45:38.187 [JavaFX Application Thread] DEBUG AssetLoader          - Loading from cache: /assets/textures/BoatImage200px.png
13:45:38.187 [JavaFX Application Thread] DEBUG AssetLoader          - Loading from cache: /assets/textures/coral150px.png
13:45:38.188 [JavaFX Application Thread] DEBUG AssetLoader          - Loading from cache: /assets/textures/Shark75px.png
13:45:38.189 [JavaFX Application Thread] DEBUG AssetLoader          - Loading from cache: /assets/textures/CoinSpin50px.gif
13:45:38.190 [JavaFX Application Thread] DEBUG AssetLoader          - Loading from cache: /assets/textures/CoinSpin50px.gif
13:45:38.416 [JavaFX Application Thread] DEBUG GameApplication      - Starting new game
13:45:38.416 [JavaFX Application Thread] DEBUG Input                - Clearing active input actions
13:45:38.416 [JavaFX Application Thread] DEBUG AppStateMachine      - PlayState -> LoadingState
13:45:38.421 [FXGL Background Thread 1 ] DEBUG InitAppTask          - Clearing previous game
13:45:38.421 [FXGL Background Thread 1 ] DEBUG FXGL.GameWorld       - Clearing game world
13:45:38.425 [FXGL Background Thread 1 ] DEBUG FXGL.PhysicsWorld    - Clearing physics world
13:45:38.425 [FXGL Background Thread 1 ] DEBUG FXGL.GameScene       - Clearing game scene
13:45:38.425 [FXGL Background Thread 1 ] DEBUG InitAppTask          - Initializing Assets
13:45:38.425 [FXGL Background Thread 1 ] DEBUG InitAppTask          - Initializing Game
13:45:38.425 [FXGL Background Thread 1 ] DEBUG AssetLoader          - Loading from cache: /assets/textures/SeamlessUnderwaterBackground.jpg@800.0x600.0
13:45:38.426 [FXGL Background Thread 1 ] DEBUG FXGL.GameScene       - Creating render group for layer: BACKGROUND(1000)
13:45:38.426 [FXGL Background Thread 1 ] DEBUG AssetLoader          - Loading from cache: /assets/textures/ResizedDiverGif.gif
13:45:38.426 [FXGL Background Thread 1 ] DEBUG FXGL.GameScene       - Creating render group for layer: TOP(2147483647)
13:45:38.427 [FXGL Background Thread 1 ] DEBUG InitAppTask          - Initializing Physics
13:45:38.427 [FXGL Background Thread 1 ] DEBUG InitAppTask          - Initializing UI
13:45:38.428 [FXGL Background Thread 1 ] DEBUG InitAppTask          - Initialization Complete
13:45:38.428 [FXGL Background Thread 1 ] INFO  InitAppTask          - Game initialization took: 0,006 sec
13:45:38.442 [JavaFX Application Thread] DEBUG Input                - Clearing active input actions
13:45:38.442 [JavaFX Application Thread] DEBUG AppStateMachine      - LoadingState -> PlayState
13:45:38.458 [JavaFX Application Thread] DEBUG AssetLoader          - Loading from cache: /assets/textures/BoatImage200px.png
13:45:38.459 [JavaFX Application Thread] DEBUG AssetLoader          - Loading from cache: /assets/textures/coral150px.png
13:45:38.459 [JavaFX Application Thread] DEBUG AssetLoader          - Loading from cache: /assets/textures/Shark75px.png
13:45:38.460 [JavaFX Application Thread] DEBUG AssetLoader          - Loading from cache: /assets/textures/BoatImage200px.png
13:45:38.461 [JavaFX Application Thread] DEBUG AssetLoader          - Loading from cache: /assets/textures/coral150px.png
13:45:38.462 [JavaFX Application Thread] DEBUG AssetLoader          - Loading from cache: /assets/textures/Shark75px.png
13:45:39.808 [JavaFX Application Thread] DEBUG GameApplication      - Starting new game
13:45:39.808 [JavaFX Application Thread] DEBUG Input                - Clearing active input actions
13:45:39.808 [JavaFX Application Thread] DEBUG AppStateMachine      - PlayState -> LoadingState
13:45:39.812 [FXGL Background Thread 1 ] DEBUG InitAppTask          - Clearing previous game
13:45:39.812 [FXGL Background Thread 1 ] DEBUG FXGL.GameWorld       - Clearing game world
13:45:39.815 [FXGL Background Thread 1 ] DEBUG FXGL.PhysicsWorld    - Clearing physics world
13:45:39.815 [FXGL Background Thread 1 ] DEBUG FXGL.GameScene       - Clearing game scene
13:45:39.816 [FXGL Background Thread 1 ] DEBUG InitAppTask          - Initializing Assets
13:45:39.816 [FXGL Background Thread 1 ] DEBUG InitAppTask          - Initializing Game
13:45:39.816 [FXGL Background Thread 1 ] DEBUG AssetLoader          - Loading from cache: /assets/textures/SeamlessUnderwaterBackground.jpg@800.0x600.0
13:45:39.817 [FXGL Background Thread 1 ] DEBUG FXGL.GameScene       - Creating render group for layer: BACKGROUND(1000)
13:45:39.817 [FXGL Background Thread 1 ] DEBUG AssetLoader          - Loading from cache: /assets/textures/ResizedDiverGif.gif
13:45:39.818 [FXGL Background Thread 1 ] DEBUG FXGL.GameScene       - Creating render group for layer: TOP(2147483647)
13:45:39.818 [FXGL Background Thread 1 ] DEBUG InitAppTask          - Initializing Physics
13:45:39.818 [FXGL Background Thread 1 ] DEBUG InitAppTask          - Initializing UI
13:45:39.819 [FXGL Background Thread 1 ] DEBUG InitAppTask          - Initialization Complete
13:45:39.819 [FXGL Background Thread 1 ] INFO  InitAppTask          - Game initialization took: 0,007 sec
13:45:39.819 [JavaFX Application Thread] DEBUG Input                - Clearing active input actions
13:45:39.819 [JavaFX Application Thread] DEBUG AppStateMachine      - LoadingState -> PlayState
13:45:39.835 [JavaFX Application Thread] DEBUG AssetLoader          - Loading from cache: /assets/textures/BoatImage200px.png
13:45:39.835 [JavaFX Application Thread] DEBUG AssetLoader          - Loading from cache: /assets/textures/coral150px.png
13:45:39.836 [JavaFX Application Thread] DEBUG AssetLoader          - Loading from cache: /assets/textures/Shark75px.png
13:45:39.836 [JavaFX Application Thread] DEBUG AssetLoader          - Loading from cache: /assets/textures/CoinSpin50px.gif
13:45:39.837 [JavaFX Application Thread] DEBUG AssetLoader          - Loading from cache: /assets/textures/BoatImage200px.png
13:45:39.838 [JavaFX Application Thread] DEBUG AssetLoader          - Loading from cache: /assets/textures/coral150px.png
13:45:39.838 [JavaFX Application Thread] DEBUG AssetLoader          - Loading from cache: /assets/textures/Shark75px.png
13:45:39.839 [JavaFX Application Thread] DEBUG AssetLoader          - Loading from cache: /assets/textures/CoinSpin50px.gif
13:45:39.839 [JavaFX Application Thread] DEBUG AssetLoader          - Loading from cache: /assets/textures/CoinSpin50px.gif
13:45:41.199 [JavaFX Application Thread] DEBUG GameApplication      - Starting new game
13:45:41.199 [JavaFX Application Thread] DEBUG Input                - Clearing active input actions
13:45:41.199 [JavaFX Application Thread] DEBUG AppStateMachine      - PlayState -> LoadingState
13:45:41.203 [FXGL Background Thread 1 ] DEBUG InitAppTask          - Clearing previous game
13:45:41.204 [FXGL Background Thread 1 ] DEBUG FXGL.GameWorld       - Clearing game world
13:45:41.206 [FXGL Background Thread 1 ] DEBUG FXGL.PhysicsWorld    - Clearing physics world
13:45:41.206 [FXGL Background Thread 1 ] DEBUG FXGL.GameScene       - Clearing game scene
13:45:41.206 [FXGL Background Thread 1 ] DEBUG InitAppTask          - Initializing Assets
13:45:41.206 [FXGL Background Thread 1 ] DEBUG InitAppTask          - Initializing Game
13:45:41.206 [FXGL Background Thread 1 ] DEBUG AssetLoader          - Loading from cache: /assets/textures/SeamlessUnderwaterBackground.jpg@800.0x600.0
13:45:41.206 [FXGL Background Thread 1 ] DEBUG FXGL.GameScene       - Creating render group for layer: BACKGROUND(1000)
13:45:41.207 [FXGL Background Thread 1 ] DEBUG AssetLoader          - Loading from cache: /assets/textures/ResizedDiverGif.gif
13:45:41.207 [FXGL Background Thread 1 ] DEBUG FXGL.GameScene       - Creating render group for layer: TOP(2147483647)
13:45:41.207 [FXGL Background Thread 1 ] DEBUG InitAppTask          - Initializing Physics
13:45:41.208 [FXGL Background Thread 1 ] DEBUG InitAppTask          - Initializing UI
13:45:41.208 [FXGL Background Thread 1 ] DEBUG InitAppTask          - Initialization Complete
13:45:41.208 [FXGL Background Thread 1 ] INFO  InitAppTask          - Game initialization took: 0,005 sec
13:45:41.210 [JavaFX Application Thread] DEBUG Input                - Clearing active input actions
13:45:41.211 [JavaFX Application Thread] DEBUG AppStateMachine      - LoadingState -> PlayState
13:45:41.228 [JavaFX Application Thread] DEBUG AssetLoader          - Loading from cache: /assets/textures/BoatImage200px.png
13:45:41.229 [JavaFX Application Thread] DEBUG AssetLoader          - Loading from cache: /assets/textures/coral150px.png
13:45:41.229 [JavaFX Application Thread] DEBUG AssetLoader          - Loading from cache: /assets/textures/Shark75px.png
13:45:41.230 [JavaFX Application Thread] DEBUG AssetLoader          - Loading from cache: /assets/textures/CoinSpin50px.gif
13:45:41.230 [JavaFX Application Thread] DEBUG AssetLoader          - Loading from cache: /assets/textures/CoinSpin50px.gif
13:45:41.231 [JavaFX Application Thread] DEBUG AssetLoader          - Loading from cache: /assets/textures/CoinSpin50px.gif
13:45:42.068 [JavaFX Application Thread] DEBUG GameApplication      - Exiting game application
13:45:42.069 [JavaFX Application Thread] DEBUG MenuEventHandler     - Creating default profile
13:45:42.069 [JavaFX Application Thread] DEBUG EventBus             - Firing event: SaveEvent
13:45:42.069 [JavaFX Application Thread] DEBUG AudioPlayer          - Saving data to profile
13:45:42.069 [JavaFX Application Thread] DEBUG Bundle               - Logging bundle: audio
13:45:42.069 [JavaFX Application Thread] DEBUG Bundle               - audio.musicVolume=0.5
13:45:42.069 [JavaFX Application Thread] DEBUG Bundle               - audio.soundVolume=0.5
13:45:42.069 [JavaFX Application Thread] DEBUG Input                - Saving data to profile
13:45:42.069 [JavaFX Application Thread] DEBUG Bundle               - Logging bundle: input
13:45:42.069 [JavaFX Application Thread] DEBUG Bundle               - input.Screenshot=P
13:45:42.069 [JavaFX Application Thread] DEBUG Bundle               - input.Swim Up=Space
13:45:42.069 [JavaFX Application Thread] DEBUG Bundle               - input.Dev Options=CTRL+0
13:45:42.069 [JavaFX Application Thread] DEBUG Bundle               - Logging bundle: gameplayStats
13:45:42.069 [JavaFX Application Thread] DEBUG Bundle               - gameplayStats.playtime=80833330100
13:45:42.069 [JavaFX Application Thread] DEBUG AchievementManager   - Saving data to profile
13:45:42.069 [JavaFX Application Thread] DEBUG Bundle               - Logging bundle: achievement
13:45:42.069 [JavaFX Application Thread] DEBUG FXGL.SaveLoadManager - Saving profile: 123
13:45:42.070 [JavaFX Application Thread] DEBUG IOTask               - Executing task: writeDataTask(./profiles/123/user.profile)
13:45:42.071 [JavaFX Application Thread] DEBUG IOTask               - Executing task: writeDataTask(./profiles/123/user.profile)
13:45:42.072 [JavaFX Application Thread] DEBUG FS                   - Writing to: .\profiles\123\user.profile
13:45:42.078 [JavaFX Application Thread] DEBUG IOTask               - Executing task: checkSavesDir(./profiles/123/saves/)
13:45:42.079 [JavaFX Application Thread] DEBUG IOTask               - Task succeeded: writeDataTask(./profiles/123/user.profile)
13:45:42.079 [JavaFX Application Thread] DEBUG GameApplication      - Shutting down background threads
13:45:42.079 [JavaFX Application Thread] DEBUG GameApplication      - Exiting FXGL
13:45:42.079 [JavaFX Application Thread] DEBUG FXGL                 - Saving FXGL system data
13:45:42.079 [JavaFX Application Thread] DEBUG IOTask               - Executing task: writeDataTask(system/fxgl.bundle)
13:45:42.081 [JavaFX Application Thread] DEBUG FS                   - Writing to: system\fxgl.bundle
13:45:42.083 [JavaFX Application Thread] DEBUG IOTask               - Task succeeded: writeDataTask(system/fxgl.bundle)
13:45:42.083 [JavaFX Application Thread] DEBUG GameApplication      - Closing logger and exiting JavaFX
