13:46:23.158 [JavaFX Application Thread] DEBUG GameApplication      - Logger initialized
13:46:23.363 [JavaFX Application Thread] DEBUG GameApplication      - Starting FXGL
13:46:23.363 [JavaFX Application Thread] INFO  Version              - FXGL-0.4.0
13:46:23.363 [JavaFX Application Thread] INFO  Version              - Source code and latest versions at: https://github.com/AlmasB/FXGL
13:46:23.363 [JavaFX Application Thread] INFO  Version              -              Join the FXGL chat at: https://gitter.im/AlmasB/FXGL
13:46:23.395 [FXGL Launcher Thread     ] DEBUG FXGL                 - Loading FXGL system data
13:46:23.399 [FXGL Launcher Thread     ] DEBUG IOTask               - Executing task: readDataTask(system/fxgl.bundle)
13:46:23.404 [FXGL Launcher Thread     ] DEBUG FS                   - Reading from: system\fxgl.bundle
13:46:23.411 [FXGL Launcher Thread     ] DEBUG IOTask               - Task succeeded: readDataTask(system/fxgl.bundle)
13:46:23.411 [FXGL Launcher Thread     ] DEBUG Bundle               - Logging bundle: FXGL
13:46:23.412 [FXGL Launcher Thread     ] DEBUG Bundle               - FXGL.offline.timer.version.check=2018-01-30T12:29:41.871
13:46:23.412 [FXGL Launcher Thread     ] DEBUG GameApplication      - FXGL configuration complete
13:46:23.413 [FXGL Launcher Thread     ] INFO  GameApplication      - FXGL configuration took:  0,047 sec
13:46:23.414 [FXGL Launcher Thread     ] DEBUG GameApplication      - Logging game settings
Title: SwimmingMan
Version: 2.0
Width: 800
Height: 600
Fullscreen: false
Intro: false
Menus: true
Profiling: false
Single step:false
App Mode: DEVELOPER
Menu Key: ESCAPE
Stage Style: DECORATED
Scene Factory: class com.almasb.fxgl.scene.SceneFactory
Dialog Factory: class com.almasb.fxgl.ui.FXGLDialogFactory
UI Factory: class com.almasb.fxgl.ui.FXGLUIFactory
Notification Service: class com.almasb.fxgl.gameplay.notification.XboxNotificationView
Exception Handler: class com.almasb.fxgl.app.FXGLExceptionHandler
13:46:23.417 [FXGL Launcher Thread     ] DEBUG GameApplication      - Configuring GameApplication
13:46:23.421 [FXGL Launcher Thread     ] DEBUG AppStateMachine      - Initializing application states
13:46:23.430 [FXGL Launcher Thread     ] DEBUG AssetLoader          - Loading from disk: /assets/ui/cursors/fxgl_default.png
13:46:23.447 [FXGL Launcher Thread     ] DEBUG AssetLoader          - Loading from disk: /assets/ui/cursors/fxgl_default.png
13:46:23.454 [FXGL Launcher Thread     ] DEBUG AssetLoader          - Loading from disk: /assets/sounds/core/notification.wav
13:46:23.472 [FXGL Launcher Thread     ] DEBUG AssetLoader          - Loading from disk: /assets/sounds/menu/select.wav
13:46:23.477 [FXGL Launcher Thread     ] DEBUG AssetLoader          - Loading from disk: /assets/sounds/menu/back.wav
13:46:23.494 [FXGL Launcher Thread     ] DEBUG AssetLoader          - Loading from disk: /assets/sounds/menu/press.wav
13:46:23.496 [FXGL Launcher Thread     ] DEBUG AssetLoader          - Loading from disk: /assets/ui/fonts/VarelaRound-Regular.ttf
13:46:23.659 [FXGL Launcher Thread     ] DEBUG AssetLoader          - Loading from disk: /assets/ui/fonts/lucida_console.ttf
13:46:23.672 [FXGL Launcher Thread     ] DEBUG AssetLoader          - Loading from disk: /assets/ui/css/fxgl_dark.css
13:46:23.672 [FXGL Launcher Thread     ] DEBUG AssetLoader          - Loading from disk: /assets/ui/icons/fxgl_icon.png
13:46:23.689 [FXGL Launcher Thread     ] DEBUG AssetLoader          - Loading from disk: /assets/ui/cursors/fxgl_default.png
13:46:23.706 [FXGL Launcher Thread     ] DEBUG FXGL.GameScene       - Game scene initialized: 800x600
13:46:23.709 [FXGL Launcher Thread     ] DEBUG FXGL.GameWorld       - Game world initialized
13:46:23.750 [FXGL Launcher Thread     ] DEBUG FXGL.PhysicsWorld    - Physics world initialized: appHeight=600, physics.ppm=50,0
13:46:23.775 [FXGL Launcher Thread     ] DEBUG AssetLoader          - Loading from disk: /assets/ui/cursors/fxgl_default.png
13:46:23.782 [FXGL Launcher Thread     ] DEBUG FXGL.Menu            - createMenuBodyMainMenu()
13:46:23.791 [FXGL Launcher Thread     ] DEBUG AssetLoader          - Loading from disk: /assets/properties/languages/english.properties
13:46:23.792 [FXGL Launcher Thread     ] DEBUG AssetLoader          - Loading from cache: /assets/properties/languages/english.properties
13:46:23.793 [FXGL Launcher Thread     ] DEBUG FXGL.Menu            - createOptionsMenu()
13:46:23.793 [FXGL Launcher Thread     ] DEBUG AssetLoader          - Loading from cache: /assets/properties/languages/english.properties
13:46:23.794 [FXGL Launcher Thread     ] DEBUG AssetLoader          - Loading from cache: /assets/properties/languages/english.properties
13:46:23.795 [FXGL Launcher Thread     ] DEBUG AssetLoader          - Loading from cache: /assets/properties/languages/english.properties
13:46:23.796 [FXGL Launcher Thread     ] DEBUG AssetLoader          - Loading from cache: /assets/properties/languages/english.properties
13:46:23.796 [FXGL Launcher Thread     ] DEBUG AssetLoader          - Loading from cache: /assets/properties/languages/english.properties
13:46:23.797 [FXGL Launcher Thread     ] DEBUG AssetLoader          - Loading from cache: /assets/properties/languages/english.properties
13:46:23.798 [FXGL Launcher Thread     ] DEBUG AssetLoader          - Loading from cache: /assets/properties/languages/english.properties
13:46:23.799 [FXGL Launcher Thread     ] DEBUG AssetLoader          - Loading from cache: /assets/properties/languages/english.properties
13:46:23.800 [FXGL Launcher Thread     ] DEBUG AssetLoader          - Loading from disk: /assets/ui/cursors/fxgl_default.png
13:46:23.803 [FXGL Launcher Thread     ] DEBUG FXGL.Menu            - createMenuBodyGameMenu()
13:46:23.804 [FXGL Launcher Thread     ] DEBUG AssetLoader          - Loading from cache: /assets/properties/languages/english.properties
13:46:23.804 [FXGL Launcher Thread     ] DEBUG AssetLoader          - Loading from cache: /assets/properties/languages/english.properties
13:46:23.804 [FXGL Launcher Thread     ] DEBUG FXGL.Menu            - createOptionsMenu()
13:46:23.804 [FXGL Launcher Thread     ] DEBUG AssetLoader          - Loading from cache: /assets/properties/languages/english.properties
13:46:23.805 [FXGL Launcher Thread     ] DEBUG AssetLoader          - Loading from cache: /assets/properties/languages/english.properties
13:46:23.805 [FXGL Launcher Thread     ] DEBUG AssetLoader          - Loading from cache: /assets/properties/languages/english.properties
13:46:23.805 [FXGL Launcher Thread     ] DEBUG AssetLoader          - Loading from cache: /assets/properties/languages/english.properties
13:46:23.805 [FXGL Launcher Thread     ] DEBUG AssetLoader          - Loading from cache: /assets/properties/languages/english.properties
13:46:23.806 [FXGL Launcher Thread     ] DEBUG AssetLoader          - Loading from cache: /assets/properties/languages/english.properties
13:46:23.806 [FXGL Launcher Thread     ] DEBUG AssetLoader          - Loading from cache: /assets/properties/languages/english.properties
13:46:23.810 [FXGL Launcher Thread     ] INFO  GameApplication      - Game configuration took:  0,392 sec
13:46:23.813 [JavaFX Application Thread] DEBUG MainWindow           - Target size: 800.0 x 600.0 @ 1.0
13:46:23.813 [JavaFX Application Thread] DEBUG MainWindow           - New size:    800.0 x 600.0 @ 1.0
13:46:23.813 [JavaFX Application Thread] DEBUG MainWindow           - Opening main window
13:46:23.868 [JavaFX Application Thread] DEBUG MainWindow           - Root size:  800.0x600.0
13:46:23.868 [JavaFX Application Thread] DEBUG MainWindow           - Scene size: 800.0x600.0
13:46:23.868 [JavaFX Application Thread] DEBUG MainWindow           - Stage size: 806.0x629.0
13:46:23.868 [JavaFX Application Thread] DEBUG GameApplication      - Running preInit()
13:46:23.874 [JavaFX Application Thread] WARN  AnnotationParser     - BasicGameApp has no package or contains uppercase letters. Disabling annotations processing
13:46:23.895 [JavaFX Application Thread] DEBUG Input                - Registered new binding: Screenshot - P
13:46:23.896 [JavaFX Application Thread] DEBUG Input                - Registered new binding: Dev Options - CTRL+0
13:46:23.964 [JavaFX Application Thread] DEBUG Input                - Registered new binding: Swim Up - Space
13:46:23.964 [JavaFX Application Thread] DEBUG MenuEventHandler     - generateDefaultProfile()
13:46:23.964 [JavaFX Application Thread] DEBUG MenuEventHandler     - Creating default profile
13:46:23.965 [JavaFX Application Thread] DEBUG EventBus             - Firing event: SaveEvent
13:46:23.966 [JavaFX Application Thread] DEBUG AudioPlayer          - Saving data to profile
13:46:23.966 [JavaFX Application Thread] DEBUG Bundle               - Logging bundle: audio
13:46:23.966 [JavaFX Application Thread] DEBUG Bundle               - audio.musicVolume=0.5
13:46:23.966 [JavaFX Application Thread] DEBUG Bundle               - audio.soundVolume=0.5
13:46:23.966 [JavaFX Application Thread] DEBUG Input                - Saving data to profile
13:46:23.967 [JavaFX Application Thread] DEBUG Bundle               - Logging bundle: input
13:46:23.967 [JavaFX Application Thread] DEBUG Bundle               - input.Screenshot=P
13:46:23.967 [JavaFX Application Thread] DEBUG Bundle               - input.Swim Up=Space
13:46:23.967 [JavaFX Application Thread] DEBUG Bundle               - input.Dev Options=CTRL+0
13:46:23.971 [JavaFX Application Thread] DEBUG Bundle               - Logging bundle: gameplayStats
13:46:23.972 [JavaFX Application Thread] DEBUG Bundle               - gameplayStats.playtime=0
13:46:23.973 [JavaFX Application Thread] DEBUG AchievementManager   - Saving data to profile
13:46:23.973 [JavaFX Application Thread] DEBUG Bundle               - Logging bundle: achievement
13:46:24.013 [JavaFX Application Thread] DEBUG GameApplication      - Starting main loop
13:46:24.017 [JavaFX Application Thread] DEBUG StartupState         - STARTUP
13:46:24.018 [JavaFX Application Thread] DEBUG Input                - Clearing active input actions
13:46:24.018 [JavaFX Application Thread] DEBUG AppStateMachine      - StartupState -> MainMenuState
13:46:24.048 [JavaFX Application Thread] DEBUG FXGL.SaveLoadManager - Checking profiles dir: profiles/
13:46:24.048 [JavaFX Application Thread] DEBUG FXGL.SaveLoadManager - Loading profile names
13:46:24.051 [JavaFX Application Thread] DEBUG IOTask               - Showing dialog
13:46:24.054 [JavaFX Application Thread] DEBUG AppStateMachine      - Push state: DialogSubState
13:46:24.054 [JavaFX Application Thread] DEBUG Input                - Clearing active input actions
13:46:24.054 [JavaFX Application Thread] DEBUG AppStateMachine      - MainMenuState -> DialogSubState
13:46:24.152 [FXGL Background Thread 1 ] DEBUG IOTask               - Executing task: loadDirectoryNamesTask(./profiles/, false)
13:46:24.229 [JavaFX Application Thread] DEBUG IOTask               - succeed(): Dismissing dialog
13:46:24.229 [JavaFX Application Thread] DEBUG AppStateMachine      - Pop state: DialogSubState
13:46:24.229 [JavaFX Application Thread] DEBUG Input                - Clearing active input actions
13:46:24.229 [JavaFX Application Thread] DEBUG AppStateMachine      - MainMenuState <- DialogSubState
13:46:24.230 [JavaFX Application Thread] DEBUG IOTask               - Task succeeded: loadDirectoryNamesTask(./profiles/, false)
13:46:24.232 [JavaFX Application Thread] DEBUG AppStateMachine      - Push state: DialogSubState
13:46:24.232 [JavaFX Application Thread] DEBUG Input                - Clearing active input actions
13:46:24.232 [JavaFX Application Thread] DEBUG AppStateMachine      - MainMenuState -> DialogSubState
13:46:25.904 [JavaFX Application Thread] DEBUG AppStateMachine      - Pop state: DialogSubState
13:46:25.905 [JavaFX Application Thread] DEBUG Input                - Clearing active input actions
13:46:25.905 [JavaFX Application Thread] DEBUG AppStateMachine      - MainMenuState <- DialogSubState
13:46:25.905 [JavaFX Application Thread] DEBUG FXGL.SaveLoadManager - Loading profile: 123
13:46:25.906 [JavaFX Application Thread] DEBUG IOTask               - Showing dialog
13:46:25.907 [JavaFX Application Thread] DEBUG AppStateMachine      - Push state: DialogSubState
13:46:25.907 [JavaFX Application Thread] DEBUG Input                - Clearing active input actions
13:46:25.907 [JavaFX Application Thread] DEBUG AppStateMachine      - MainMenuState -> DialogSubState
13:46:25.909 [FXGL Background Thread 1 ] DEBUG IOTask               - Executing task: readDataTask(./profiles/123/user.profile)
13:46:25.909 [FXGL Background Thread 1 ] DEBUG FS                   - Reading from: .\profiles\123\user.profile
13:46:25.920 [JavaFX Application Thread] DEBUG IOTask               - succeed(): Dismissing dialog
13:46:25.920 [JavaFX Application Thread] DEBUG AppStateMachine      - Pop state: DialogSubState
13:46:25.920 [JavaFX Application Thread] DEBUG Input                - Clearing active input actions
13:46:25.920 [JavaFX Application Thread] DEBUG AppStateMachine      - MainMenuState <- DialogSubState
13:46:25.920 [JavaFX Application Thread] DEBUG IOTask               - Task succeeded: readDataTask(./profiles/123/user.profile)
13:46:25.921 [JavaFX Application Thread] DEBUG EventBus             - Firing event: LoadEvent[type=LOAD_PROFILE]
13:46:25.921 [JavaFX Application Thread] DEBUG AudioPlayer          - Loading data from profile
13:46:25.921 [JavaFX Application Thread] DEBUG Bundle               - Logging bundle: audio
13:46:25.921 [JavaFX Application Thread] DEBUG Bundle               - audio.musicVolume=0.5
13:46:25.921 [JavaFX Application Thread] DEBUG Bundle               - audio.soundVolume=0.5
13:46:25.921 [JavaFX Application Thread] DEBUG Input                - Loading data from profile
13:46:25.921 [JavaFX Application Thread] DEBUG Bundle               - Logging bundle: input
13:46:25.921 [JavaFX Application Thread] DEBUG Bundle               - input.Screenshot=P
13:46:25.921 [JavaFX Application Thread] DEBUG Bundle               - input.Swim Up=Space
13:46:25.921 [JavaFX Application Thread] DEBUG Bundle               - input.Dev Options=CTRL+0
13:46:25.921 [JavaFX Application Thread] DEBUG Bundle               - Logging bundle: gameplayStats
13:46:25.922 [JavaFX Application Thread] DEBUG Bundle               - gameplayStats.playtime=80833330100
13:46:25.922 [JavaFX Application Thread] DEBUG AchievementManager   - Loading data from profile
13:46:25.922 [JavaFX Application Thread] DEBUG Bundle               - Logging bundle: achievement
13:46:25.922 [JavaFX Application Thread] DEBUG FXGL.SaveLoadManager - Loading last modified save file
13:46:25.922 [JavaFX Application Thread] DEBUG FXGL.SaveLoadManager - Loading save files
13:46:25.927 [JavaFX Application Thread] DEBUG IOTask               - Showing dialog
13:46:25.928 [JavaFX Application Thread] DEBUG AppStateMachine      - Push state: DialogSubState
13:46:25.928 [JavaFX Application Thread] DEBUG Input                - Clearing active input actions
13:46:25.928 [JavaFX Application Thread] DEBUG AppStateMachine      - MainMenuState -> DialogSubState
13:46:25.929 [FXGL Background Thread 1 ] DEBUG IOTask               - Executing task: loadFileNamesTask(./profiles/123/saves/, true, [FileExtension(extension=.sav)])
13:46:25.929 [FXGL Background Thread 1 ] DEBUG IOTask               - Executing task: loadFileNamesTask(./profiles/123/saves/, true, [FileExtension(extension=.sav)])
13:46:25.929 [FXGL Background Thread 1 ] DEBUG IOTask               - Executing task: loadFileNamesTask(./profiles/123/saves/, true, [FileExtension(extension=.sav)])
13:46:25.932 [FXGL Background Thread 1 ] DEBUG IOTask               - Executing task: readSaveFiles
13:46:25.933 [FXGL Background Thread 1 ] DEBUG IOTask               - Executing task: findLastSave
13:46:25.939 [JavaFX Application Thread] DEBUG IOTask               - fail(): Dismissing dialog
13:46:25.940 [JavaFX Application Thread] DEBUG AppStateMachine      - Pop state: DialogSubState
13:46:25.940 [JavaFX Application Thread] DEBUG Input                - Clearing active input actions
13:46:25.940 [JavaFX Application Thread] DEBUG AppStateMachine      - MainMenuState <- DialogSubState
13:46:25.940 [JavaFX Application Thread] WARN  IOTask               - Task failed: loadFileNamesTask(./profiles/123/saves/, true, [FileExtension(extension=.sav)]) Error: java.io.FileNotFoundException: No save files found
13:46:26.423 [JavaFX Application Thread] DEBUG FXGL.Menu            - fireNewGame()
13:46:26.423 [JavaFX Application Thread] DEBUG GameApplication      - Starting new game
13:46:26.424 [JavaFX Application Thread] DEBUG Input                - Clearing active input actions
13:46:26.424 [JavaFX Application Thread] DEBUG AppStateMachine      - MainMenuState -> LoadingState
13:46:26.429 [JavaFX Application Thread] WARN  AnnotationParser     - BasicGameApp has no package or contains uppercase letters. Disabling annotations processing
13:46:26.429 [JavaFX Application Thread] DEBUG InitAppTask          - Parsing annotations
13:46:26.431 [FXGL Background Thread 1 ] DEBUG InitAppTask          - Clearing previous game
13:46:26.431 [FXGL Background Thread 1 ] DEBUG FXGL.GameWorld       - Clearing game world
13:46:26.431 [FXGL Background Thread 1 ] DEBUG FXGL.PhysicsWorld    - Clearing physics world
13:46:26.432 [FXGL Background Thread 1 ] DEBUG FXGL.GameScene       - Clearing game scene
13:46:26.432 [FXGL Background Thread 1 ] DEBUG InitAppTask          - Initializing Assets
13:46:26.433 [FXGL Background Thread 1 ] DEBUG InitAppTask          - Initializing Game
13:46:26.434 [FXGL Background Thread 1 ] DEBUG AssetLoader          - Loading from disk: /assets/textures/SeamlessUnderwaterBackground.jpg
13:46:26.491 [FXGL Background Thread 1 ] DEBUG FXGL.GameScene       - Creating render group for layer: BACKGROUND(1000)
13:46:26.513 [FXGL Background Thread 1 ] DEBUG AssetLoader          - Loading from disk: /assets/textures/ResizedDiverGif.gif
13:46:26.525 [FXGL Background Thread 1 ] DEBUG FXGL.GameScene       - Creating render group for layer: TOP(2147483647)
13:46:26.529 [FXGL Background Thread 1 ] DEBUG InitAppTask          - Initializing Physics
13:46:26.530 [FXGL Background Thread 1 ] DEBUG InitAppTask          - Initializing UI
13:46:26.536 [FXGL Background Thread 1 ] DEBUG InitAppTask          - Initialization Complete
13:46:26.536 [FXGL Background Thread 1 ] INFO  InitAppTask          - Game initialization took: 0,105 sec
13:46:26.548 [JavaFX Application Thread] DEBUG Input                - Clearing active input actions
13:46:26.548 [JavaFX Application Thread] DEBUG AppStateMachine      - LoadingState -> PlayState
13:46:26.565 [JavaFX Application Thread] DEBUG AssetLoader          - Loading from disk: /assets/textures/BoatImage200px.png
13:46:26.568 [JavaFX Application Thread] DEBUG AssetLoader          - Loading from disk: /assets/textures/coral150px.png
13:46:26.571 [JavaFX Application Thread] DEBUG AssetLoader          - Loading from disk: /assets/textures/Shark75px.png
13:46:26.573 [JavaFX Application Thread] DEBUG AssetLoader          - Loading from disk: /assets/textures/CoinSpin50px.gif
13:46:27.929 [JavaFX Application Thread] DEBUG GameApplication      - Starting new game
13:46:27.930 [JavaFX Application Thread] DEBUG Input                - Clearing active input actions
13:46:27.930 [JavaFX Application Thread] DEBUG AppStateMachine      - PlayState -> LoadingState
13:46:27.933 [FXGL Background Thread 1 ] DEBUG InitAppTask          - Clearing previous game
13:46:27.933 [FXGL Background Thread 1 ] DEBUG FXGL.GameWorld       - Clearing game world
13:46:27.936 [FXGL Background Thread 1 ] DEBUG FXGL.PhysicsWorld    - Clearing physics world
13:46:27.936 [FXGL Background Thread 1 ] DEBUG FXGL.GameScene       - Clearing game scene
13:46:27.936 [FXGL Background Thread 1 ] DEBUG InitAppTask          - Initializing Assets
13:46:27.936 [FXGL Background Thread 1 ] DEBUG InitAppTask          - Initializing Game
13:46:27.936 [FXGL Background Thread 1 ] DEBUG AssetLoader          - Loading from cache: /assets/textures/SeamlessUnderwaterBackground.jpg@800.0x600.0
13:46:27.936 [FXGL Background Thread 1 ] DEBUG FXGL.GameScene       - Creating render group for layer: BACKGROUND(1000)
13:46:27.937 [FXGL Background Thread 1 ] DEBUG AssetLoader          - Loading from cache: /assets/textures/ResizedDiverGif.gif
13:46:27.938 [FXGL Background Thread 1 ] DEBUG FXGL.GameScene       - Creating render group for layer: TOP(2147483647)
13:46:27.939 [FXGL Background Thread 1 ] DEBUG InitAppTask          - Initializing Physics
13:46:27.939 [FXGL Background Thread 1 ] DEBUG InitAppTask          - Initializing UI
13:46:27.939 [FXGL Background Thread 1 ] DEBUG InitAppTask          - Initialization Complete
13:46:27.940 [FXGL Background Thread 1 ] INFO  InitAppTask          - Game initialization took: 0,007 sec
13:46:27.940 [JavaFX Application Thread] DEBUG Input                - Clearing active input actions
13:46:27.940 [JavaFX Application Thread] DEBUG AppStateMachine      - LoadingState -> PlayState
13:46:27.956 [JavaFX Application Thread] DEBUG AssetLoader          - Loading from cache: /assets/textures/BoatImage200px.png
13:46:27.957 [JavaFX Application Thread] DEBUG AssetLoader          - Loading from cache: /assets/textures/coral150px.png
13:46:27.958 [JavaFX Application Thread] DEBUG AssetLoader          - Loading from cache: /assets/textures/Shark75px.png
13:46:29.305 [JavaFX Application Thread] DEBUG GameApplication      - Starting new game
13:46:29.305 [JavaFX Application Thread] DEBUG Input                - Clearing active input actions
13:46:29.305 [JavaFX Application Thread] DEBUG AppStateMachine      - PlayState -> LoadingState
13:46:29.307 [FXGL Background Thread 1 ] DEBUG InitAppTask          - Clearing previous game
13:46:29.307 [FXGL Background Thread 1 ] DEBUG FXGL.GameWorld       - Clearing game world
13:46:29.308 [FXGL Background Thread 1 ] DEBUG FXGL.PhysicsWorld    - Clearing physics world
13:46:29.308 [FXGL Background Thread 1 ] DEBUG FXGL.GameScene       - Clearing game scene
13:46:29.308 [FXGL Background Thread 1 ] DEBUG InitAppTask          - Initializing Assets
13:46:29.308 [FXGL Background Thread 1 ] DEBUG InitAppTask          - Initializing Game
13:46:29.308 [FXGL Background Thread 1 ] DEBUG AssetLoader          - Loading from cache: /assets/textures/SeamlessUnderwaterBackground.jpg@800.0x600.0
13:46:29.308 [FXGL Background Thread 1 ] DEBUG FXGL.GameScene       - Creating render group for layer: BACKGROUND(1000)
13:46:29.309 [FXGL Background Thread 1 ] DEBUG AssetLoader          - Loading from cache: /assets/textures/ResizedDiverGif.gif
13:46:29.310 [FXGL Background Thread 1 ] DEBUG FXGL.GameScene       - Creating render group for layer: TOP(2147483647)
13:46:29.310 [FXGL Background Thread 1 ] DEBUG InitAppTask          - Initializing Physics
13:46:29.310 [FXGL Background Thread 1 ] DEBUG InitAppTask          - Initializing UI
13:46:29.310 [FXGL Background Thread 1 ] DEBUG InitAppTask          - Initialization Complete
13:46:29.311 [FXGL Background Thread 1 ] INFO  InitAppTask          - Game initialization took: 0,003 sec
13:46:29.316 [JavaFX Application Thread] DEBUG Input                - Clearing active input actions
13:46:29.316 [JavaFX Application Thread] DEBUG AppStateMachine      - LoadingState -> PlayState
13:46:29.332 [JavaFX Application Thread] DEBUG AssetLoader          - Loading from cache: /assets/textures/BoatImage200px.png
13:46:29.333 [JavaFX Application Thread] DEBUG AssetLoader          - Loading from cache: /assets/textures/coral150px.png
13:46:29.334 [JavaFX Application Thread] DEBUG AssetLoader          - Loading from cache: /assets/textures/Shark75px.png
13:46:29.334 [JavaFX Application Thread] DEBUG AssetLoader          - Loading from cache: /assets/textures/CoinSpin50px.gif
13:46:29.335 [JavaFX Application Thread] DEBUG AssetLoader          - Loading from cache: /assets/textures/CoinSpin50px.gif
13:46:29.335 [JavaFX Application Thread] DEBUG AssetLoader          - Loading from cache: /assets/textures/BoatImage200px.png
13:46:29.336 [JavaFX Application Thread] DEBUG AssetLoader          - Loading from cache: /assets/textures/coral150px.png
13:46:29.337 [JavaFX Application Thread] DEBUG AssetLoader          - Loading from cache: /assets/textures/Shark75px.png
13:46:29.338 [JavaFX Application Thread] DEBUG AssetLoader          - Loading from cache: /assets/textures/CoinSpin50px.gif
13:46:29.338 [JavaFX Application Thread] DEBUG AssetLoader          - Loading from cache: /assets/textures/CoinSpin50px.gif
13:46:30.170 [JavaFX Application Thread] DEBUG GameApplication      - Exiting game application
13:46:30.170 [JavaFX Application Thread] DEBUG MenuEventHandler     - Creating default profile
13:46:30.170 [JavaFX Application Thread] DEBUG EventBus             - Firing event: SaveEvent
13:46:30.171 [JavaFX Application Thread] DEBUG AudioPlayer          - Saving data to profile
13:46:30.171 [JavaFX Application Thread] DEBUG Bundle               - Logging bundle: audio
13:46:30.171 [JavaFX Application Thread] DEBUG Bundle               - audio.musicVolume=0.5
13:46:30.171 [JavaFX Application Thread] DEBUG Bundle               - audio.soundVolume=0.5
13:46:30.171 [JavaFX Application Thread] DEBUG Input                - Saving data to profile
13:46:30.171 [JavaFX Application Thread] DEBUG Bundle               - Logging bundle: input
13:46:30.171 [JavaFX Application Thread] DEBUG Bundle               - input.Screenshot=P
13:46:30.171 [JavaFX Application Thread] DEBUG Bundle               - input.Swim Up=Space
13:46:30.171 [JavaFX Application Thread] DEBUG Bundle               - input.Dev Options=CTRL+0
13:46:30.171 [JavaFX Application Thread] DEBUG Bundle               - Logging bundle: gameplayStats
13:46:30.171 [JavaFX Application Thread] DEBUG Bundle               - gameplayStats.playtime=84349996626
13:46:30.171 [JavaFX Application Thread] DEBUG AchievementManager   - Saving data to profile
13:46:30.171 [JavaFX Application Thread] DEBUG Bundle               - Logging bundle: achievement
13:46:30.171 [JavaFX Application Thread] DEBUG FXGL.SaveLoadManager - Saving profile: 123
13:46:30.173 [JavaFX Application Thread] DEBUG IOTask               - Executing task: writeDataTask(./profiles/123/user.profile)
13:46:30.173 [JavaFX Application Thread] DEBUG IOTask               - Executing task: writeDataTask(./profiles/123/user.profile)
13:46:30.175 [JavaFX Application Thread] DEBUG FS                   - Writing to: .\profiles\123\user.profile
13:46:30.181 [JavaFX Application Thread] DEBUG IOTask               - Executing task: checkSavesDir(./profiles/123/saves/)
13:46:30.181 [JavaFX Application Thread] DEBUG IOTask               - Task succeeded: writeDataTask(./profiles/123/user.profile)
13:46:30.181 [JavaFX Application Thread] DEBUG GameApplication      - Shutting down background threads
13:46:30.181 [JavaFX Application Thread] DEBUG GameApplication      - Exiting FXGL
13:46:30.181 [JavaFX Application Thread] DEBUG FXGL                 - Saving FXGL system data
13:46:30.181 [JavaFX Application Thread] DEBUG IOTask               - Executing task: writeDataTask(system/fxgl.bundle)
13:46:30.183 [JavaFX Application Thread] DEBUG FS                   - Writing to: system\fxgl.bundle
13:46:30.185 [JavaFX Application Thread] DEBUG IOTask               - Task succeeded: writeDataTask(system/fxgl.bundle)
13:46:30.185 [JavaFX Application Thread] DEBUG GameApplication      - Closing logger and exiting JavaFX
