17:03:30.083 [JavaFX Application Thread] DEBUG GameApplication      - Logger initialized
17:03:30.310 [JavaFX Application Thread] DEBUG GameApplication      - Starting FXGL
17:03:30.310 [JavaFX Application Thread] INFO  Version              - FXGL-0.4.0
17:03:30.311 [JavaFX Application Thread] INFO  Version              - Source code and latest versions at: https://github.com/AlmasB/FXGL
17:03:30.311 [JavaFX Application Thread] INFO  Version              -              Join the FXGL chat at: https://gitter.im/AlmasB/FXGL
17:03:30.345 [FXGL Launcher Thread     ] DEBUG FXGL                 - Loading FXGL system data
17:03:30.349 [FXGL Launcher Thread     ] DEBUG IOTask               - Executing task: readDataTask(system/fxgl.bundle)
17:03:30.356 [FXGL Launcher Thread     ] DEBUG FS                   - Reading from: system\fxgl.bundle
17:03:30.363 [FXGL Launcher Thread     ] DEBUG IOTask               - Task succeeded: readDataTask(system/fxgl.bundle)
17:03:30.364 [FXGL Launcher Thread     ] DEBUG Bundle               - Logging bundle: FXGL
17:03:30.364 [FXGL Launcher Thread     ] DEBUG Bundle               - FXGL.offline.timer.version.check=2018-01-30T12:29:41.871
17:03:30.365 [FXGL Launcher Thread     ] DEBUG GameApplication      - FXGL configuration complete
17:03:30.366 [FXGL Launcher Thread     ] INFO  GameApplication      - FXGL configuration took:  0,046 sec
17:03:30.366 [FXGL Launcher Thread     ] DEBUG GameApplication      - Logging game settings
Title: Test
Version: 0.0
Width: 800
Height: 600
Fullscreen: false
Intro: false
Menus: false
Profiling: false
Single step:false
App Mode: DEVELOPER
Menu Key: ESCAPE
Stage Style: DECORATED
Scene Factory: class com.almasb.fxgl.scene.SceneFactory
Dialog Factory: class com.almasb.fxgl.ui.FXGLDialogFactory
UI Factory: class com.almasb.fxgl.ui.FXGLUIFactory
Notification Service: class com.almasb.fxgl.gameplay.notification.XboxNotificationView
Exception Handler: class com.almasb.fxgl.app.FXGLExceptionHandler
17:03:30.370 [FXGL Launcher Thread     ] DEBUG GameApplication      - Configuring GameApplication
17:03:30.373 [FXGL Launcher Thread     ] DEBUG AppStateMachine      - Initializing application states
17:03:30.381 [FXGL Launcher Thread     ] DEBUG AssetLoader          - Loading from disk: /assets/ui/cursors/fxgl_default.png
17:03:30.398 [FXGL Launcher Thread     ] DEBUG AssetLoader          - Loading from disk: /assets/ui/cursors/fxgl_default.png
17:03:30.404 [FXGL Launcher Thread     ] DEBUG AssetLoader          - Loading from disk: /assets/sounds/core/notification.wav
17:03:30.433 [FXGL Launcher Thread     ] DEBUG AssetLoader          - Loading from disk: /assets/sounds/menu/select.wav
17:03:30.442 [FXGL Launcher Thread     ] DEBUG AssetLoader          - Loading from disk: /assets/sounds/menu/back.wav
17:03:30.444 [FXGL Launcher Thread     ] DEBUG AssetLoader          - Loading from disk: /assets/sounds/menu/press.wav
17:03:30.446 [FXGL Launcher Thread     ] DEBUG AssetLoader          - Loading from disk: /assets/ui/fonts/VarelaRound-Regular.ttf
17:03:30.530 [FXGL Launcher Thread     ] DEBUG AssetLoader          - Loading from disk: /assets/ui/fonts/lucida_console.ttf
17:03:30.566 [FXGL Launcher Thread     ] DEBUG AssetLoader          - Loading from disk: /assets/ui/css/fxgl_dark.css
17:03:30.566 [FXGL Launcher Thread     ] DEBUG AssetLoader          - Loading from disk: /assets/ui/icons/fxgl_icon.png
17:03:30.583 [FXGL Launcher Thread     ] DEBUG AssetLoader          - Loading from disk: /assets/ui/cursors/fxgl_default.png
17:03:30.600 [FXGL Launcher Thread     ] DEBUG FXGL.GameScene       - Game scene initialized: 800x600
17:03:30.602 [FXGL Launcher Thread     ] DEBUG FXGL.GameWorld       - Game world initialized
17:03:30.644 [FXGL Launcher Thread     ] DEBUG FXGL.PhysicsWorld    - Physics world initialized: appHeight=600, physics.ppm=50,0
17:03:30.670 [FXGL Launcher Thread     ] DEBUG Input                - Registered new binding: Pause - Esc
17:03:30.685 [FXGL Launcher Thread     ] INFO  GameApplication      - Game configuration took:  0,314 sec
17:03:30.686 [JavaFX Application Thread] DEBUG MainWindow           - Target size: 800.0 x 600.0 @ 1.0
17:03:30.687 [JavaFX Application Thread] DEBUG MainWindow           - New size:    800.0 x 600.0 @ 1.0
17:03:30.687 [JavaFX Application Thread] DEBUG MainWindow           - Opening main window
17:03:30.712 [JavaFX Application Thread] DEBUG MainWindow           - Root size:  800.0x600.0
17:03:30.713 [JavaFX Application Thread] DEBUG MainWindow           - Scene size: 800.0x600.0
17:03:30.713 [JavaFX Application Thread] DEBUG MainWindow           - Stage size: 806.0x629.0
17:03:30.713 [JavaFX Application Thread] DEBUG GameApplication      - Running preInit()
17:03:30.718 [JavaFX Application Thread] WARN  AnnotationParser     - BasicGameApp has no package or contains uppercase letters. Disabling annotations processing
17:03:30.720 [JavaFX Application Thread] DEBUG Input                - Registered new binding: Screenshot - P
17:03:30.721 [JavaFX Application Thread] DEBUG Input                - Registered new binding: Dev Options - CTRL+0
17:03:30.721 [JavaFX Application Thread] DEBUG Input                - Registered new binding: Swim Up - W
17:03:30.721 [JavaFX Application Thread] DEBUG Input                - Registered new binding: Swim Down - S
17:03:30.721 [JavaFX Application Thread] DEBUG Input                - Registered new binding: Swim Forward - D
17:03:30.721 [JavaFX Application Thread] DEBUG Input                - Registered new binding: Swim Backward - A
17:03:30.749 [JavaFX Application Thread] DEBUG GameApplication      - Starting main loop
17:03:30.756 [JavaFX Application Thread] DEBUG StartupState         - STARTUP
17:03:30.757 [JavaFX Application Thread] DEBUG GameApplication      - Starting new game
17:03:30.757 [JavaFX Application Thread] DEBUG Input                - Clearing active input actions
17:03:30.757 [JavaFX Application Thread] DEBUG AppStateMachine      - StartupState -> LoadingState
17:03:30.781 [JavaFX Application Thread] WARN  AnnotationParser     - BasicGameApp has no package or contains uppercase letters. Disabling annotations processing
17:03:30.781 [JavaFX Application Thread] DEBUG InitAppTask          - Parsing annotations
17:03:30.789 [FXGL Background Thread 1 ] DEBUG InitAppTask          - Clearing previous game
17:03:30.789 [FXGL Background Thread 1 ] DEBUG FXGL.GameWorld       - Clearing game world
17:03:30.790 [FXGL Background Thread 1 ] DEBUG FXGL.PhysicsWorld    - Clearing physics world
17:03:30.790 [FXGL Background Thread 1 ] DEBUG FXGL.GameScene       - Clearing game scene
17:03:30.791 [FXGL Background Thread 1 ] DEBUG InitAppTask          - Initializing Assets
17:03:30.792 [FXGL Background Thread 1 ] DEBUG InitAppTask          - Initializing Game
17:03:30.823 [FXGL Background Thread 1 ] DEBUG AssetLoader          - Loading from disk: /assets/textures/BackgroundUnderwater.jpg
17:03:30.850 [FXGL Background Thread 1 ] DEBUG FXGL.GameScene       - Creating render group for layer: TOP(2147483647)
17:03:30.854 [FXGL Background Thread 1 ] DEBUG AssetLoader          - Loading from disk: /assets/textures/diver-1.gif
17:03:30.875 [FXGL Background Thread 1 ] DEBUG InitAppTask          - Initializing Physics
17:03:30.876 [FXGL Background Thread 1 ] DEBUG InitAppTask          - Initializing UI
17:03:30.878 [FXGL Background Thread 1 ] DEBUG InitAppTask          - Initialization Complete
17:03:30.879 [FXGL Background Thread 1 ] INFO  InitAppTask          - Game initialization took: 0,090 sec
17:03:30.880 [JavaFX Application Thread] DEBUG Input                - Clearing active input actions
17:03:30.880 [JavaFX Application Thread] DEBUG AppStateMachine      - LoadingState -> PlayState
17:03:40.029 [JavaFX Application Thread] DEBUG GameApplication      - Exiting game application
17:03:40.030 [JavaFX Application Thread] DEBUG GameApplication      - Shutting down background threads
17:03:40.030 [JavaFX Application Thread] DEBUG GameApplication      - Exiting FXGL
17:03:40.030 [JavaFX Application Thread] DEBUG FXGL                 - Saving FXGL system data
17:03:40.033 [JavaFX Application Thread] DEBUG IOTask               - Executing task: writeDataTask(system/fxgl.bundle)
17:03:40.034 [JavaFX Application Thread] DEBUG FS                   - Writing to: system\fxgl.bundle
17:03:40.038 [JavaFX Application Thread] DEBUG IOTask               - Task succeeded: writeDataTask(system/fxgl.bundle)
17:03:40.038 [JavaFX Application Thread] DEBUG GameApplication      - Closing logger and exiting JavaFX
