17:06:36.717 [JavaFX Application Thread] DEBUG GameApplication      - Logger initialized
17:06:36.909 [JavaFX Application Thread] DEBUG GameApplication      - Starting FXGL
17:06:36.909 [JavaFX Application Thread] INFO  Version              - FXGL-0.4.0
17:06:36.909 [JavaFX Application Thread] INFO  Version              - Source code and latest versions at: https://github.com/AlmasB/FXGL
17:06:36.909 [JavaFX Application Thread] INFO  Version              -              Join the FXGL chat at: https://gitter.im/AlmasB/FXGL
17:06:36.941 [FXGL Launcher Thread     ] DEBUG FXGL                 - Loading FXGL system data
17:06:36.944 [FXGL Launcher Thread     ] DEBUG IOTask               - Executing task: readDataTask(system/fxgl.bundle)
17:06:36.950 [FXGL Launcher Thread     ] DEBUG FS                   - Reading from: system\fxgl.bundle
17:06:36.957 [FXGL Launcher Thread     ] DEBUG IOTask               - Task succeeded: readDataTask(system/fxgl.bundle)
17:06:36.957 [FXGL Launcher Thread     ] DEBUG Bundle               - Logging bundle: FXGL
17:06:36.958 [FXGL Launcher Thread     ] DEBUG Bundle               - FXGL.offline.timer.version.check=2018-01-30T12:29:41.871
17:06:36.958 [FXGL Launcher Thread     ] DEBUG GameApplication      - FXGL configuration complete
17:06:36.961 [FXGL Launcher Thread     ] INFO  GameApplication      - FXGL configuration took:  0,045 sec
17:06:36.961 [FXGL Launcher Thread     ] DEBUG GameApplication      - Logging game settings
Title: SwimmingMan
Version: 0.0
Width: 800
Height: 600
Fullscreen: false
Intro: false
Menus: false
Profiling: false
Single step:false
App Mode: DEVELOPER
Menu Key: ESCAPE
Stage Style: DECORATED
Scene Factory: class com.almasb.fxgl.scene.SceneFactory
Dialog Factory: class com.almasb.fxgl.ui.FXGLDialogFactory
UI Factory: class com.almasb.fxgl.ui.FXGLUIFactory
Notification Service: class com.almasb.fxgl.gameplay.notification.XboxNotificationView
Exception Handler: class com.almasb.fxgl.app.FXGLExceptionHandler
17:06:36.965 [FXGL Launcher Thread     ] DEBUG GameApplication      - Configuring GameApplication
17:06:36.969 [FXGL Launcher Thread     ] DEBUG AppStateMachine      - Initializing application states
17:06:36.976 [FXGL Launcher Thread     ] DEBUG AssetLoader          - Loading from disk: /assets/ui/cursors/fxgl_default.png
17:06:36.993 [FXGL Launcher Thread     ] DEBUG AssetLoader          - Loading from disk: /assets/ui/cursors/fxgl_default.png
17:06:37.000 [FXGL Launcher Thread     ] DEBUG AssetLoader          - Loading from disk: /assets/sounds/core/notification.wav
17:06:37.021 [FXGL Launcher Thread     ] DEBUG AssetLoader          - Loading from disk: /assets/sounds/menu/select.wav
17:06:37.037 [FXGL Launcher Thread     ] DEBUG AssetLoader          - Loading from disk: /assets/sounds/menu/back.wav
17:06:37.041 [FXGL Launcher Thread     ] DEBUG AssetLoader          - Loading from disk: /assets/sounds/menu/press.wav
17:06:37.043 [FXGL Launcher Thread     ] DEBUG AssetLoader          - Loading from disk: /assets/ui/fonts/VarelaRound-Regular.ttf
17:06:37.151 [FXGL Launcher Thread     ] DEBUG AssetLoader          - Loading from disk: /assets/ui/fonts/lucida_console.ttf
17:06:37.184 [FXGL Launcher Thread     ] DEBUG AssetLoader          - Loading from disk: /assets/ui/css/fxgl_dark.css
17:06:37.184 [FXGL Launcher Thread     ] DEBUG AssetLoader          - Loading from disk: /assets/ui/icons/fxgl_icon.png
17:06:37.200 [FXGL Launcher Thread     ] DEBUG AssetLoader          - Loading from disk: /assets/ui/cursors/fxgl_default.png
17:06:37.217 [FXGL Launcher Thread     ] DEBUG FXGL.GameScene       - Game scene initialized: 800x600
17:06:37.220 [FXGL Launcher Thread     ] DEBUG FXGL.GameWorld       - Game world initialized
17:06:37.261 [FXGL Launcher Thread     ] DEBUG FXGL.PhysicsWorld    - Physics world initialized: appHeight=600, physics.ppm=50,0
17:06:37.283 [FXGL Launcher Thread     ] DEBUG Input                - Registered new binding: Pause - Esc
17:06:37.300 [FXGL Launcher Thread     ] INFO  GameApplication      - Game configuration took:  0,334 sec
17:06:37.301 [JavaFX Application Thread] DEBUG MainWindow           - Target size: 800.0 x 600.0 @ 1.0
17:06:37.301 [JavaFX Application Thread] DEBUG MainWindow           - New size:    800.0 x 600.0 @ 1.0
17:06:37.302 [JavaFX Application Thread] DEBUG MainWindow           - Opening main window
17:06:37.332 [JavaFX Application Thread] DEBUG MainWindow           - Root size:  800.0x600.0
17:06:37.332 [JavaFX Application Thread] DEBUG MainWindow           - Scene size: 800.0x600.0
17:06:37.332 [JavaFX Application Thread] DEBUG MainWindow           - Stage size: 806.0x629.0
17:06:37.332 [JavaFX Application Thread] DEBUG GameApplication      - Running preInit()
17:06:37.338 [JavaFX Application Thread] WARN  AnnotationParser     - BasicGameApp has no package or contains uppercase letters. Disabling annotations processing
17:06:37.340 [JavaFX Application Thread] DEBUG Input                - Registered new binding: Screenshot - P
17:06:37.340 [JavaFX Application Thread] DEBUG Input                - Registered new binding: Dev Options - CTRL+0
17:06:37.340 [JavaFX Application Thread] DEBUG Input                - Registered new binding: Swim Up - W
17:06:37.340 [JavaFX Application Thread] DEBUG Input                - Registered new binding: Swim Down - S
17:06:37.341 [JavaFX Application Thread] DEBUG Input                - Registered new binding: Swim Forward - D
17:06:37.341 [JavaFX Application Thread] DEBUG Input                - Registered new binding: Swim Backward - A
17:06:37.367 [JavaFX Application Thread] DEBUG GameApplication      - Starting main loop
17:06:37.370 [JavaFX Application Thread] DEBUG StartupState         - STARTUP
17:06:37.371 [JavaFX Application Thread] DEBUG GameApplication      - Starting new game
17:06:37.371 [JavaFX Application Thread] DEBUG Input                - Clearing active input actions
17:06:37.371 [JavaFX Application Thread] DEBUG AppStateMachine      - StartupState -> LoadingState
17:06:37.395 [JavaFX Application Thread] WARN  AnnotationParser     - BasicGameApp has no package or contains uppercase letters. Disabling annotations processing
17:06:37.395 [JavaFX Application Thread] DEBUG InitAppTask          - Parsing annotations
17:06:37.449 [FXGL Background Thread 1 ] DEBUG InitAppTask          - Clearing previous game
17:06:37.449 [FXGL Background Thread 1 ] DEBUG FXGL.GameWorld       - Clearing game world
17:06:37.450 [FXGL Background Thread 1 ] DEBUG FXGL.PhysicsWorld    - Clearing physics world
17:06:37.450 [FXGL Background Thread 1 ] DEBUG FXGL.GameScene       - Clearing game scene
17:06:37.450 [FXGL Background Thread 1 ] DEBUG InitAppTask          - Initializing Assets
17:06:37.451 [FXGL Background Thread 1 ] DEBUG InitAppTask          - Initializing Game
17:06:37.477 [FXGL Background Thread 1 ] DEBUG AssetLoader          - Loading from disk: /assets/textures/BackgroundUnderwater.jpg
17:06:37.505 [FXGL Background Thread 1 ] DEBUG FXGL.GameScene       - Creating render group for layer: TOP(2147483647)
17:06:37.508 [FXGL Background Thread 1 ] DEBUG AssetLoader          - Loading from disk: /assets/textures/diver-1.gif
17:06:37.528 [FXGL Background Thread 1 ] DEBUG InitAppTask          - Initializing Physics
17:06:37.529 [FXGL Background Thread 1 ] DEBUG InitAppTask          - Initializing UI
17:06:37.530 [FXGL Background Thread 1 ] DEBUG InitAppTask          - Initialization Complete
17:06:37.531 [FXGL Background Thread 1 ] INFO  InitAppTask          - Game initialization took: 0,081 sec
17:06:37.545 [JavaFX Application Thread] DEBUG Input                - Clearing active input actions
17:06:37.545 [JavaFX Application Thread] DEBUG AppStateMachine      - LoadingState -> PlayState
17:06:40.152 [JavaFX Application Thread] DEBUG GameApplication      - Exiting game application
17:06:40.153 [JavaFX Application Thread] DEBUG GameApplication      - Shutting down background threads
17:06:40.153 [JavaFX Application Thread] DEBUG GameApplication      - Exiting FXGL
17:06:40.154 [JavaFX Application Thread] DEBUG FXGL                 - Saving FXGL system data
17:06:40.154 [JavaFX Application Thread] DEBUG IOTask               - Executing task: writeDataTask(system/fxgl.bundle)
17:06:40.156 [JavaFX Application Thread] DEBUG FS                   - Writing to: system\fxgl.bundle
17:06:40.160 [JavaFX Application Thread] DEBUG IOTask               - Task succeeded: writeDataTask(system/fxgl.bundle)
17:06:40.160 [JavaFX Application Thread] DEBUG GameApplication      - Closing logger and exiting JavaFX
