17:05:34.692 [JavaFX Application Thread] DEBUG GameApplication      - Logger initialized
17:05:34.884 [JavaFX Application Thread] DEBUG GameApplication      - Starting FXGL
17:05:34.885 [JavaFX Application Thread] INFO  Version              - FXGL-0.4.0
17:05:34.885 [JavaFX Application Thread] INFO  Version              - Source code and latest versions at: https://github.com/AlmasB/FXGL
17:05:34.885 [JavaFX Application Thread] INFO  Version              -              Join the FXGL chat at: https://gitter.im/AlmasB/FXGL
17:05:34.919 [FXGL Launcher Thread     ] DEBUG FXGL                 - Loading FXGL system data
17:05:34.923 [FXGL Launcher Thread     ] DEBUG IOTask               - Executing task: readDataTask(system/fxgl.bundle)
17:05:34.929 [FXGL Launcher Thread     ] DEBUG FS                   - Reading from: system\fxgl.bundle
17:05:34.935 [FXGL Launcher Thread     ] DEBUG IOTask               - Task succeeded: readDataTask(system/fxgl.bundle)
17:05:34.936 [FXGL Launcher Thread     ] DEBUG Bundle               - Logging bundle: FXGL
17:05:34.936 [FXGL Launcher Thread     ] DEBUG Bundle               - FXGL.offline.timer.version.check=2018-01-30T12:29:41.871
17:05:34.937 [FXGL Launcher Thread     ] DEBUG GameApplication      - FXGL configuration complete
17:05:34.938 [FXGL Launcher Thread     ] INFO  GameApplication      - FXGL configuration took:  0,047 sec
17:05:34.938 [FXGL Launcher Thread     ] DEBUG GameApplication      - Logging game settings
Title: Test
Version: 0.0
Width: 800
Height: 600
Fullscreen: false
Intro: false
Menus: false
Profiling: false
Single step:false
App Mode: DEVELOPER
Menu Key: ESCAPE
Stage Style: DECORATED
Scene Factory: class com.almasb.fxgl.scene.SceneFactory
Dialog Factory: class com.almasb.fxgl.ui.FXGLDialogFactory
UI Factory: class com.almasb.fxgl.ui.FXGLUIFactory
Notification Service: class com.almasb.fxgl.gameplay.notification.XboxNotificationView
Exception Handler: class com.almasb.fxgl.app.FXGLExceptionHandler
17:05:34.942 [FXGL Launcher Thread     ] DEBUG GameApplication      - Configuring GameApplication
17:05:34.946 [FXGL Launcher Thread     ] DEBUG AppStateMachine      - Initializing application states
17:05:34.953 [FXGL Launcher Thread     ] DEBUG AssetLoader          - Loading from disk: /assets/ui/cursors/fxgl_default.png
17:05:34.969 [FXGL Launcher Thread     ] DEBUG AssetLoader          - Loading from disk: /assets/ui/cursors/fxgl_default.png
17:05:34.976 [FXGL Launcher Thread     ] DEBUG AssetLoader          - Loading from disk: /assets/sounds/core/notification.wav
17:05:34.994 [FXGL Launcher Thread     ] DEBUG AssetLoader          - Loading from disk: /assets/sounds/menu/select.wav
17:05:34.996 [FXGL Launcher Thread     ] DEBUG AssetLoader          - Loading from disk: /assets/sounds/menu/back.wav
17:05:35.000 [FXGL Launcher Thread     ] DEBUG AssetLoader          - Loading from disk: /assets/sounds/menu/press.wav
17:05:35.002 [FXGL Launcher Thread     ] DEBUG AssetLoader          - Loading from disk: /assets/ui/fonts/VarelaRound-Regular.ttf
17:05:35.129 [FXGL Launcher Thread     ] DEBUG AssetLoader          - Loading from disk: /assets/ui/fonts/lucida_console.ttf
17:05:35.152 [FXGL Launcher Thread     ] DEBUG AssetLoader          - Loading from disk: /assets/ui/css/fxgl_dark.css
17:05:35.152 [FXGL Launcher Thread     ] DEBUG AssetLoader          - Loading from disk: /assets/ui/icons/fxgl_icon.png
17:05:35.168 [FXGL Launcher Thread     ] DEBUG AssetLoader          - Loading from disk: /assets/ui/cursors/fxgl_default.png
17:05:35.186 [FXGL Launcher Thread     ] DEBUG FXGL.GameScene       - Game scene initialized: 800x600
17:05:35.188 [FXGL Launcher Thread     ] DEBUG FXGL.GameWorld       - Game world initialized
17:05:35.232 [FXGL Launcher Thread     ] DEBUG FXGL.PhysicsWorld    - Physics world initialized: appHeight=600, physics.ppm=50,0
17:05:35.258 [FXGL Launcher Thread     ] DEBUG Input                - Registered new binding: Pause - Esc
17:05:35.272 [FXGL Launcher Thread     ] INFO  GameApplication      - Game configuration took:  0,330 sec
17:05:35.278 [JavaFX Application Thread] DEBUG MainWindow           - Target size: 800.0 x 600.0 @ 1.0
17:05:35.278 [JavaFX Application Thread] DEBUG MainWindow           - New size:    800.0 x 600.0 @ 1.0
17:05:35.278 [JavaFX Application Thread] DEBUG MainWindow           - Opening main window
17:05:35.313 [JavaFX Application Thread] DEBUG MainWindow           - Root size:  800.0x600.0
17:05:35.313 [JavaFX Application Thread] DEBUG MainWindow           - Scene size: 800.0x600.0
17:05:35.313 [JavaFX Application Thread] DEBUG MainWindow           - Stage size: 806.0x629.0
17:05:35.313 [JavaFX Application Thread] DEBUG GameApplication      - Running preInit()
17:05:35.319 [JavaFX Application Thread] WARN  AnnotationParser     - BasicGameApp has no package or contains uppercase letters. Disabling annotations processing
17:05:35.321 [JavaFX Application Thread] DEBUG Input                - Registered new binding: Screenshot - P
17:05:35.322 [JavaFX Application Thread] DEBUG Input                - Registered new binding: Dev Options - CTRL+0
17:05:35.322 [JavaFX Application Thread] DEBUG Input                - Registered new binding: Swim Up - W
17:05:35.322 [JavaFX Application Thread] DEBUG Input                - Registered new binding: Swim Down - S
17:05:35.322 [JavaFX Application Thread] DEBUG Input                - Registered new binding: Swim Forward - D
17:05:35.322 [JavaFX Application Thread] DEBUG Input                - Registered new binding: Swim Backward - A
17:05:35.349 [JavaFX Application Thread] DEBUG GameApplication      - Starting main loop
17:05:35.355 [JavaFX Application Thread] DEBUG StartupState         - STARTUP
17:05:35.355 [JavaFX Application Thread] DEBUG GameApplication      - Starting new game
17:05:35.355 [JavaFX Application Thread] DEBUG Input                - Clearing active input actions
17:05:35.355 [JavaFX Application Thread] DEBUG AppStateMachine      - StartupState -> LoadingState
17:05:35.381 [JavaFX Application Thread] WARN  AnnotationParser     - BasicGameApp has no package or contains uppercase letters. Disabling annotations processing
17:05:35.381 [JavaFX Application Thread] DEBUG InitAppTask          - Parsing annotations
17:05:35.387 [FXGL Background Thread 1 ] DEBUG InitAppTask          - Clearing previous game
17:05:35.387 [FXGL Background Thread 1 ] DEBUG FXGL.GameWorld       - Clearing game world
17:05:35.388 [FXGL Background Thread 1 ] DEBUG FXGL.PhysicsWorld    - Clearing physics world
17:05:35.388 [FXGL Background Thread 1 ] DEBUG FXGL.GameScene       - Clearing game scene
17:05:35.388 [FXGL Background Thread 1 ] DEBUG InitAppTask          - Initializing Assets
17:05:35.389 [FXGL Background Thread 1 ] DEBUG InitAppTask          - Initializing Game
17:05:35.421 [FXGL Background Thread 1 ] DEBUG AssetLoader          - Loading from disk: /assets/textures/BackgroundUnderwater.jpg
17:05:35.450 [FXGL Background Thread 1 ] DEBUG FXGL.GameScene       - Creating render group for layer: TOP(2147483647)
17:05:35.453 [FXGL Background Thread 1 ] DEBUG AssetLoader          - Loading from disk: /assets/textures/diver-1.gif
17:05:35.473 [FXGL Background Thread 1 ] DEBUG InitAppTask          - Initializing Physics
17:05:35.473 [FXGL Background Thread 1 ] DEBUG InitAppTask          - Initializing UI
17:05:35.475 [FXGL Background Thread 1 ] DEBUG InitAppTask          - Initialization Complete
17:05:35.475 [FXGL Background Thread 1 ] INFO  InitAppTask          - Game initialization took: 0,089 sec
17:05:35.486 [JavaFX Application Thread] DEBUG Input                - Clearing active input actions
17:05:35.486 [JavaFX Application Thread] DEBUG AppStateMachine      - LoadingState -> PlayState
17:05:40.524 [JavaFX Application Thread] DEBUG AssetLoader          - Loading from disk: /assets/properties/languages/english.properties
17:05:40.526 [JavaFX Application Thread] DEBUG AppStateMachine      - Push state: DialogSubState
17:05:40.526 [JavaFX Application Thread] DEBUG Input                - Clearing active input actions
17:05:40.527 [JavaFX Application Thread] DEBUG AppStateMachine      - PlayState -> DialogSubState
17:05:42.052 [JavaFX Application Thread] DEBUG AppStateMachine      - Pop state: DialogSubState
17:05:42.052 [JavaFX Application Thread] DEBUG Input                - Clearing active input actions
17:05:42.053 [JavaFX Application Thread] DEBUG AppStateMachine      - PlayState <- DialogSubState
17:05:42.053 [JavaFX Application Thread] DEBUG GameApplication      - Exiting game application
17:05:42.054 [JavaFX Application Thread] DEBUG GameApplication      - Shutting down background threads
17:05:42.054 [JavaFX Application Thread] DEBUG GameApplication      - Exiting FXGL
17:05:42.054 [JavaFX Application Thread] DEBUG FXGL                 - Saving FXGL system data
17:05:42.055 [JavaFX Application Thread] DEBUG IOTask               - Executing task: writeDataTask(system/fxgl.bundle)
17:05:42.057 [JavaFX Application Thread] DEBUG FS                   - Writing to: system\fxgl.bundle
17:05:42.061 [JavaFX Application Thread] DEBUG IOTask               - Task succeeded: writeDataTask(system/fxgl.bundle)
17:05:42.061 [JavaFX Application Thread] DEBUG GameApplication      - Closing logger and exiting JavaFX
